{"D:\\Desktop\\Backend\\src\\app.controller.ts": {"path":"D:\\Desktop\\Backend\\src\\app.controller.ts","statementMap":{"0":{"start":{"line":1,"column":0},"end":{"line":1,"column":49}},"1":{"start":{"line":2,"column":0},"end":{"line":2,"column":43}},"2":{"start":{"line":5,"column":7},"end":{"line":12,"column":null}},"3":{"start":{"line":6,"column":31},"end":{"line":6,"column":43}},"4":{"start":{"line":10,"column":4},"end":{"line":10,"column":38}},"5":{"start":{"line":5,"column":13},"end":{"line":5,"column":26}},"6":{"start":{"line":9,"column":2},"end":{"line":11,"column":null}},"7":{"start":{"line":5,"column":13},"end":{"line":12,"column":null}}},"fnMap":{"0":{"name":"(anonymous_2)","decl":{"start":{"line":6,"column":2},"end":{"line":6,"column":31}},"loc":{"start":{"line":6,"column":53},"end":{"line":6,"column":57}}},"1":{"name":"(anonymous_3)","decl":{"start":{"line":9,"column":2},"end":{"line":9,"column":10}},"loc":{"start":{"line":9,"column":10},"end":{"line":11,"column":3}}}},"branchMap":{},"s":{"0":1,"1":1,"2":1,"3":1,"4":1,"5":1,"6":1,"7":1},"f":{"0":1,"1":1},"b":{}}
,"D:\\Desktop\\Backend\\src\\app.service.ts": {"path":"D:\\Desktop\\Backend\\src\\app.service.ts","statementMap":{"0":{"start":{"line":1,"column":0},"end":{"line":1,"column":44}},"1":{"start":{"line":4,"column":7},"end":{"line":8,"column":null}},"2":{"start":{"line":6,"column":4},"end":{"line":6,"column":26}},"3":{"start":{"line":4,"column":13},"end":{"line":4,"column":23}},"4":{"start":{"line":4,"column":13},"end":{"line":8,"column":null}}},"fnMap":{"0":{"name":"(anonymous_1)","decl":{"start":{"line":5,"column":2},"end":{"line":5,"column":10}},"loc":{"start":{"line":5,"column":10},"end":{"line":7,"column":3}}}},"branchMap":{},"s":{"0":1,"1":1,"2":1,"3":1,"4":1},"f":{"0":1},"b":{}}
,"D:\\Desktop\\Backend\\src\\common\\dto\\state-response.dto.ts": {"path":"D:\\Desktop\\Backend\\src\\common\\dto\\state-response.dto.ts","statementMap":{"0":{"start":{"line":1,"column":0},"end":{"line":1,"column":43}},"1":{"start":{"line":2,"column":0},"end":{"line":2,"column":53}},"2":{"start":{"line":4,"column":0},"end":{"line":4,"column":13}},"3":{"start":{"line":7,"column":4},"end":{"line":7,"column":null}},"4":{"start":{"line":10,"column":4},"end":{"line":10,"column":null}}},"fnMap":{},"branchMap":{},"s":{"0":2,"1":2,"2":2,"3":2,"4":2},"f":{},"b":{}}
,"D:\\Desktop\\Backend\\src\\common\\entities\\state.entity.ts": {"path":"D:\\Desktop\\Backend\\src\\common\\entities\\state.entity.ts","statementMap":{"0":{"start":{"line":1,"column":0},"end":{"line":1,"column":65}},"1":{"start":{"line":2,"column":0},"end":{"line":2,"column":71}},"2":{"start":{"line":3,"column":0},"end":{"line":3,"column":62}},"3":{"start":{"line":4,"column":0},"end":{"line":4,"column":87}},"4":{"start":{"line":6,"column":0},"end":{"line":6,"column":null}},"5":{"start":{"line":7,"column":4},"end":{"line":7,"column":null}},"6":{"start":{"line":8,"column":4},"end":{"line":8,"column":null}},"7":{"start":{"line":9,"column":4},"end":{"line":9,"column":null}},"8":{"start":{"line":10,"column":4},"end":{"line":10,"column":null}},"9":{"start":{"line":14,"column":7},"end":{"line":30,"column":null}},"10":{"start":{"line":14,"column":13},"end":{"line":14,"column":18}},"11":{"start":{"line":17,"column":4},"end":{"line":17,"column":null}},"12":{"start":{"line":20,"column":4},"end":{"line":20,"column":null}},"13":{"start":{"line":23,"column":4},"end":{"line":23,"column":null}},"14":{"start":{"line":22,"column":21},"end":{"line":22,"column":26}},"15":{"start":{"line":22,"column":39},"end":{"line":22,"column":50}},"16":{"start":{"line":26,"column":4},"end":{"line":26,"column":null}},"17":{"start":{"line":25,"column":21},"end":{"line":25,"column":28}},"18":{"start":{"line":25,"column":43},"end":{"line":25,"column":56}},"19":{"start":{"line":29,"column":4},"end":{"line":29,"column":null}},"20":{"start":{"line":28,"column":21},"end":{"line":28,"column":25}},"21":{"start":{"line":28,"column":35},"end":{"line":28,"column":45}},"22":{"start":{"line":14,"column":13},"end":{"line":30,"column":null}}},"fnMap":{"0":{"name":"(anonymous_2)","decl":{"start":{"line":6,"column":0},"end":{"line":6,"column":12}},"loc":{"start":{"line":6,"column":21},"end":{"line":11,"column":1}}},"1":{"name":"(anonymous_3)","decl":{"start":{"line":22,"column":15},"end":{"line":22,"column":18}},"loc":{"start":{"line":22,"column":21},"end":{"line":22,"column":26}}},"2":{"name":"(anonymous_4)","decl":{"start":{"line":22,"column":28},"end":{"line":22,"column":29}},"loc":{"start":{"line":22,"column":39},"end":{"line":22,"column":50}}},"3":{"name":"(anonymous_5)","decl":{"start":{"line":25,"column":15},"end":{"line":25,"column":18}},"loc":{"start":{"line":25,"column":21},"end":{"line":25,"column":28}}},"4":{"name":"(anonymous_6)","decl":{"start":{"line":25,"column":30},"end":{"line":25,"column":31}},"loc":{"start":{"line":25,"column":43},"end":{"line":25,"column":56}}},"5":{"name":"(anonymous_7)","decl":{"start":{"line":28,"column":15},"end":{"line":28,"column":18}},"loc":{"start":{"line":28,"column":21},"end":{"line":28,"column":25}}},"6":{"name":"(anonymous_8)","decl":{"start":{"line":28,"column":27},"end":{"line":28,"column":31}},"loc":{"start":{"line":28,"column":35},"end":{"line":28,"column":45}}}},"branchMap":{"0":{"loc":{"start":{"line":6,"column":12},"end":{"line":6,"column":null}},"type":"binary-expr","locations":[{"start":{"line":6,"column":12},"end":{"line":6,"column":21}},{"start":{"line":6,"column":21},"end":{"line":6,"column":null}}]}},"s":{"0":2,"1":2,"2":2,"3":2,"4":2,"5":2,"6":2,"7":2,"8":2,"9":2,"10":2,"11":2,"12":2,"13":2,"14":0,"15":0,"16":2,"17":0,"18":0,"19":2,"20":0,"21":0,"22":2},"f":{"0":2,"1":0,"2":0,"3":0,"4":0,"5":0,"6":0},"b":{"0":[2,2]}}
,"D:\\Desktop\\Backend\\src\\modules\\areas\\dto\\area-respose.dto.ts": {"path":"D:\\Desktop\\Backend\\src\\modules\\areas\\dto\\area-respose.dto.ts","statementMap":{"0":{"start":{"line":1,"column":0},"end":{"line":1,"column":49}},"1":{"start":{"line":2,"column":0},"end":{"line":2,"column":74}},"2":{"start":{"line":4,"column":0},"end":{"line":4,"column":13}},"3":{"start":{"line":6,"column":2},"end":{"line":6,"column":null}},"4":{"start":{"line":9,"column":2},"end":{"line":9,"column":null}},"5":{"start":{"line":13,"column":2},"end":{"line":13,"column":null}},"6":{"start":{"line":12,"column":14},"end":{"line":12,"column":29}}},"fnMap":{"0":{"name":"(anonymous_2)","decl":{"start":{"line":12,"column":8},"end":{"line":12,"column":11}},"loc":{"start":{"line":12,"column":14},"end":{"line":12,"column":29}}}},"branchMap":{},"s":{"0":2,"1":2,"2":2,"3":2,"4":2,"5":2,"6":0},"f":{"0":0},"b":{}}
,"D:\\Desktop\\Backend\\src\\modules\\areas\\entities\\area.entity.ts": {"path":"D:\\Desktop\\Backend\\src\\modules\\areas\\entities\\area.entity.ts","statementMap":{"0":{"start":{"line":1,"column":0},"end":{"line":1,"column":76}},"1":{"start":{"line":2,"column":0},"end":{"line":2,"column":62}},"2":{"start":{"line":3,"column":0},"end":{"line":3,"column":62}},"3":{"start":{"line":6,"column":7},"end":{"line":18,"column":null}},"4":{"start":{"line":6,"column":13},"end":{"line":6,"column":17}},"5":{"start":{"line":8,"column":2},"end":{"line":8,"column":null}},"6":{"start":{"line":11,"column":2},"end":{"line":11,"column":null}},"7":{"start":{"line":14,"column":2},"end":{"line":14,"column":null}},"8":{"start":{"line":13,"column":19},"end":{"line":13,"column":23}},"9":{"start":{"line":13,"column":35},"end":{"line":13,"column":44}},"10":{"start":{"line":17,"column":2},"end":{"line":17,"column":null}},"11":{"start":{"line":16,"column":19},"end":{"line":16,"column":23}},"12":{"start":{"line":16,"column":35},"end":{"line":16,"column":44}},"13":{"start":{"line":6,"column":13},"end":{"line":18,"column":null}}},"fnMap":{"0":{"name":"(anonymous_2)","decl":{"start":{"line":13,"column":13},"end":{"line":13,"column":16}},"loc":{"start":{"line":13,"column":19},"end":{"line":13,"column":23}}},"1":{"name":"(anonymous_3)","decl":{"start":{"line":13,"column":25},"end":{"line":13,"column":26}},"loc":{"start":{"line":13,"column":35},"end":{"line":13,"column":44}}},"2":{"name":"(anonymous_4)","decl":{"start":{"line":16,"column":13},"end":{"line":16,"column":16}},"loc":{"start":{"line":16,"column":19},"end":{"line":16,"column":23}}},"3":{"name":"(anonymous_5)","decl":{"start":{"line":16,"column":25},"end":{"line":16,"column":26}},"loc":{"start":{"line":16,"column":35},"end":{"line":16,"column":44}}}},"branchMap":{},"s":{"0":2,"1":2,"2":2,"3":2,"4":2,"5":2,"6":2,"7":2,"8":0,"9":0,"10":2,"11":0,"12":0,"13":2},"f":{"0":0,"1":0,"2":0,"3":0},"b":{}}
,"D:\\Desktop\\Backend\\src\\modules\\categories\\categories.service.ts": {"path":"D:\\Desktop\\Backend\\src\\modules\\categories\\categories.service.ts","statementMap":{"0":{"start":{"line":1,"column":0},"end":{"line":1,"column":84}},"1":{"start":{"line":2,"column":0},"end":{"line":2,"column":51}},"2":{"start":{"line":3,"column":0},"end":{"line":3,"column":42}},"3":{"start":{"line":4,"column":0},"end":{"line":4,"column":54}},"4":{"start":{"line":7,"column":0},"end":{"line":7,"column":66}},"5":{"start":{"line":8,"column":0},"end":{"line":8,"column":52}},"6":{"start":{"line":11,"column":7},"end":{"line":82,"column":null}},"7":{"start":{"line":14,"column":21},"end":{"line":14,"column":41}},"8":{"start":{"line":18,"column":23},"end":{"line":18,"column":59}},"9":{"start":{"line":20,"column":4},"end":{"line":22,"column":5}},"10":{"start":{"line":21,"column":6},"end":{"line":21,"column":71}},"11":{"start":{"line":24,"column":4},"end":{"line":24,"column":111}},"12":{"start":{"line":24,"column":33},"end":{"line":24,"column":109}},"13":{"start":{"line":28,"column":21},"end":{"line":28,"column":81}},"14":{"start":{"line":30,"column":4},"end":{"line":32,"column":5}},"15":{"start":{"line":31,"column":6},"end":{"line":31,"column":61}},"16":{"start":{"line":34,"column":4},"end":{"line":34,"column":93}},"17":{"start":{"line":38,"column":21},"end":{"line":38,"column":91}},"18":{"start":{"line":40,"column":4},"end":{"line":42,"column":5}},"19":{"start":{"line":41,"column":6},"end":{"line":41,"column":62}},"20":{"start":{"line":44,"column":24},"end":{"line":44,"column":70}},"21":{"start":{"line":45,"column":18},"end":{"line":45,"column":65}},"22":{"start":{"line":47,"column":4},"end":{"line":47,"column":90}},"23":{"start":{"line":52,"column":21},"end":{"line":52,"column":95}},"24":{"start":{"line":54,"column":4},"end":{"line":56,"column":5}},"25":{"start":{"line":55,"column":6},"end":{"line":55,"column":61}},"26":{"start":{"line":58,"column":4},"end":{"line":65,"column":5}},"27":{"start":{"line":59,"column":35},"end":{"line":59,"column":125}},"28":{"start":{"line":61,"column":6},"end":{"line":64,"column":7}},"29":{"start":{"line":63,"column":8},"end":{"line":63,"column":81}},"30":{"start":{"line":67,"column":18},"end":{"line":67,"column":62}},"31":{"start":{"line":68,"column":4},"end":{"line":68,"column":90}},"32":{"start":{"line":72,"column":21},"end":{"line":72,"column":81}},"33":{"start":{"line":74,"column":4},"end":{"line":76,"column":5}},"34":{"start":{"line":75,"column":6},"end":{"line":75,"column":61}},"35":{"start":{"line":78,"column":4},"end":{"line":78,"column":51}},"36":{"start":{"line":80,"column":4},"end":{"line":80,"column":93}},"37":{"start":{"line":11,"column":13},"end":{"line":11,"column":30}},"38":{"start":{"line":11,"column":13},"end":{"line":82,"column":null}}},"fnMap":{"0":{"name":"(anonymous_4)","decl":{"start":{"line":12,"column":2},"end":{"line":12,"column":null}},"loc":{"start":{"line":14,"column":61},"end":{"line":15,"column":6}}},"1":{"name":"(anonymous_5)","decl":{"start":{"line":17,"column":2},"end":{"line":17,"column":7}},"loc":{"start":{"line":17,"column":15},"end":{"line":25,"column":3}}},"2":{"name":"(anonymous_6)","decl":{"start":{"line":24,"column":26},"end":{"line":24,"column":29}},"loc":{"start":{"line":24,"column":33},"end":{"line":24,"column":109}}},"3":{"name":"(anonymous_7)","decl":{"start":{"line":27,"column":2},"end":{"line":27,"column":7}},"loc":{"start":{"line":27,"column":27},"end":{"line":35,"column":3}}},"4":{"name":"(anonymous_8)","decl":{"start":{"line":37,"column":2},"end":{"line":37,"column":7}},"loc":{"start":{"line":37,"column":56},"end":{"line":48,"column":3}}},"5":{"name":"(anonymous_9)","decl":{"start":{"line":50,"column":2},"end":{"line":50,"column":7}},"loc":{"start":{"line":50,"column":68},"end":{"line":69,"column":3}}},"6":{"name":"(anonymous_10)","decl":{"start":{"line":71,"column":2},"end":{"line":71,"column":7}},"loc":{"start":{"line":71,"column":33},"end":{"line":81,"column":3}}}},"branchMap":{"0":{"loc":{"start":{"line":20,"column":4},"end":{"line":22,"column":5}},"type":"if","locations":[{"start":{"line":20,"column":4},"end":{"line":22,"column":5}},{"start":{},"end":{}}]},"1":{"loc":{"start":{"line":20,"column":8},"end":{"line":20,"column":46}},"type":"binary-expr","locations":[{"start":{"line":20,"column":8},"end":{"line":20,"column":19}},{"start":{"line":20,"column":23},"end":{"line":20,"column":46}}]},"2":{"loc":{"start":{"line":30,"column":4},"end":{"line":32,"column":5}},"type":"if","locations":[{"start":{"line":30,"column":4},"end":{"line":32,"column":5}},{"start":{},"end":{}}]},"3":{"loc":{"start":{"line":40,"column":4},"end":{"line":42,"column":5}},"type":"if","locations":[{"start":{"line":40,"column":4},"end":{"line":42,"column":5}},{"start":{},"end":{}}]},"4":{"loc":{"start":{"line":54,"column":4},"end":{"line":56,"column":5}},"type":"if","locations":[{"start":{"line":54,"column":4},"end":{"line":56,"column":5}},{"start":{},"end":{}}]},"5":{"loc":{"start":{"line":58,"column":4},"end":{"line":65,"column":5}},"type":"if","locations":[{"start":{"line":58,"column":4},"end":{"line":65,"column":5}},{"start":{},"end":{}}]},"6":{"loc":{"start":{"line":61,"column":6},"end":{"line":64,"column":7}},"type":"if","locations":[{"start":{"line":61,"column":6},"end":{"line":64,"column":7}},{"start":{},"end":{}}]},"7":{"loc":{"start":{"line":74,"column":4},"end":{"line":76,"column":5}},"type":"if","locations":[{"start":{"line":74,"column":4},"end":{"line":76,"column":5}},{"start":{},"end":{}}]}},"s":{"0":1,"1":1,"2":1,"3":1,"4":1,"5":1,"6":1,"7":0,"8":0,"9":0,"10":0,"11":0,"12":0,"13":0,"14":0,"15":0,"16":0,"17":0,"18":0,"19":0,"20":0,"21":0,"22":0,"23":0,"24":0,"25":0,"26":0,"27":0,"28":0,"29":0,"30":0,"31":0,"32":0,"33":0,"34":0,"35":0,"36":0,"37":1,"38":1},"f":{"0":0,"1":0,"2":0,"3":0,"4":0,"5":0,"6":0},"b":{"0":[0,0],"1":[0,0],"2":[0,0],"3":[0,0],"4":[0,0],"5":[0,0],"6":[0,0],"7":[0,0]}}
,"D:\\Desktop\\Backend\\src\\modules\\categories\\dto\\category-response.dto.ts": {"path":"D:\\Desktop\\Backend\\src\\modules\\categories\\dto\\category-response.dto.ts","statementMap":{"0":{"start":{"line":1,"column":0},"end":{"line":1,"column":43}},"1":{"start":{"line":3,"column":0},"end":{"line":3,"column":13}},"2":{"start":{"line":6,"column":2},"end":{"line":6,"column":null}},"3":{"start":{"line":9,"column":2},"end":{"line":9,"column":null}},"4":{"start":{"line":12,"column":2},"end":{"line":12,"column":null}}},"fnMap":{},"branchMap":{},"s":{"0":1,"1":1,"2":1,"3":1,"4":1},"f":{},"b":{}}
,"D:\\Desktop\\Backend\\src\\modules\\categories\\entities\\category.entity.ts": {"path":"D:\\Desktop\\Backend\\src\\modules\\categories\\entities\\category.entity.ts","statementMap":{"0":{"start":{"line":1,"column":0},"end":{"line":1,"column":76}},"1":{"start":{"line":2,"column":0},"end":{"line":2,"column":62}},"2":{"start":{"line":3,"column":0},"end":{"line":3,"column":71}},"3":{"start":{"line":6,"column":7},"end":{"line":21,"column":null}},"4":{"start":{"line":6,"column":13},"end":{"line":6,"column":21}},"5":{"start":{"line":8,"column":2},"end":{"line":8,"column":null}},"6":{"start":{"line":11,"column":2},"end":{"line":11,"column":null}},"7":{"start":{"line":14,"column":2},"end":{"line":14,"column":null}},"8":{"start":{"line":17,"column":2},"end":{"line":17,"column":null}},"9":{"start":{"line":16,"column":19},"end":{"line":16,"column":23}},"10":{"start":{"line":16,"column":35},"end":{"line":16,"column":48}},"11":{"start":{"line":20,"column":2},"end":{"line":20,"column":null}},"12":{"start":{"line":19,"column":19},"end":{"line":19,"column":26}},"13":{"start":{"line":19,"column":41},"end":{"line":19,"column":57}},"14":{"start":{"line":6,"column":13},"end":{"line":21,"column":null}}},"fnMap":{"0":{"name":"(anonymous_2)","decl":{"start":{"line":16,"column":13},"end":{"line":16,"column":16}},"loc":{"start":{"line":16,"column":19},"end":{"line":16,"column":23}}},"1":{"name":"(anonymous_3)","decl":{"start":{"line":16,"column":25},"end":{"line":16,"column":26}},"loc":{"start":{"line":16,"column":35},"end":{"line":16,"column":48}}},"2":{"name":"(anonymous_4)","decl":{"start":{"line":19,"column":13},"end":{"line":19,"column":16}},"loc":{"start":{"line":19,"column":19},"end":{"line":19,"column":26}}},"3":{"name":"(anonymous_5)","decl":{"start":{"line":19,"column":28},"end":{"line":19,"column":29}},"loc":{"start":{"line":19,"column":41},"end":{"line":19,"column":57}}}},"branchMap":{},"s":{"0":2,"1":2,"2":2,"3":2,"4":2,"5":2,"6":2,"7":2,"8":2,"9":0,"10":0,"11":2,"12":0,"13":0,"14":2},"f":{"0":0,"1":0,"2":0,"3":0},"b":{}}
,"D:\\Desktop\\Backend\\src\\modules\\customers\\customers.service.ts": {"path":"D:\\Desktop\\Backend\\src\\modules\\customers\\customers.service.ts","statementMap":{"0":{"start":{"line":1,"column":0},"end":{"line":1,"column":82}},"1":{"start":{"line":2,"column":0},"end":{"line":2,"column":51}},"2":{"start":{"line":3,"column":0},"end":{"line":3,"column":54}},"3":{"start":{"line":4,"column":0},"end":{"line":4,"column":37}},"4":{"start":{"line":5,"column":0},"end":{"line":5,"column":66}},"5":{"start":{"line":6,"column":0},"end":{"line":6,"column":52}},"6":{"start":{"line":11,"column":7},"end":{"line":68,"column":null}},"7":{"start":{"line":12,"column":60},"end":{"line":12,"column":80}},"8":{"start":{"line":15,"column":26},"end":{"line":15,"column":62}},"9":{"start":{"line":17,"column":8},"end":{"line":19,"column":9}},"10":{"start":{"line":18,"column":12},"end":{"line":18,"column":70}},"11":{"start":{"line":21,"column":8},"end":{"line":21,"column":null}},"12":{"start":{"line":21,"column":41},"end":{"line":21,"column":119}},"13":{"start":{"line":25,"column":25},"end":{"line":25,"column":83}},"14":{"start":{"line":27,"column":8},"end":{"line":29,"column":9}},"15":{"start":{"line":28,"column":12},"end":{"line":28,"column":64}},"16":{"start":{"line":31,"column":8},"end":{"line":31,"column":null}},"17":{"start":{"line":35,"column":39},"end":{"line":35,"column":119}},"18":{"start":{"line":37,"column":8},"end":{"line":39,"column":9}},"19":{"start":{"line":38,"column":12},"end":{"line":38,"column":109}},"20":{"start":{"line":41,"column":28},"end":{"line":41,"column":74}},"21":{"start":{"line":42,"column":30},"end":{"line":42,"column":77}},"22":{"start":{"line":44,"column":8},"end":{"line":44,"column":102}},"23":{"start":{"line":49,"column":33},"end":{"line":49,"column":120}},"24":{"start":{"line":51,"column":8},"end":{"line":53,"column":9}},"25":{"start":{"line":52,"column":12},"end":{"line":52,"column":88}},"26":{"start":{"line":56,"column":8},"end":{"line":62,"column":9}},"27":{"start":{"line":57,"column":43},"end":{"line":57,"column":123}},"28":{"start":{"line":59,"column":12},"end":{"line":61,"column":13}},"29":{"start":{"line":60,"column":16},"end":{"line":60,"column":116}},"30":{"start":{"line":64,"column":30},"end":{"line":64,"column":82}},"31":{"start":{"line":65,"column":8},"end":{"line":65,"column":102}},"32":{"start":{"line":11,"column":13},"end":{"line":11,"column":29}},"33":{"start":{"line":11,"column":13},"end":{"line":68,"column":null}}},"fnMap":{"0":{"name":"(anonymous_4)","decl":{"start":{"line":12,"column":4},"end":{"line":12,"column":17}},"loc":{"start":{"line":12,"column":100},"end":{"line":12,"column":104}}},"1":{"name":"(anonymous_5)","decl":{"start":{"line":14,"column":4},"end":{"line":14,"column":9}},"loc":{"start":{"line":14,"column":17},"end":{"line":22,"column":5}}},"2":{"name":"(anonymous_6)","decl":{"start":{"line":21,"column":29},"end":{"line":21,"column":37}},"loc":{"start":{"line":21,"column":41},"end":{"line":21,"column":119}}},"3":{"name":"(anonymous_7)","decl":{"start":{"line":24,"column":4},"end":{"line":24,"column":9}},"loc":{"start":{"line":24,"column":28},"end":{"line":32,"column":5}}},"4":{"name":"(anonymous_8)","decl":{"start":{"line":34,"column":4},"end":{"line":34,"column":9}},"loc":{"start":{"line":34,"column":58},"end":{"line":45,"column":5}}},"5":{"name":"(anonymous_9)","decl":{"start":{"line":47,"column":4},"end":{"line":47,"column":9}},"loc":{"start":{"line":47,"column":82},"end":{"line":66,"column":5}}}},"branchMap":{"0":{"loc":{"start":{"line":17,"column":8},"end":{"line":19,"column":9}},"type":"if","locations":[{"start":{"line":17,"column":8},"end":{"line":19,"column":9}},{"start":{},"end":{}}]},"1":{"loc":{"start":{"line":17,"column":11},"end":{"line":17,"column":47}},"type":"binary-expr","locations":[{"start":{"line":17,"column":11},"end":{"line":17,"column":21}},{"start":{"line":17,"column":25},"end":{"line":17,"column":47}}]},"2":{"loc":{"start":{"line":27,"column":8},"end":{"line":29,"column":9}},"type":"if","locations":[{"start":{"line":27,"column":8},"end":{"line":29,"column":9}},{"start":{},"end":{}}]},"3":{"loc":{"start":{"line":37,"column":8},"end":{"line":39,"column":9}},"type":"if","locations":[{"start":{"line":37,"column":8},"end":{"line":39,"column":9}},{"start":{},"end":{}}]},"4":{"loc":{"start":{"line":51,"column":8},"end":{"line":53,"column":9}},"type":"if","locations":[{"start":{"line":51,"column":8},"end":{"line":53,"column":9}},{"start":{},"end":{}}]},"5":{"loc":{"start":{"line":56,"column":8},"end":{"line":62,"column":9}},"type":"if","locations":[{"start":{"line":56,"column":8},"end":{"line":62,"column":9}},{"start":{},"end":{}}]},"6":{"loc":{"start":{"line":59,"column":12},"end":{"line":61,"column":13}},"type":"if","locations":[{"start":{"line":59,"column":12},"end":{"line":61,"column":13}},{"start":{},"end":{}}]},"7":{"loc":{"start":{"line":59,"column":16},"end":{"line":59,"column":92}},"type":"binary-expr","locations":[{"start":{"line":59,"column":16},"end":{"line":59,"column":38}},{"start":{"line":59,"column":42},"end":{"line":59,"column":92}}]}},"s":{"0":1,"1":1,"2":1,"3":1,"4":1,"5":1,"6":1,"7":0,"8":0,"9":0,"10":0,"11":0,"12":0,"13":0,"14":0,"15":0,"16":0,"17":0,"18":0,"19":0,"20":0,"21":0,"22":0,"23":0,"24":0,"25":0,"26":0,"27":0,"28":0,"29":0,"30":0,"31":0,"32":1,"33":1},"f":{"0":0,"1":0,"2":0,"3":0,"4":0,"5":0},"b":{"0":[0,0],"1":[0,0],"2":[0,0],"3":[0,0],"4":[0,0],"5":[0,0],"6":[0,0],"7":[0,0]}}
,"D:\\Desktop\\Backend\\src\\modules\\customers\\dto\\customer-response.dto.ts": {"path":"D:\\Desktop\\Backend\\src\\modules\\customers\\dto\\customer-response.dto.ts","statementMap":{"0":{"start":{"line":1,"column":0},"end":{"line":1,"column":43}},"1":{"start":{"line":3,"column":0},"end":{"line":3,"column":13}},"2":{"start":{"line":6,"column":4},"end":{"line":6,"column":null}},"3":{"start":{"line":9,"column":4},"end":{"line":9,"column":null}},"4":{"start":{"line":12,"column":4},"end":{"line":12,"column":null}},"5":{"start":{"line":15,"column":4},"end":{"line":15,"column":null}}},"fnMap":{},"branchMap":{},"s":{"0":1,"1":1,"2":1,"3":1,"4":1,"5":1},"f":{},"b":{}}
,"D:\\Desktop\\Backend\\src\\modules\\customers\\entities\\customer.entity.ts": {"path":"D:\\Desktop\\Backend\\src\\modules\\customers\\entities\\customer.entity.ts","statementMap":{"0":{"start":{"line":1,"column":0},"end":{"line":1,"column":65}},"1":{"start":{"line":2,"column":0},"end":{"line":2,"column":76}},"2":{"start":{"line":5,"column":7},"end":{"line":21,"column":null}},"3":{"start":{"line":5,"column":13},"end":{"line":5,"column":21}},"4":{"start":{"line":8,"column":2},"end":{"line":8,"column":null}},"5":{"start":{"line":11,"column":2},"end":{"line":11,"column":null}},"6":{"start":{"line":14,"column":2},"end":{"line":14,"column":null}},"7":{"start":{"line":17,"column":2},"end":{"line":17,"column":null}},"8":{"start":{"line":20,"column":2},"end":{"line":20,"column":null}},"9":{"start":{"line":19,"column":19},"end":{"line":19,"column":24}},"10":{"start":{"line":19,"column":37},"end":{"line":19,"column":51}},"11":{"start":{"line":5,"column":13},"end":{"line":21,"column":null}}},"fnMap":{"0":{"name":"(anonymous_2)","decl":{"start":{"line":19,"column":13},"end":{"line":19,"column":16}},"loc":{"start":{"line":19,"column":19},"end":{"line":19,"column":24}}},"1":{"name":"(anonymous_3)","decl":{"start":{"line":19,"column":26},"end":{"line":19,"column":27}},"loc":{"start":{"line":19,"column":37},"end":{"line":19,"column":51}}}},"branchMap":{},"s":{"0":2,"1":2,"2":2,"3":2,"4":2,"5":2,"6":2,"7":2,"8":2,"9":0,"10":0,"11":2},"f":{"0":0,"1":0},"b":{}}
,"D:\\Desktop\\Backend\\src\\modules\\employees\\employees.service.ts": {"path":"D:\\Desktop\\Backend\\src\\modules\\employees\\employees.service.ts","statementMap":{"0":{"start":{"line":1,"column":0},"end":{"line":1,"column":84}},"1":{"start":{"line":2,"column":0},"end":{"line":2,"column":51}},"2":{"start":{"line":3,"column":0},"end":{"line":3,"column":62}},"3":{"start":{"line":4,"column":0},"end":{"line":4,"column":41}},"4":{"start":{"line":5,"column":0},"end":{"line":5,"column":54}},"5":{"start":{"line":6,"column":0},"end":{"line":6,"column":66}},"6":{"start":{"line":7,"column":0},"end":{"line":7,"column":52}},"7":{"start":{"line":9,"column":0},"end":{"line":9,"column":33}},"8":{"start":{"line":11,"column":0},"end":{"line":11,"column":79}},"9":{"start":{"line":15,"column":7},"end":{"line":133,"column":null}},"10":{"start":{"line":18,"column":44},"end":{"line":18,"column":64}},"11":{"start":{"line":19,"column":25},"end":{"line":19,"column":39}},"12":{"start":{"line":23,"column":26},"end":{"line":23,"column":85}},"13":{"start":{"line":25,"column":8},"end":{"line":27,"column":9}},"14":{"start":{"line":26,"column":12},"end":{"line":26,"column":null}},"15":{"start":{"line":28,"column":8},"end":{"line":28,"column":null}},"16":{"start":{"line":28,"column":41},"end":{"line":28,"column":122}},"17":{"start":{"line":32,"column":25},"end":{"line":32,"column":111}},"18":{"start":{"line":34,"column":8},"end":{"line":36,"column":9}},"19":{"start":{"line":35,"column":12},"end":{"line":35,"column":67}},"20":{"start":{"line":38,"column":8},"end":{"line":38,"column":null}},"21":{"start":{"line":42,"column":25},"end":{"line":42,"column":98}},"22":{"start":{"line":44,"column":8},"end":{"line":46,"column":9}},"23":{"start":{"line":45,"column":12},"end":{"line":45,"column":67}},"24":{"start":{"line":48,"column":8},"end":{"line":48,"column":null}},"25":{"start":{"line":52,"column":25},"end":{"line":52,"column":112}},"26":{"start":{"line":54,"column":8},"end":{"line":56,"column":9}},"27":{"start":{"line":55,"column":12},"end":{"line":55,"column":24}},"28":{"start":{"line":58,"column":8},"end":{"line":58,"column":24}},"29":{"start":{"line":62,"column":33},"end":{"line":62,"column":99}},"30":{"start":{"line":64,"column":8},"end":{"line":66,"column":9}},"31":{"start":{"line":65,"column":12},"end":{"line":65,"column":null}},"32":{"start":{"line":68,"column":29},"end":{"line":68,"column":85}},"33":{"start":{"line":69,"column":27},"end":{"line":69,"column":29}},"34":{"start":{"line":70,"column":31},"end":{"line":70,"column":85}},"35":{"start":{"line":71,"column":28},"end":{"line":71,"column":149}},"36":{"start":{"line":72,"column":30},"end":{"line":72,"column":77}},"37":{"start":{"line":73,"column":8},"end":{"line":73,"column":null}},"38":{"start":{"line":77,"column":25},"end":{"line":77,"column":102}},"39":{"start":{"line":79,"column":8},"end":{"line":81,"column":9}},"40":{"start":{"line":80,"column":12},"end":{"line":80,"column":81}},"41":{"start":{"line":84,"column":8},"end":{"line":87,"column":9}},"42":{"start":{"line":85,"column":31},"end":{"line":85,"column":33}},"43":{"start":{"line":86,"column":12},"end":{"line":86,"column":87}},"44":{"start":{"line":89,"column":30},"end":{"line":89,"column":74}},"45":{"start":{"line":90,"column":8},"end":{"line":90,"column":109}},"46":{"start":{"line":94,"column":33},"end":{"line":94,"column":93}},"47":{"start":{"line":96,"column":8},"end":{"line":98,"column":9}},"48":{"start":{"line":97,"column":12},"end":{"line":97,"column":null}},"49":{"start":{"line":101,"column":8},"end":{"line":101,"column":49}},"50":{"start":{"line":102,"column":8},"end":{"line":102,"column":61}},"51":{"start":{"line":103,"column":8},"end":{"line":103,"column":null}},"52":{"start":{"line":107,"column":8},"end":{"line":107,"column":50}},"53":{"start":{"line":109,"column":33},"end":{"line":109,"column":34}},"54":{"start":{"line":110,"column":36},"end":{"line":110,"column":37}},"55":{"start":{"line":112,"column":26},"end":{"line":112,"column":106}},"56":{"start":{"line":114,"column":8},"end":{"line":116,"column":9}},"57":{"start":{"line":115,"column":12},"end":{"line":115,"column":97}},"58":{"start":{"line":119,"column":38},"end":{"line":127,"column":10}},"59":{"start":{"line":120,"column":32},"end":{"line":124,"column":19}},"60":{"start":{"line":122,"column":20},"end":{"line":123,"column":57}},"61":{"start":{"line":126,"column":12},"end":{"line":126,"column":62}},"62":{"start":{"line":129,"column":8},"end":{"line":129,"column":70}},"63":{"start":{"line":129,"column":45},"end":{"line":129,"column":68}},"64":{"start":{"line":131,"column":8},"end":{"line":131,"column":49}},"65":{"start":{"line":15,"column":13},"end":{"line":15,"column":29}},"66":{"start":{"line":15,"column":13},"end":{"line":133,"column":null}}},"fnMap":{"0":{"name":"(anonymous_13)","decl":{"start":{"line":17,"column":4},"end":{"line":17,"column":null}},"loc":{"start":{"line":19,"column":51},"end":{"line":20,"column":9}}},"1":{"name":"(anonymous_14)","decl":{"start":{"line":22,"column":4},"end":{"line":22,"column":9}},"loc":{"start":{"line":22,"column":17},"end":{"line":29,"column":5}}},"2":{"name":"(anonymous_15)","decl":{"start":{"line":28,"column":29},"end":{"line":28,"column":37}},"loc":{"start":{"line":28,"column":41},"end":{"line":28,"column":122}}},"3":{"name":"(anonymous_16)","decl":{"start":{"line":31,"column":4},"end":{"line":31,"column":9}},"loc":{"start":{"line":31,"column":29},"end":{"line":39,"column":5}}},"4":{"name":"(anonymous_17)","decl":{"start":{"line":41,"column":4},"end":{"line":41,"column":9}},"loc":{"start":{"line":41,"column":29},"end":{"line":49,"column":5}}},"5":{"name":"(anonymous_18)","decl":{"start":{"line":51,"column":4},"end":{"line":51,"column":9}},"loc":{"start":{"line":51,"column":37},"end":{"line":59,"column":5}}},"6":{"name":"(anonymous_19)","decl":{"start":{"line":61,"column":4},"end":{"line":61,"column":9}},"loc":{"start":{"line":61,"column":58},"end":{"line":74,"column":5}}},"7":{"name":"(anonymous_20)","decl":{"start":{"line":76,"column":4},"end":{"line":76,"column":9}},"loc":{"start":{"line":76,"column":70},"end":{"line":91,"column":5}}},"8":{"name":"(anonymous_21)","decl":{"start":{"line":93,"column":4},"end":{"line":93,"column":9}},"loc":{"start":{"line":93,"column":35},"end":{"line":104,"column":5}}},"9":{"name":"(anonymous_22)","decl":{"start":{"line":106,"column":4},"end":{"line":106,"column":9}},"loc":{"start":{"line":106,"column":55},"end":{"line":132,"column":5}}},"10":{"name":"(anonymous_23)","decl":{"start":{"line":119,"column":52},"end":{"line":119,"column":60}},"loc":{"start":{"line":119,"column":63},"end":{"line":127,"column":9}}},"11":{"name":"(anonymous_24)","decl":{"start":{"line":121,"column":16},"end":{"line":121,"column":20}},"loc":{"start":{"line":122,"column":20},"end":{"line":123,"column":57}}},"12":{"name":"(anonymous_25)","decl":{"start":{"line":129,"column":35},"end":{"line":129,"column":36}},"loc":{"start":{"line":129,"column":45},"end":{"line":129,"column":68}}}},"branchMap":{"0":{"loc":{"start":{"line":25,"column":8},"end":{"line":27,"column":9}},"type":"if","locations":[{"start":{"line":25,"column":8},"end":{"line":27,"column":9}},{"start":{},"end":{}}]},"1":{"loc":{"start":{"line":25,"column":12},"end":{"line":25,"column":48}},"type":"binary-expr","locations":[{"start":{"line":25,"column":12},"end":{"line":25,"column":22}},{"start":{"line":25,"column":26},"end":{"line":25,"column":48}}]},"2":{"loc":{"start":{"line":34,"column":8},"end":{"line":36,"column":9}},"type":"if","locations":[{"start":{"line":34,"column":8},"end":{"line":36,"column":9}},{"start":{},"end":{}}]},"3":{"loc":{"start":{"line":44,"column":8},"end":{"line":46,"column":9}},"type":"if","locations":[{"start":{"line":44,"column":8},"end":{"line":46,"column":9}},{"start":{},"end":{}}]},"4":{"loc":{"start":{"line":54,"column":8},"end":{"line":56,"column":9}},"type":"if","locations":[{"start":{"line":54,"column":8},"end":{"line":56,"column":9}},{"start":{},"end":{}}]},"5":{"loc":{"start":{"line":64,"column":8},"end":{"line":66,"column":9}},"type":"if","locations":[{"start":{"line":64,"column":8},"end":{"line":66,"column":9}},{"start":{},"end":{}}]},"6":{"loc":{"start":{"line":79,"column":8},"end":{"line":81,"column":9}},"type":"if","locations":[{"start":{"line":79,"column":8},"end":{"line":81,"column":9}},{"start":{},"end":{}}]},"7":{"loc":{"start":{"line":84,"column":8},"end":{"line":87,"column":9}},"type":"if","locations":[{"start":{"line":84,"column":8},"end":{"line":87,"column":9}},{"start":{},"end":{}}]},"8":{"loc":{"start":{"line":96,"column":8},"end":{"line":98,"column":9}},"type":"if","locations":[{"start":{"line":96,"column":8},"end":{"line":98,"column":9}},{"start":{},"end":{}}]},"9":{"loc":{"start":{"line":114,"column":8},"end":{"line":116,"column":9}},"type":"if","locations":[{"start":{"line":114,"column":8},"end":{"line":116,"column":9}},{"start":{},"end":{}}]},"10":{"loc":{"start":{"line":114,"column":12},"end":{"line":114,"column":48}},"type":"binary-expr","locations":[{"start":{"line":114,"column":12},"end":{"line":114,"column":22}},{"start":{"line":114,"column":26},"end":{"line":114,"column":48}}]},"11":{"loc":{"start":{"line":120,"column":32},"end":{"line":124,"column":19}},"type":"binary-expr","locations":[{"start":{"line":120,"column":32},"end":{"line":123,"column":null}},{"start":{"line":124,"column":17},"end":{"line":124,"column":19}}]},"12":{"loc":{"start":{"line":122,"column":20},"end":{"line":123,"column":57}},"type":"binary-expr","locations":[{"start":{"line":122,"column":20},"end":{"line":122,"column":54}},{"start":{"line":123,"column":20},"end":{"line":123,"column":57}}]}},"s":{"0":1,"1":1,"2":1,"3":1,"4":1,"5":1,"6":1,"7":1,"8":1,"9":1,"10":0,"11":0,"12":0,"13":0,"14":0,"15":0,"16":0,"17":0,"18":0,"19":0,"20":0,"21":0,"22":0,"23":0,"24":0,"25":0,"26":0,"27":0,"28":0,"29":0,"30":0,"31":0,"32":0,"33":0,"34":0,"35":0,"36":0,"37":0,"38":0,"39":0,"40":0,"41":0,"42":0,"43":0,"44":0,"45":0,"46":0,"47":0,"48":0,"49":0,"50":0,"51":0,"52":0,"53":0,"54":0,"55":0,"56":0,"57":0,"58":0,"59":0,"60":0,"61":0,"62":0,"63":0,"64":0,"65":1,"66":1},"f":{"0":0,"1":0,"2":0,"3":0,"4":0,"5":0,"6":0,"7":0,"8":0,"9":0,"10":0,"11":0,"12":0},"b":{"0":[0,0],"1":[0,0],"2":[0,0],"3":[0,0],"4":[0,0],"5":[0,0],"6":[0,0],"7":[0,0],"8":[0,0],"9":[0,0],"10":[0,0],"11":[0,0],"12":[0,0]}}
,"D:\\Desktop\\Backend\\src\\modules\\employees\\dto\\employee-response.dto.ts": {"path":"D:\\Desktop\\Backend\\src\\modules\\employees\\dto\\employee-response.dto.ts","statementMap":{"0":{"start":{"line":1,"column":0},"end":{"line":1,"column":49}},"1":{"start":{"line":2,"column":0},"end":{"line":2,"column":74}},"2":{"start":{"line":3,"column":0},"end":{"line":3,"column":74}},"3":{"start":{"line":5,"column":0},"end":{"line":5,"column":13}},"4":{"start":{"line":8,"column":4},"end":{"line":8,"column":null}},"5":{"start":{"line":11,"column":4},"end":{"line":11,"column":null}},"6":{"start":{"line":14,"column":4},"end":{"line":14,"column":null}},"7":{"start":{"line":17,"column":4},"end":{"line":17,"column":null}},"8":{"start":{"line":20,"column":4},"end":{"line":20,"column":null}},"9":{"start":{"line":24,"column":4},"end":{"line":24,"column":null}},"10":{"start":{"line":23,"column":16},"end":{"line":23,"column":31}},"11":{"start":{"line":28,"column":4},"end":{"line":28,"column":null}},"12":{"start":{"line":27,"column":16},"end":{"line":27,"column":31}}},"fnMap":{"0":{"name":"(anonymous_2)","decl":{"start":{"line":23,"column":10},"end":{"line":23,"column":13}},"loc":{"start":{"line":23,"column":16},"end":{"line":23,"column":31}}},"1":{"name":"(anonymous_3)","decl":{"start":{"line":27,"column":10},"end":{"line":27,"column":13}},"loc":{"start":{"line":27,"column":16},"end":{"line":27,"column":31}}}},"branchMap":{},"s":{"0":2,"1":2,"2":2,"3":2,"4":2,"5":2,"6":2,"7":2,"8":2,"9":2,"10":0,"11":2,"12":0},"f":{"0":0,"1":0},"b":{}}
,"D:\\Desktop\\Backend\\src\\modules\\employees\\dto\\update-employee-response.dto.ts": {"path":"D:\\Desktop\\Backend\\src\\modules\\employees\\dto\\update-employee-response.dto.ts","statementMap":{"0":{"start":{"line":1,"column":0},"end":{"line":1,"column":43}},"1":{"start":{"line":2,"column":0},"end":{"line":2,"column":53}},"2":{"start":{"line":4,"column":0},"end":{"line":4,"column":13}},"3":{"start":{"line":6,"column":2},"end":{"line":6,"column":null}},"4":{"start":{"line":9,"column":2},"end":{"line":9,"column":null}},"5":{"start":{"line":12,"column":2},"end":{"line":12,"column":null}}},"fnMap":{},"branchMap":{},"s":{"0":1,"1":1,"2":1,"3":1,"4":1,"5":1},"f":{},"b":{}}
,"D:\\Desktop\\Backend\\src\\modules\\employees\\entities\\employee.entity.ts": {"path":"D:\\Desktop\\Backend\\src\\modules\\employees\\entities\\employee.entity.ts","statementMap":{"0":{"start":{"line":1,"column":0},"end":{"line":1,"column":62}},"1":{"start":{"line":2,"column":0},"end":{"line":2,"column":62}},"2":{"start":{"line":3,"column":0},"end":{"line":3,"column":99}},"3":{"start":{"line":5,"column":0},"end":{"line":5,"column":null}},"4":{"start":{"line":6,"column":2},"end":{"line":6,"column":null}},"5":{"start":{"line":7,"column":2},"end":{"line":7,"column":null}},"6":{"start":{"line":12,"column":7},"end":{"line":38,"column":null}},"7":{"start":{"line":12,"column":13},"end":{"line":12,"column":21}},"8":{"start":{"line":15,"column":2},"end":{"line":15,"column":null}},"9":{"start":{"line":18,"column":2},"end":{"line":18,"column":null}},"10":{"start":{"line":21,"column":2},"end":{"line":21,"column":null}},"11":{"start":{"line":24,"column":2},"end":{"line":24,"column":null}},"12":{"start":{"line":27,"column":2},"end":{"line":27,"column":null}},"13":{"start":{"line":30,"column":2},"end":{"line":30,"column":null}},"14":{"start":{"line":34,"column":2},"end":{"line":34,"column":null}},"15":{"start":{"line":32,"column":19},"end":{"line":32,"column":23}},"16":{"start":{"line":32,"column":35},"end":{"line":32,"column":49}},"17":{"start":{"line":37,"column":2},"end":{"line":37,"column":null}},"18":{"start":{"line":36,"column":19},"end":{"line":36,"column":23}},"19":{"start":{"line":36,"column":35},"end":{"line":36,"column":48}},"20":{"start":{"line":12,"column":13},"end":{"line":38,"column":null}}},"fnMap":{"0":{"name":"(anonymous_2)","decl":{"start":{"line":5,"column":0},"end":{"line":5,"column":12}},"loc":{"start":{"line":5,"column":18},"end":{"line":8,"column":1}}},"1":{"name":"(anonymous_3)","decl":{"start":{"line":32,"column":13},"end":{"line":32,"column":16}},"loc":{"start":{"line":32,"column":19},"end":{"line":32,"column":23}}},"2":{"name":"(anonymous_4)","decl":{"start":{"line":32,"column":25},"end":{"line":32,"column":26}},"loc":{"start":{"line":32,"column":35},"end":{"line":32,"column":49}}},"3":{"name":"(anonymous_5)","decl":{"start":{"line":36,"column":13},"end":{"line":36,"column":16}},"loc":{"start":{"line":36,"column":19},"end":{"line":36,"column":23}}},"4":{"name":"(anonymous_6)","decl":{"start":{"line":36,"column":25},"end":{"line":36,"column":26}},"loc":{"start":{"line":36,"column":35},"end":{"line":36,"column":48}}}},"branchMap":{"0":{"loc":{"start":{"line":5,"column":12},"end":{"line":5,"column":null}},"type":"binary-expr","locations":[{"start":{"line":5,"column":12},"end":{"line":5,"column":18}},{"start":{"line":5,"column":18},"end":{"line":5,"column":null}}]}},"s":{"0":2,"1":2,"2":2,"3":2,"4":2,"5":2,"6":2,"7":2,"8":2,"9":2,"10":2,"11":2,"12":2,"13":2,"14":2,"15":0,"16":0,"17":2,"18":0,"19":0,"20":2},"f":{"0":2,"1":0,"2":0,"3":0,"4":0},"b":{"0":[2,2]}}
,"D:\\Desktop\\Backend\\src\\modules\\flows\\flows.service.ts": {"path":"D:\\Desktop\\Backend\\src\\modules\\flows\\flows.service.ts","statementMap":{"0":{"start":{"line":1,"column":0},"end":{"line":1,"column":84}},"1":{"start":{"line":2,"column":0},"end":{"line":2,"column":51}},"2":{"start":{"line":3,"column":0},"end":{"line":3,"column":46}},"3":{"start":{"line":4,"column":0},"end":{"line":4,"column":37}},"4":{"start":{"line":5,"column":0},"end":{"line":5,"column":58}},"5":{"start":{"line":6,"column":0},"end":{"line":6,"column":52}},"6":{"start":{"line":7,"column":0},"end":{"line":7,"column":54}},"7":{"start":{"line":8,"column":0},"end":{"line":8,"column":69}},"8":{"start":{"line":13,"column":7},"end":{"line":129,"column":null}},"9":{"start":{"line":15,"column":40},"end":{"line":15,"column":56}},"10":{"start":{"line":16,"column":25},"end":{"line":16,"column":38}},"11":{"start":{"line":17,"column":25},"end":{"line":17,"column":44}},"12":{"start":{"line":21,"column":22},"end":{"line":21,"column":102}},"13":{"start":{"line":23,"column":8},"end":{"line":25,"column":9}},"14":{"start":{"line":24,"column":12},"end":{"line":24,"column":68}},"15":{"start":{"line":27,"column":8},"end":{"line":27,"column":null}},"16":{"start":{"line":27,"column":33},"end":{"line":27,"column":106}},"17":{"start":{"line":31,"column":21},"end":{"line":31,"column":115}},"18":{"start":{"line":33,"column":8},"end":{"line":35,"column":9}},"19":{"start":{"line":34,"column":12},"end":{"line":34,"column":63}},"20":{"start":{"line":37,"column":8},"end":{"line":37,"column":null}},"21":{"start":{"line":42,"column":29},"end":{"line":42,"column":80}},"22":{"start":{"line":44,"column":8},"end":{"line":46,"column":9}},"23":{"start":{"line":45,"column":12},"end":{"line":45,"column":70}},"24":{"start":{"line":48,"column":32},"end":{"line":48,"column":93}},"25":{"start":{"line":50,"column":8},"end":{"line":52,"column":9}},"26":{"start":{"line":51,"column":12},"end":{"line":51,"column":76}},"27":{"start":{"line":54,"column":30},"end":{"line":56,"column":10}},"28":{"start":{"line":58,"column":8},"end":{"line":62,"column":9}},"29":{"start":{"line":59,"column":12},"end":{"line":61,"column":14}},"30":{"start":{"line":64,"column":34},"end":{"line":66,"column":10}},"31":{"start":{"line":68,"column":8},"end":{"line":72,"column":9}},"32":{"start":{"line":69,"column":12},"end":{"line":71,"column":14}},"33":{"start":{"line":75,"column":24},"end":{"line":75,"column":62}},"34":{"start":{"line":76,"column":26},"end":{"line":76,"column":65}},"35":{"start":{"line":77,"column":8},"end":{"line":77,"column":null}},"36":{"start":{"line":82,"column":25},"end":{"line":82,"column":85}},"37":{"start":{"line":84,"column":4},"end":{"line":86,"column":5}},"38":{"start":{"line":85,"column":8},"end":{"line":85,"column":58}},"39":{"start":{"line":88,"column":4},"end":{"line":103,"column":5}},"40":{"start":{"line":89,"column":29},"end":{"line":89,"column":80}},"41":{"start":{"line":90,"column":8},"end":{"line":92,"column":9}},"42":{"start":{"line":91,"column":12},"end":{"line":91,"column":70}},"43":{"start":{"line":94,"column":30},"end":{"line":94,"column":145}},"44":{"start":{"line":96,"column":8},"end":{"line":100,"column":9}},"45":{"start":{"line":97,"column":12},"end":{"line":99,"column":14}},"46":{"start":{"line":102,"column":8},"end":{"line":102,"column":50}},"47":{"start":{"line":106,"column":4},"end":{"line":115,"column":5}},"48":{"start":{"line":108,"column":34},"end":{"line":108,"column":151}},"49":{"start":{"line":110,"column":8},"end":{"line":112,"column":9}},"50":{"start":{"line":111,"column":12},"end":{"line":111,"column":148}},"51":{"start":{"line":114,"column":8},"end":{"line":114,"column":52}},"52":{"start":{"line":117,"column":24},"end":{"line":117,"column":68}},"53":{"start":{"line":118,"column":4},"end":{"line":118,"column":92}},"54":{"start":{"line":123,"column":8},"end":{"line":123,"column":89}},"55":{"start":{"line":127,"column":8},"end":{"line":127,"column":null}},"56":{"start":{"line":13,"column":13},"end":{"line":13,"column":25}},"57":{"start":{"line":13,"column":13},"end":{"line":129,"column":null}}},"fnMap":{"0":{"name":"(anonymous_4)","decl":{"start":{"line":14,"column":4},"end":{"line":14,"column":null}},"loc":{"start":{"line":17,"column":61},"end":{"line":18,"column":9}}},"1":{"name":"(anonymous_5)","decl":{"start":{"line":20,"column":4},"end":{"line":20,"column":9}},"loc":{"start":{"line":20,"column":17},"end":{"line":28,"column":5}}},"2":{"name":"(anonymous_6)","decl":{"start":{"line":27,"column":25},"end":{"line":27,"column":29}},"loc":{"start":{"line":27,"column":33},"end":{"line":27,"column":106}}},"3":{"name":"(anonymous_7)","decl":{"start":{"line":30,"column":4},"end":{"line":30,"column":9}},"loc":{"start":{"line":30,"column":29},"end":{"line":38,"column":5}}},"4":{"name":"(anonymous_8)","decl":{"start":{"line":40,"column":4},"end":{"line":40,"column":9}},"loc":{"start":{"line":40,"column":46},"end":{"line":78,"column":5}}},"5":{"name":"(anonymous_9)","decl":{"start":{"line":80,"column":4},"end":{"line":80,"column":9}},"loc":{"start":{"line":80,"column":58},"end":{"line":119,"column":1}}},"6":{"name":"(anonymous_10)","decl":{"start":{"line":122,"column":4},"end":{"line":122,"column":9}},"loc":{"start":{"line":122,"column":20},"end":{"line":124,"column":5}}},"7":{"name":"(anonymous_11)","decl":{"start":{"line":126,"column":4},"end":{"line":126,"column":9}},"loc":{"start":{"line":126,"column":58},"end":{"line":128,"column":5}}}},"branchMap":{"0":{"loc":{"start":{"line":23,"column":8},"end":{"line":25,"column":9}},"type":"if","locations":[{"start":{"line":23,"column":8},"end":{"line":25,"column":9}},{"start":{},"end":{}}]},"1":{"loc":{"start":{"line":23,"column":12},"end":{"line":23,"column":40}},"type":"binary-expr","locations":[{"start":{"line":23,"column":12},"end":{"line":23,"column":18}},{"start":{"line":23,"column":22},"end":{"line":23,"column":40}}]},"2":{"loc":{"start":{"line":33,"column":8},"end":{"line":35,"column":9}},"type":"if","locations":[{"start":{"line":33,"column":8},"end":{"line":35,"column":9}},{"start":{},"end":{}}]},"3":{"loc":{"start":{"line":44,"column":8},"end":{"line":46,"column":9}},"type":"if","locations":[{"start":{"line":44,"column":8},"end":{"line":46,"column":9}},{"start":{},"end":{}}]},"4":{"loc":{"start":{"line":50,"column":8},"end":{"line":52,"column":9}},"type":"if","locations":[{"start":{"line":50,"column":8},"end":{"line":52,"column":9}},{"start":{},"end":{}}]},"5":{"loc":{"start":{"line":58,"column":8},"end":{"line":62,"column":9}},"type":"if","locations":[{"start":{"line":58,"column":8},"end":{"line":62,"column":9}},{"start":{},"end":{}}]},"6":{"loc":{"start":{"line":68,"column":8},"end":{"line":72,"column":9}},"type":"if","locations":[{"start":{"line":68,"column":8},"end":{"line":72,"column":9}},{"start":{},"end":{}}]},"7":{"loc":{"start":{"line":84,"column":4},"end":{"line":86,"column":5}},"type":"if","locations":[{"start":{"line":84,"column":4},"end":{"line":86,"column":5}},{"start":{},"end":{}}]},"8":{"loc":{"start":{"line":88,"column":4},"end":{"line":103,"column":5}},"type":"if","locations":[{"start":{"line":88,"column":4},"end":{"line":103,"column":5}},{"start":{},"end":{}}]},"9":{"loc":{"start":{"line":88,"column":8},"end":{"line":88,"column":73}},"type":"binary-expr","locations":[{"start":{"line":88,"column":8},"end":{"line":88,"column":26}},{"start":{"line":88,"column":30},"end":{"line":88,"column":73}}]},"10":{"loc":{"start":{"line":90,"column":8},"end":{"line":92,"column":9}},"type":"if","locations":[{"start":{"line":90,"column":8},"end":{"line":92,"column":9}},{"start":{},"end":{}}]},"11":{"loc":{"start":{"line":96,"column":8},"end":{"line":100,"column":9}},"type":"if","locations":[{"start":{"line":96,"column":8},"end":{"line":100,"column":9}},{"start":{},"end":{}}]},"12":{"loc":{"start":{"line":106,"column":4},"end":{"line":115,"column":5}},"type":"if","locations":[{"start":{"line":106,"column":4},"end":{"line":115,"column":5}},{"start":{},"end":{}}]},"13":{"loc":{"start":{"line":106,"column":8},"end":{"line":106,"column":76}},"type":"binary-expr","locations":[{"start":{"line":106,"column":8},"end":{"line":106,"column":27}},{"start":{"line":106,"column":31},"end":{"line":106,"column":76}}]},"14":{"loc":{"start":{"line":110,"column":8},"end":{"line":112,"column":9}},"type":"if","locations":[{"start":{"line":110,"column":8},"end":{"line":112,"column":9}},{"start":{},"end":{}}]}},"s":{"0":1,"1":1,"2":1,"3":1,"4":1,"5":1,"6":1,"7":1,"8":1,"9":0,"10":0,"11":0,"12":0,"13":0,"14":0,"15":0,"16":0,"17":0,"18":0,"19":0,"20":0,"21":0,"22":0,"23":0,"24":0,"25":0,"26":0,"27":0,"28":0,"29":0,"30":0,"31":0,"32":0,"33":0,"34":0,"35":0,"36":0,"37":0,"38":0,"39":0,"40":0,"41":0,"42":0,"43":0,"44":0,"45":0,"46":0,"47":0,"48":0,"49":0,"50":0,"51":0,"52":0,"53":0,"54":0,"55":0,"56":1,"57":1},"f":{"0":0,"1":0,"2":0,"3":0,"4":0,"5":0,"6":0,"7":0},"b":{"0":[0,0],"1":[0,0],"2":[0,0],"3":[0,0],"4":[0,0],"5":[0,0],"6":[0,0],"7":[0,0],"8":[0,0],"9":[0,0],"10":[0,0],"11":[0,0],"12":[0,0],"13":[0,0],"14":[0,0]}}
,"D:\\Desktop\\Backend\\src\\modules\\flows\\dto\\flow-response.dto.ts": {"path":"D:\\Desktop\\Backend\\src\\modules\\flows\\dto\\flow-response.dto.ts","statementMap":{"0":{"start":{"line":1,"column":0},"end":{"line":1,"column":49}},"1":{"start":{"line":2,"column":0},"end":{"line":2,"column":74}},"2":{"start":{"line":3,"column":0},"end":{"line":3,"column":87}},"3":{"start":{"line":5,"column":0},"end":{"line":5,"column":13}},"4":{"start":{"line":7,"column":2},"end":{"line":7,"column":null}},"5":{"start":{"line":10,"column":2},"end":{"line":10,"column":null}},"6":{"start":{"line":14,"column":2},"end":{"line":14,"column":null}},"7":{"start":{"line":13,"column":14},"end":{"line":13,"column":29}},"8":{"start":{"line":18,"column":2},"end":{"line":18,"column":null}},"9":{"start":{"line":17,"column":14},"end":{"line":17,"column":33}}},"fnMap":{"0":{"name":"(anonymous_2)","decl":{"start":{"line":13,"column":8},"end":{"line":13,"column":11}},"loc":{"start":{"line":13,"column":14},"end":{"line":13,"column":29}}},"1":{"name":"(anonymous_3)","decl":{"start":{"line":17,"column":8},"end":{"line":17,"column":11}},"loc":{"start":{"line":17,"column":14},"end":{"line":17,"column":33}}}},"branchMap":{},"s":{"0":1,"1":1,"2":1,"3":1,"4":1,"5":1,"6":1,"7":0,"8":1,"9":0},"f":{"0":0,"1":0},"b":{}}
,"D:\\Desktop\\Backend\\src\\modules\\flows\\entities\\flow.entity.ts": {"path":"D:\\Desktop\\Backend\\src\\modules\\flows\\entities\\flow.entity.ts","statementMap":{"0":{"start":{"line":1,"column":0},"end":{"line":1,"column":75}},"1":{"start":{"line":2,"column":0},"end":{"line":2,"column":62}},"2":{"start":{"line":3,"column":0},"end":{"line":3,"column":96}},"3":{"start":{"line":7,"column":7},"end":{"line":28,"column":null}},"4":{"start":{"line":7,"column":13},"end":{"line":7,"column":17}},"5":{"start":{"line":10,"column":2},"end":{"line":10,"column":null}},"6":{"start":{"line":13,"column":2},"end":{"line":13,"column":null}},"7":{"start":{"line":16,"column":2},"end":{"line":16,"column":null}},"8":{"start":{"line":19,"column":2},"end":{"line":19,"column":null}},"9":{"start":{"line":23,"column":2},"end":{"line":23,"column":null}},"10":{"start":{"line":21,"column":19},"end":{"line":21,"column":23}},"11":{"start":{"line":21,"column":35},"end":{"line":21,"column":45}},"12":{"start":{"line":27,"column":2},"end":{"line":27,"column":null}},"13":{"start":{"line":25,"column":19},"end":{"line":25,"column":27}},"14":{"start":{"line":25,"column":43},"end":{"line":25,"column":57}},"15":{"start":{"line":7,"column":13},"end":{"line":28,"column":null}}},"fnMap":{"0":{"name":"(anonymous_2)","decl":{"start":{"line":21,"column":13},"end":{"line":21,"column":16}},"loc":{"start":{"line":21,"column":19},"end":{"line":21,"column":23}}},"1":{"name":"(anonymous_3)","decl":{"start":{"line":21,"column":25},"end":{"line":21,"column":26}},"loc":{"start":{"line":21,"column":35},"end":{"line":21,"column":45}}},"2":{"name":"(anonymous_4)","decl":{"start":{"line":25,"column":13},"end":{"line":25,"column":16}},"loc":{"start":{"line":25,"column":19},"end":{"line":25,"column":27}}},"3":{"name":"(anonymous_5)","decl":{"start":{"line":25,"column":29},"end":{"line":25,"column":30}},"loc":{"start":{"line":25,"column":43},"end":{"line":25,"column":57}}}},"branchMap":{},"s":{"0":2,"1":2,"2":2,"3":2,"4":2,"5":2,"6":2,"7":2,"8":2,"9":2,"10":0,"11":0,"12":2,"13":0,"14":0,"15":2},"f":{"0":0,"1":0,"2":0,"3":0},"b":{}}
,"D:\\Desktop\\Backend\\src\\modules\\orders\\orders.service.ts": {"path":"D:\\Desktop\\Backend\\src\\modules\\orders\\orders.service.ts","statementMap":{"0":{"start":{"line":1,"column":0},"end":{"line":1,"column":84}},"1":{"start":{"line":2,"column":0},"end":{"line":2,"column":51}},"2":{"start":{"line":3,"column":0},"end":{"line":3,"column":37}},"3":{"start":{"line":4,"column":0},"end":{"line":4,"column":52}},"4":{"start":{"line":5,"column":0},"end":{"line":5,"column":48}},"5":{"start":{"line":6,"column":0},"end":{"line":6,"column":60}},"6":{"start":{"line":9,"column":0},"end":{"line":9,"column":66}},"7":{"start":{"line":12,"column":7},"end":{"line":92,"column":null}},"8":{"start":{"line":14,"column":46},"end":{"line":14,"column":63}},"9":{"start":{"line":15,"column":21},"end":{"line":15,"column":39}},"10":{"start":{"line":19,"column":19},"end":{"line":22,"column":6}},"11":{"start":{"line":24,"column":4},"end":{"line":26,"column":5}},"12":{"start":{"line":25,"column":6},"end":{"line":25,"column":60}},"13":{"start":{"line":28,"column":4},"end":{"line":28,"column":49}},"14":{"start":{"line":28,"column":29},"end":{"line":28,"column":47}},"15":{"start":{"line":32,"column":18},"end":{"line":35,"column":6}},"16":{"start":{"line":37,"column":4},"end":{"line":37,"column":84}},"17":{"start":{"line":37,"column":16},"end":{"line":37,"column":84}},"18":{"start":{"line":39,"column":4},"end":{"line":39,"column":32}},"19":{"start":{"line":43,"column":4},"end":{"line":43,"column":58}},"20":{"start":{"line":45,"column":4},"end":{"line":47,"column":5}},"21":{"start":{"line":46,"column":6},"end":{"line":46,"column":97}},"22":{"start":{"line":49,"column":21},"end":{"line":49,"column":73}},"23":{"start":{"line":50,"column":18},"end":{"line":50,"column":59}},"24":{"start":{"line":53,"column":4},"end":{"line":53,"column":41}},"25":{"start":{"line":57,"column":18},"end":{"line":60,"column":6}},"26":{"start":{"line":62,"column":4},"end":{"line":62,"column":84}},"27":{"start":{"line":62,"column":16},"end":{"line":62,"column":84}},"28":{"start":{"line":64,"column":4},"end":{"line":66,"column":5}},"29":{"start":{"line":65,"column":6},"end":{"line":65,"column":95}},"30":{"start":{"line":68,"column":4},"end":{"line":68,"column":64}},"31":{"start":{"line":69,"column":18},"end":{"line":69,"column":56}},"32":{"start":{"line":71,"column":4},"end":{"line":71,"column":32}},"33":{"start":{"line":76,"column":4},"end":{"line":90,"column":6}},"34":{"start":{"line":82,"column":44},"end":{"line":87,"column":10}},"35":{"start":{"line":12,"column":13},"end":{"line":12,"column":26}},"36":{"start":{"line":12,"column":13},"end":{"line":92,"column":null}}},"fnMap":{"0":{"name":"(anonymous_4)","decl":{"start":{"line":13,"column":2},"end":{"line":13,"column":null}},"loc":{"start":{"line":15,"column":55},"end":{"line":16,"column":6}}},"1":{"name":"(anonymous_5)","decl":{"start":{"line":18,"column":2},"end":{"line":18,"column":7}},"loc":{"start":{"line":18,"column":15},"end":{"line":29,"column":3}}},"2":{"name":"(anonymous_6)","decl":{"start":{"line":28,"column":22},"end":{"line":28,"column":25}},"loc":{"start":{"line":28,"column":29},"end":{"line":28,"column":47}}},"3":{"name":"(anonymous_7)","decl":{"start":{"line":31,"column":2},"end":{"line":31,"column":7}},"loc":{"start":{"line":31,"column":27},"end":{"line":40,"column":3}}},"4":{"name":"(anonymous_8)","decl":{"start":{"line":42,"column":2},"end":{"line":42,"column":7}},"loc":{"start":{"line":42,"column":39},"end":{"line":54,"column":3}}},"5":{"name":"(anonymous_9)","decl":{"start":{"line":56,"column":2},"end":{"line":56,"column":7}},"loc":{"start":{"line":56,"column":51},"end":{"line":72,"column":3}}},"6":{"name":"(anonymous_10)","decl":{"start":{"line":75,"column":10},"end":{"line":75,"column":18}},"loc":{"start":{"line":75,"column":29},"end":{"line":91,"column":3}}},"7":{"name":"(anonymous_11)","decl":{"start":{"line":82,"column":38},"end":{"line":82,"column":39}},"loc":{"start":{"line":82,"column":44},"end":{"line":87,"column":10}}}},"branchMap":{"0":{"loc":{"start":{"line":24,"column":4},"end":{"line":26,"column":5}},"type":"if","locations":[{"start":{"line":24,"column":4},"end":{"line":26,"column":5}},{"start":{},"end":{}}]},"1":{"loc":{"start":{"line":24,"column":8},"end":{"line":24,"column":38}},"type":"binary-expr","locations":[{"start":{"line":24,"column":8},"end":{"line":24,"column":15}},{"start":{"line":24,"column":19},"end":{"line":24,"column":38}}]},"2":{"loc":{"start":{"line":37,"column":4},"end":{"line":37,"column":84}},"type":"if","locations":[{"start":{"line":37,"column":4},"end":{"line":37,"column":84}},{"start":{},"end":{}}]},"3":{"loc":{"start":{"line":45,"column":4},"end":{"line":47,"column":5}},"type":"if","locations":[{"start":{"line":45,"column":4},"end":{"line":47,"column":5}},{"start":{},"end":{}}]},"4":{"loc":{"start":{"line":45,"column":8},"end":{"line":45,"column":89}},"type":"binary-expr","locations":[{"start":{"line":45,"column":8},"end":{"line":45,"column":35}},{"start":{"line":45,"column":39},"end":{"line":45,"column":89}}]},"5":{"loc":{"start":{"line":62,"column":4},"end":{"line":62,"column":84}},"type":"if","locations":[{"start":{"line":62,"column":4},"end":{"line":62,"column":84}},{"start":{},"end":{}}]},"6":{"loc":{"start":{"line":64,"column":4},"end":{"line":66,"column":5}},"type":"if","locations":[{"start":{"line":64,"column":4},"end":{"line":66,"column":5}},{"start":{},"end":{}}]}},"s":{"0":2,"1":2,"2":2,"3":2,"4":2,"5":2,"6":2,"7":2,"8":9,"9":9,"10":2,"11":2,"12":1,"13":1,"14":1,"15":3,"16":3,"17":1,"18":2,"19":2,"20":2,"21":1,"22":1,"23":1,"24":1,"25":3,"26":3,"27":1,"28":2,"29":1,"30":1,"31":1,"32":1,"33":4,"34":0,"35":2,"36":2},"f":{"0":9,"1":2,"2":1,"3":3,"4":2,"5":3,"6":4,"7":0},"b":{"0":[1,1],"1":[2,2],"2":[1,2],"3":[1,1],"4":[2,2],"5":[1,2],"6":[1,1]}}
,"D:\\Desktop\\Backend\\src\\modules\\orders\\dto\\order-response.dto.ts": {"path":"D:\\Desktop\\Backend\\src\\modules\\orders\\dto\\order-response.dto.ts","statementMap":{"0":{"start":{"line":2,"column":0},"end":{"line":2,"column":60}},"1":{"start":{"line":3,"column":0},"end":{"line":3,"column":83}},"2":{"start":{"line":5,"column":0},"end":{"line":5,"column":13}},"3":{"start":{"line":7,"column":2},"end":{"line":7,"column":null}},"4":{"start":{"line":10,"column":2},"end":{"line":10,"column":null}},"5":{"start":{"line":13,"column":2},"end":{"line":13,"column":null}},"6":{"start":{"line":17,"column":2},"end":{"line":17,"column":null}},"7":{"start":{"line":16,"column":28},"end":{"line":16,"column":86}},"8":{"start":{"line":21,"column":2},"end":{"line":21,"column":null}},"9":{"start":{"line":20,"column":28},"end":{"line":20,"column":86}},"10":{"start":{"line":25,"column":2},"end":{"line":25,"column":null}},"11":{"start":{"line":24,"column":14},"end":{"line":24,"column":32}}},"fnMap":{"0":{"name":"(anonymous_2)","decl":{"start":{"line":16,"column":13},"end":{"line":16,"column":14}},"loc":{"start":{"line":16,"column":28},"end":{"line":16,"column":86}}},"1":{"name":"(anonymous_3)","decl":{"start":{"line":20,"column":13},"end":{"line":20,"column":14}},"loc":{"start":{"line":20,"column":28},"end":{"line":20,"column":86}}},"2":{"name":"(anonymous_4)","decl":{"start":{"line":24,"column":8},"end":{"line":24,"column":11}},"loc":{"start":{"line":24,"column":14},"end":{"line":24,"column":32}}}},"branchMap":{"0":{"loc":{"start":{"line":16,"column":28},"end":{"line":16,"column":86}},"type":"cond-expr","locations":[{"start":{"line":16,"column":36},"end":{"line":16,"column":79}},{"start":{"line":16,"column":82},"end":{"line":16,"column":86}}]},"1":{"loc":{"start":{"line":20,"column":28},"end":{"line":20,"column":86}},"type":"cond-expr","locations":[{"start":{"line":20,"column":36},"end":{"line":20,"column":79}},{"start":{"line":20,"column":82},"end":{"line":20,"column":86}}]}},"s":{"0":2,"1":2,"2":2,"3":2,"4":2,"5":2,"6":2,"7":4,"8":2,"9":4,"10":2,"11":4},"f":{"0":4,"1":4,"2":4},"b":{"0":[1,3],"1":[1,3]}}
,"D:\\Desktop\\Backend\\src\\modules\\orders\\entities\\order.entity.ts": {"path":"D:\\Desktop\\Backend\\src\\modules\\orders\\entities\\order.entity.ts","statementMap":{"0":{"start":{"line":1,"column":0},"end":{"line":1,"column":57}},"1":{"start":{"line":2,"column":0},"end":{"line":2,"column":74}},"2":{"start":{"line":3,"column":0},"end":{"line":3,"column":71}},"3":{"start":{"line":4,"column":0},"end":{"line":4,"column":111}},"4":{"start":{"line":7,"column":7},"end":{"line":33,"column":null}},"5":{"start":{"line":7,"column":13},"end":{"line":7,"column":18}},"6":{"start":{"line":9,"column":2},"end":{"line":9,"column":null}},"7":{"start":{"line":12,"column":2},"end":{"line":12,"column":null}},"8":{"start":{"line":15,"column":2},"end":{"line":15,"column":null}},"9":{"start":{"line":18,"column":2},"end":{"line":18,"column":null}},"10":{"start":{"line":17,"column":57},"end":{"line":17,"column":76}},"11":{"start":{"line":21,"column":2},"end":{"line":21,"column":null}},"12":{"start":{"line":25,"column":2},"end":{"line":25,"column":null}},"13":{"start":{"line":23,"column":19},"end":{"line":23,"column":24}},"14":{"start":{"line":23,"column":37},"end":{"line":23,"column":49}},"15":{"start":{"line":29,"column":2},"end":{"line":29,"column":null}},"16":{"start":{"line":27,"column":19},"end":{"line":27,"column":27}},"17":{"start":{"line":27,"column":43},"end":{"line":27,"column":58}},"18":{"start":{"line":32,"column":2},"end":{"line":32,"column":null}},"19":{"start":{"line":31,"column":19},"end":{"line":31,"column":26}},"20":{"start":{"line":31,"column":41},"end":{"line":31,"column":54}},"21":{"start":{"line":7,"column":13},"end":{"line":33,"column":null}}},"fnMap":{"0":{"name":"(anonymous_2)","decl":{"start":{"line":17,"column":51},"end":{"line":17,"column":54}},"loc":{"start":{"line":17,"column":57},"end":{"line":17,"column":76}}},"1":{"name":"(anonymous_3)","decl":{"start":{"line":23,"column":13},"end":{"line":23,"column":16}},"loc":{"start":{"line":23,"column":19},"end":{"line":23,"column":24}}},"2":{"name":"(anonymous_4)","decl":{"start":{"line":23,"column":26},"end":{"line":23,"column":27}},"loc":{"start":{"line":23,"column":37},"end":{"line":23,"column":49}}},"3":{"name":"(anonymous_5)","decl":{"start":{"line":27,"column":13},"end":{"line":27,"column":16}},"loc":{"start":{"line":27,"column":19},"end":{"line":27,"column":27}}},"4":{"name":"(anonymous_6)","decl":{"start":{"line":27,"column":29},"end":{"line":27,"column":30}},"loc":{"start":{"line":27,"column":43},"end":{"line":27,"column":58}}},"5":{"name":"(anonymous_7)","decl":{"start":{"line":31,"column":13},"end":{"line":31,"column":16}},"loc":{"start":{"line":31,"column":19},"end":{"line":31,"column":26}}},"6":{"name":"(anonymous_8)","decl":{"start":{"line":31,"column":28},"end":{"line":31,"column":29}},"loc":{"start":{"line":31,"column":41},"end":{"line":31,"column":54}}}},"branchMap":{},"s":{"0":2,"1":2,"2":2,"3":2,"4":2,"5":2,"6":2,"7":2,"8":2,"9":2,"10":0,"11":2,"12":2,"13":0,"14":0,"15":2,"16":0,"17":0,"18":2,"19":0,"20":0,"21":2},"f":{"0":0,"1":0,"2":0,"3":0,"4":0,"5":0,"6":0},"b":{}}
,"D:\\Desktop\\Backend\\src\\modules\\products\\products.service.ts": {"path":"D:\\Desktop\\Backend\\src\\modules\\products\\products.service.ts","statementMap":{"0":{"start":{"line":1,"column":0},"end":{"line":1,"column":84}},"1":{"start":{"line":2,"column":0},"end":{"line":2,"column":51}},"2":{"start":{"line":3,"column":0},"end":{"line":3,"column":37}},"3":{"start":{"line":4,"column":0},"end":{"line":4,"column":52}},"4":{"start":{"line":6,"column":0},"end":{"line":6,"column":52}},"5":{"start":{"line":7,"column":0},"end":{"line":7,"column":64}},"6":{"start":{"line":11,"column":0},"end":{"line":11,"column":57}},"7":{"start":{"line":12,"column":0},"end":{"line":12,"column":69}},"8":{"start":{"line":13,"column":0},"end":{"line":13,"column":54}},"9":{"start":{"line":14,"column":0},"end":{"line":14,"column":54}},"10":{"start":{"line":15,"column":0},"end":{"line":15,"column":66}},"11":{"start":{"line":18,"column":7},"end":{"line":127,"column":null}},"12":{"start":{"line":21,"column":21},"end":{"line":21,"column":40}},"13":{"start":{"line":22,"column":21},"end":{"line":22,"column":36}},"14":{"start":{"line":23,"column":21},"end":{"line":23,"column":40}},"15":{"start":{"line":24,"column":21},"end":{"line":24,"column":35}},"16":{"start":{"line":25,"column":21},"end":{"line":25,"column":35}},"17":{"start":{"line":26,"column":21},"end":{"line":26,"column":39}},"18":{"start":{"line":33,"column":21},"end":{"line":33,"column":56}},"19":{"start":{"line":35,"column":4},"end":{"line":37,"column":5}},"20":{"start":{"line":36,"column":6},"end":{"line":36,"column":66}},"21":{"start":{"line":39,"column":4},"end":{"line":41,"column":6}},"22":{"start":{"line":40,"column":6},"end":{"line":40,"column":85}},"23":{"start":{"line":48,"column":20},"end":{"line":51,"column":6}},"24":{"start":{"line":53,"column":4},"end":{"line":55,"column":5}},"25":{"start":{"line":54,"column":6},"end":{"line":54,"column":72}},"26":{"start":{"line":57,"column":4},"end":{"line":57,"column":91}},"27":{"start":{"line":65,"column":4},"end":{"line":65,"column":52}},"28":{"start":{"line":66,"column":21},"end":{"line":66,"column":75}},"29":{"start":{"line":69,"column":23},"end":{"line":69,"column":77}},"30":{"start":{"line":70,"column":25},"end":{"line":70,"column":70}},"31":{"start":{"line":73,"column":4},"end":{"line":73,"column":70}},"32":{"start":{"line":76,"column":4},"end":{"line":76,"column":50}},"33":{"start":{"line":83,"column":18},"end":{"line":83,"column":92}},"34":{"start":{"line":85,"column":4},"end":{"line":87,"column":5}},"35":{"start":{"line":86,"column":6},"end":{"line":86,"column":100}},"36":{"start":{"line":89,"column":4},"end":{"line":101,"column":5}},"37":{"start":{"line":91,"column":19},"end":{"line":96,"column":8}},"38":{"start":{"line":99,"column":23},"end":{"line":99,"column":94}},"39":{"start":{"line":100,"column":6},"end":{"line":100,"column":81}},"40":{"start":{"line":109,"column":28},"end":{"line":112,"column":6}},"41":{"start":{"line":115,"column":4},"end":{"line":117,"column":5}},"42":{"start":{"line":116,"column":6},"end":{"line":116,"column":59}},"43":{"start":{"line":120,"column":4},"end":{"line":122,"column":5}},"44":{"start":{"line":121,"column":6},"end":{"line":121,"column":97}},"45":{"start":{"line":124,"column":25},"end":{"line":124,"column":75}},"46":{"start":{"line":125,"column":4},"end":{"line":125,"column":96}},"47":{"start":{"line":18,"column":13},"end":{"line":18,"column":28}},"48":{"start":{"line":18,"column":13},"end":{"line":127,"column":null}}},"fnMap":{"0":{"name":"(anonymous_4)","decl":{"start":{"line":19,"column":2},"end":{"line":19,"column":null}},"loc":{"start":{"line":26,"column":55},"end":{"line":27,"column":6}}},"1":{"name":"(anonymous_5)","decl":{"start":{"line":32,"column":2},"end":{"line":32,"column":7}},"loc":{"start":{"line":32,"column":15},"end":{"line":42,"column":3}}},"2":{"name":"(anonymous_6)","decl":{"start":{"line":39,"column":24},"end":{"line":39,"column":31}},"loc":{"start":{"line":40,"column":6},"end":{"line":40,"column":85}}},"3":{"name":"(anonymous_7)","decl":{"start":{"line":47,"column":2},"end":{"line":47,"column":7}},"loc":{"start":{"line":47,"column":27},"end":{"line":58,"column":3}}},"4":{"name":"(anonymous_8)","decl":{"start":{"line":63,"column":2},"end":{"line":63,"column":7}},"loc":{"start":{"line":63,"column":43},"end":{"line":77,"column":3}}},"5":{"name":"(anonymous_9)","decl":{"start":{"line":82,"column":10},"end":{"line":82,"column":15}},"loc":{"start":{"line":82,"column":80},"end":{"line":102,"column":3}}},"6":{"name":"(anonymous_10)","decl":{"start":{"line":107,"column":2},"end":{"line":107,"column":7}},"loc":{"start":{"line":107,"column":61},"end":{"line":126,"column":3}}}},"branchMap":{"0":{"loc":{"start":{"line":35,"column":4},"end":{"line":37,"column":5}},"type":"if","locations":[{"start":{"line":35,"column":4},"end":{"line":37,"column":5}},{"start":{},"end":{}}]},"1":{"loc":{"start":{"line":35,"column":8},"end":{"line":35,"column":42}},"type":"binary-expr","locations":[{"start":{"line":35,"column":8},"end":{"line":35,"column":17}},{"start":{"line":35,"column":21},"end":{"line":35,"column":42}}]},"2":{"loc":{"start":{"line":53,"column":4},"end":{"line":55,"column":5}},"type":"if","locations":[{"start":{"line":53,"column":4},"end":{"line":55,"column":5}},{"start":{},"end":{}}]},"3":{"loc":{"start":{"line":85,"column":4},"end":{"line":87,"column":5}},"type":"if","locations":[{"start":{"line":85,"column":4},"end":{"line":87,"column":5}},{"start":{},"end":{}}]},"4":{"loc":{"start":{"line":85,"column":8},"end":{"line":85,"column":36}},"type":"binary-expr","locations":[{"start":{"line":85,"column":8},"end":{"line":85,"column":14}},{"start":{"line":85,"column":18},"end":{"line":85,"column":36}}]},"5":{"loc":{"start":{"line":115,"column":4},"end":{"line":117,"column":5}},"type":"if","locations":[{"start":{"line":115,"column":4},"end":{"line":117,"column":5}},{"start":{},"end":{}}]},"6":{"loc":{"start":{"line":120,"column":4},"end":{"line":122,"column":5}},"type":"if","locations":[{"start":{"line":120,"column":4},"end":{"line":122,"column":5}},{"start":{},"end":{}}]}},"s":{"0":1,"1":1,"2":1,"3":1,"4":1,"5":1,"6":1,"7":1,"8":1,"9":1,"10":1,"11":1,"12":7,"13":7,"14":7,"15":7,"16":7,"17":7,"18":1,"19":1,"20":1,"21":0,"22":0,"23":2,"24":2,"25":1,"26":1,"27":2,"28":2,"29":2,"30":2,"31":2,"32":1,"33":2,"34":2,"35":1,"36":1,"37":2,"38":2,"39":2,"40":3,"41":3,"42":1,"43":2,"44":1,"45":1,"46":1,"47":1,"48":1},"f":{"0":7,"1":1,"2":0,"3":2,"4":2,"5":2,"6":3},"b":{"0":[1,0],"1":[1,1],"2":[1,1],"3":[1,1],"4":[2,2],"5":[1,2],"6":[1,1]}}
,"D:\\Desktop\\Backend\\src\\modules\\products\\dto\\product-response.dto.ts": {"path":"D:\\Desktop\\Backend\\src\\modules\\products\\dto\\product-response.dto.ts","statementMap":{"0":{"start":{"line":1,"column":0},"end":{"line":1,"column":54}},"1":{"start":{"line":3,"column":0},"end":{"line":3,"column":13}},"2":{"start":{"line":5,"column":2},"end":{"line":5,"column":null}},"3":{"start":{"line":8,"column":2},"end":{"line":8,"column":null}},"4":{"start":{"line":11,"column":2},"end":{"line":11,"column":null}},"5":{"start":{"line":14,"column":2},"end":{"line":14,"column":null}},"6":{"start":{"line":17,"column":2},"end":{"line":17,"column":null}},"7":{"start":{"line":20,"column":2},"end":{"line":20,"column":null}},"8":{"start":{"line":23,"column":2},"end":{"line":23,"column":null}},"9":{"start":{"line":26,"column":2},"end":{"line":26,"column":null}},"10":{"start":{"line":29,"column":2},"end":{"line":29,"column":null}},"11":{"start":{"line":32,"column":2},"end":{"line":32,"column":null}},"12":{"start":{"line":36,"column":2},"end":{"line":36,"column":null}},"13":{"start":{"line":35,"column":26},"end":{"line":35,"column":77}}},"fnMap":{"0":{"name":"(anonymous_2)","decl":{"start":{"line":35,"column":13},"end":{"line":35,"column":14}},"loc":{"start":{"line":35,"column":26},"end":{"line":35,"column":77}}}},"branchMap":{"0":{"loc":{"start":{"line":35,"column":26},"end":{"line":35,"column":77}},"type":"cond-expr","locations":[{"start":{"line":35,"column":49},"end":{"line":35,"column":64}},{"start":{"line":35,"column":67},"end":{"line":35,"column":77}}]}},"s":{"0":3,"1":3,"2":3,"3":3,"4":3,"5":3,"6":3,"7":3,"8":3,"9":3,"10":3,"11":3,"12":3,"13":4},"f":{"0":4},"b":{"0":[0,4]}}
,"D:\\Desktop\\Backend\\src\\modules\\products\\entities\\product.entity.ts": {"path":"D:\\Desktop\\Backend\\src\\modules\\products\\entities\\product.entity.ts","statementMap":{"0":{"start":{"line":1,"column":0},"end":{"line":1,"column":92}},"1":{"start":{"line":2,"column":0},"end":{"line":2,"column":65}},"2":{"start":{"line":3,"column":0},"end":{"line":3,"column":75}},"3":{"start":{"line":4,"column":0},"end":{"line":4,"column":57}},"4":{"start":{"line":5,"column":0},"end":{"line":5,"column":62}},"5":{"start":{"line":8,"column":7},"end":{"line":50,"column":null}},"6":{"start":{"line":8,"column":13},"end":{"line":8,"column":20}},"7":{"start":{"line":10,"column":2},"end":{"line":10,"column":null}},"8":{"start":{"line":13,"column":2},"end":{"line":13,"column":null}},"9":{"start":{"line":16,"column":2},"end":{"line":16,"column":null}},"10":{"start":{"line":19,"column":2},"end":{"line":19,"column":null}},"11":{"start":{"line":22,"column":2},"end":{"line":22,"column":null}},"12":{"start":{"line":25,"column":2},"end":{"line":25,"column":null}},"13":{"start":{"line":28,"column":2},"end":{"line":28,"column":null}},"14":{"start":{"line":31,"column":2},"end":{"line":31,"column":null}},"15":{"start":{"line":34,"column":2},"end":{"line":34,"column":null}},"16":{"start":{"line":38,"column":2},"end":{"line":38,"column":null}},"17":{"start":{"line":36,"column":19},"end":{"line":36,"column":24}},"18":{"start":{"line":36,"column":37},"end":{"line":36,"column":51}},"19":{"start":{"line":42,"column":2},"end":{"line":42,"column":null}},"20":{"start":{"line":40,"column":19},"end":{"line":40,"column":27}},"21":{"start":{"line":40,"column":43},"end":{"line":40,"column":60}},"22":{"start":{"line":46,"column":2},"end":{"line":46,"column":null}},"23":{"start":{"line":44,"column":19},"end":{"line":44,"column":24}},"24":{"start":{"line":44,"column":37},"end":{"line":44,"column":51}},"25":{"start":{"line":49,"column":2},"end":{"line":49,"column":null}},"26":{"start":{"line":48,"column":19},"end":{"line":48,"column":23}},"27":{"start":{"line":48,"column":35},"end":{"line":48,"column":47}},"28":{"start":{"line":8,"column":13},"end":{"line":50,"column":null}}},"fnMap":{"0":{"name":"(anonymous_2)","decl":{"start":{"line":36,"column":13},"end":{"line":36,"column":16}},"loc":{"start":{"line":36,"column":19},"end":{"line":36,"column":24}}},"1":{"name":"(anonymous_3)","decl":{"start":{"line":36,"column":26},"end":{"line":36,"column":27}},"loc":{"start":{"line":36,"column":37},"end":{"line":36,"column":51}}},"2":{"name":"(anonymous_4)","decl":{"start":{"line":40,"column":13},"end":{"line":40,"column":16}},"loc":{"start":{"line":40,"column":19},"end":{"line":40,"column":27}}},"3":{"name":"(anonymous_5)","decl":{"start":{"line":40,"column":29},"end":{"line":40,"column":30}},"loc":{"start":{"line":40,"column":43},"end":{"line":40,"column":60}}},"4":{"name":"(anonymous_6)","decl":{"start":{"line":44,"column":13},"end":{"line":44,"column":16}},"loc":{"start":{"line":44,"column":19},"end":{"line":44,"column":24}}},"5":{"name":"(anonymous_7)","decl":{"start":{"line":44,"column":26},"end":{"line":44,"column":27}},"loc":{"start":{"line":44,"column":37},"end":{"line":44,"column":51}}},"6":{"name":"(anonymous_8)","decl":{"start":{"line":48,"column":13},"end":{"line":48,"column":16}},"loc":{"start":{"line":48,"column":19},"end":{"line":48,"column":23}}},"7":{"name":"(anonymous_9)","decl":{"start":{"line":48,"column":25},"end":{"line":48,"column":26}},"loc":{"start":{"line":48,"column":35},"end":{"line":48,"column":47}}}},"branchMap":{},"s":{"0":2,"1":2,"2":2,"3":2,"4":2,"5":2,"6":2,"7":2,"8":2,"9":2,"10":2,"11":2,"12":2,"13":2,"14":2,"15":2,"16":2,"17":0,"18":0,"19":2,"20":0,"21":0,"22":2,"23":0,"24":0,"25":2,"26":0,"27":0,"28":2},"f":{"0":0,"1":0,"2":0,"3":0,"4":0,"5":0,"6":0,"7":0},"b":{}}
,"D:\\Desktop\\Backend\\src\\modules\\roles\\roles.service.ts": {"path":"D:\\Desktop\\Backend\\src\\modules\\roles\\roles.service.ts","statementMap":{"0":{"start":{"line":1,"column":0},"end":{"line":1,"column":84}},"1":{"start":{"line":2,"column":0},"end":{"line":2,"column":51}},"2":{"start":{"line":3,"column":0},"end":{"line":3,"column":46}},"3":{"start":{"line":4,"column":0},"end":{"line":4,"column":42}},"4":{"start":{"line":5,"column":0},"end":{"line":5,"column":52}},"5":{"start":{"line":6,"column":0},"end":{"line":6,"column":58}},"6":{"start":{"line":9,"column":0},"end":{"line":9,"column":70}},"7":{"start":{"line":12,"column":7},"end":{"line":81,"column":null}},"8":{"start":{"line":13,"column":48},"end":{"line":13,"column":64}},"9":{"start":{"line":16,"column":22},"end":{"line":16,"column":75}},"10":{"start":{"line":18,"column":8},"end":{"line":20,"column":9}},"11":{"start":{"line":19,"column":12},"end":{"line":19,"column":67}},"12":{"start":{"line":22,"column":8},"end":{"line":22,"column":null}},"13":{"start":{"line":22,"column":33},"end":{"line":22,"column":104}},"14":{"start":{"line":26,"column":21},"end":{"line":26,"column":99}},"15":{"start":{"line":28,"column":8},"end":{"line":30,"column":9}},"16":{"start":{"line":29,"column":12},"end":{"line":29,"column":61}},"17":{"start":{"line":31,"column":8},"end":{"line":31,"column":20}},"18":{"start":{"line":35,"column":29},"end":{"line":35,"column":117}},"19":{"start":{"line":37,"column":8},"end":{"line":39,"column":9}},"20":{"start":{"line":38,"column":12},"end":{"line":38,"column":90}},"21":{"start":{"line":41,"column":24},"end":{"line":41,"column":62}},"22":{"start":{"line":43,"column":26},"end":{"line":43,"column":65}},"23":{"start":{"line":44,"column":8},"end":{"line":44,"column":null}},"24":{"start":{"line":48,"column":29},"end":{"line":48,"column":92}},"25":{"start":{"line":50,"column":8},"end":{"line":52,"column":9}},"26":{"start":{"line":51,"column":12},"end":{"line":51,"column":74}},"27":{"start":{"line":54,"column":8},"end":{"line":60,"column":9}},"28":{"start":{"line":55,"column":43},"end":{"line":55,"column":151}},"29":{"start":{"line":57,"column":12},"end":{"line":59,"column":13}},"30":{"start":{"line":58,"column":16},"end":{"line":58,"column":105}},"31":{"start":{"line":62,"column":26},"end":{"line":62,"column":70}},"32":{"start":{"line":63,"column":8},"end":{"line":63,"column":null}},"33":{"start":{"line":67,"column":29},"end":{"line":67,"column":114}},"34":{"start":{"line":69,"column":8},"end":{"line":71,"column":9}},"35":{"start":{"line":70,"column":12},"end":{"line":70,"column":74}},"36":{"start":{"line":73,"column":8},"end":{"line":75,"column":9}},"37":{"start":{"line":74,"column":12},"end":{"line":74,"column":null}},"38":{"start":{"line":77,"column":8},"end":{"line":77,"column":55}},"39":{"start":{"line":78,"column":8},"end":{"line":78,"column":null}},"40":{"start":{"line":12,"column":13},"end":{"line":12,"column":25}},"41":{"start":{"line":12,"column":13},"end":{"line":81,"column":null}}},"fnMap":{"0":{"name":"(anonymous_4)","decl":{"start":{"line":13,"column":4},"end":{"line":13,"column":17}},"loc":{"start":{"line":13,"column":80},"end":{"line":13,"column":83}}},"1":{"name":"(anonymous_5)","decl":{"start":{"line":15,"column":4},"end":{"line":15,"column":9}},"loc":{"start":{"line":15,"column":17},"end":{"line":23,"column":5}}},"2":{"name":"(anonymous_6)","decl":{"start":{"line":22,"column":25},"end":{"line":22,"column":29}},"loc":{"start":{"line":22,"column":33},"end":{"line":22,"column":104}}},"3":{"name":"(anonymous_7)","decl":{"start":{"line":25,"column":4},"end":{"line":25,"column":9}},"loc":{"start":{"line":25,"column":28},"end":{"line":32,"column":5}}},"4":{"name":"(anonymous_8)","decl":{"start":{"line":34,"column":4},"end":{"line":34,"column":9}},"loc":{"start":{"line":34,"column":46},"end":{"line":45,"column":5}}},"5":{"name":"(anonymous_9)","decl":{"start":{"line":47,"column":4},"end":{"line":47,"column":9}},"loc":{"start":{"line":47,"column":58},"end":{"line":64,"column":5}}},"6":{"name":"(anonymous_10)","decl":{"start":{"line":66,"column":4},"end":{"line":66,"column":9}},"loc
[...]
art":{"line":141,"column":4},"end":{"line":141,"column":40}},"51":{"start":{"line":142,"column":4},"end":{"line":142,"column":31}},"52":{"start":{"line":144,"column":18},"end":{"line":144,"column":54}},"53":{"start":{"line":146,"column":4},"end":{"line":146,"column":43}},"54":{"start":{"line":148,"column":4},"end":{"line":148,"column":29}},"55":{"start":{"line":156,"column":4},"end":{"line":156,"column":51}},"56":{"start":{"line":158,"column":4},"end":{"line":160,"column":5}},"57":{"start":{"line":159,"column":6},"end":{"line":159,"column":57}},"58":{"start":{"line":164,"column":18},"end":{"line":166,"column":6}},"59":{"start":{"line":168,"column":4},"end":{"line":168,"column":30}},"60":{"start":{"line":168,"column":23},"end":{"line":168,"column":30}},"61":{"start":{"line":170,"column":21},"end":{"line":171,"column":null}},"62":{"start":{"line":171,"column":23},"end":{"line":171,"column":33}},"63":{"start":{"line":174,"column":4},"end":{"line":179,"column":17}},"64":{"start":{"line":183,"column":21},"end":{"line":188,"column":19}},"65":{"start":{"line":190,"column":4},"end":{"line":190,"column":33}},"66":{"start":{"line":190,"column":26},"end":{"line":190,"column":33}},"67":{"start":{"line":192,"column":21},"end":{"line":193,"column":null}},"68":{"start":{"line":193,"column":26},"end":{"line":193,"column":36}},"69":{"start":{"line":196,"column":4},"end":{"line":201,"column":17}},"70":{"start":{"line":210,"column":4},"end":{"line":210,"column":83}},"71":{"start":{"line":210,"column":28},"end":{"line":210,"column":53}},"72":{"start":{"line":210,"column":56},"end":{"line":210,"column":83}},"73":{"start":{"line":213,"column":4},"end":{"line":215,"column":5}},"74":{"start":{"line":214,"column":8},"end":{"line":214,"column":37}},"75":{"start":{"line":217,"column":4},"end":{"line":217,"column":29}},"76":{"start":{"line":221,"column":4},"end":{"line":223,"column":5}},"77":{"start":{"line":222,"column":6},"end":{"line":222,"column":52}},"78":{"start":{"line":227,"column":4},"end":{"line":229,"column":5}},"79":{"start":{"line":228,"column":6},"end":{"line":228,"column":65}},"80":{"start":{"line":231,"column":4},"end":{"line":233,"column":5}},"81":{"start":{"line":232,"column":6},"end":{"line":232,"column":68}},"82":{"start":{"line":237,"column":4},"end":{"line":239,"column":5}},"83":{"start":{"line":238,"column":6},"end":{"line":238,"column":51}},"84":{"start":{"line":241,"column":4},"end":{"line":243,"column":5}},"85":{"start":{"line":242,"column":6},"end":{"line":242,"column":61}},"86":{"start":{"line":247,"column":17},"end":{"line":247,"column":76}},"87":{"start":{"line":249,"column":4},"end":{"line":253,"column":5}},"88":{"start":{"line":250,"column":6},"end":{"line":252,"column":8}},"89":{"start":{"line":260,"column":4},"end":{"line":260,"column":36}},"90":{"start":{"line":260,"column":24},"end":{"line":260,"column":36}},"91":{"start":{"line":262,"column":4},"end":{"line":267,"column":7}},"92":{"start":{"line":271,"column":4},"end":{"line":281,"column":9}},"93":{"start":{"line":277,"column":8},"end":{"line":279,"column":9}},"94":{"start":{"line":278,"column":10},"end":{"line":278,"column":69}},"95":{"start":{"line":280,"column":8},"end":{"line":280,"column":20}},"96":{"start":{"line":285,"column":4},"end":{"line":287,"column":7}},"97":{"start":{"line":295,"column":4},"end":{"line":298,"column":7}},"98":{"start":{"line":302,"column":4},"end":{"line":302,"column":64}},"99":{"start":{"line":15,"column":13},"end":{"line":15,"column":25}},"100":{"start":{"line":15,"column":13},"end":{"line":305,"column":null}}},"fnMap":{"0":{"name":"(anonymous_4)","decl":{"start":{"line":8,"column":0},"end":{"line":8,"column":12}},"loc":{"start":{"line":8,"column":21},"end":{"line":12,"column":1}}},"1":{"name":"(anonymous_6)","decl":{"start":{"line":26,"column":2},"end":{"line":26,"column":7}},"loc":{"start":{"line":26,"column":15},"end":{"line":36,"column":3}}},"2":{"name":"(anonymous_7)","decl":{"start":{"line":38,"column":2},"end":{"line":38,"column":7}},"loc":{"start":{"line":38,"column":27},"end":{"line":48,"column":3}}},"3":{"name":"(anonymous_8)","decl":{"start":{"line":50,"column":2},"end":{"line":50,"column":7}},"loc":{"start":{"line":50,"column":44},"end":{"line":74,"column":3}}},"4":{"name":"(anonymous_9)","decl":{"start":{"line":60,"column":16},"end":{"line":60,"column":21}},"loc":{"start":{"line":60,"column":31},"end":{"line":70,"column":7}}},"5":{"name":"(anonymous_10)","decl":{"start":{"line":80,"column":2},"end":{"line":80,"column":7}},"loc":{"start":{"line":85,"column":3},"end":{"line":101,"column":3}}},"6":{"name":"(anonymous_11)","decl":{"start":{"line":103,"column":2},"end":{"line":103,"column":7}},"loc":{"start":{"line":103,"column":57},"end":{"line":112,"column":3}}},"7":{"name":"(anonymous_12)","decl":{"start":{"line":118,"column":2},"end":{"line":118,"column":7}},"loc":{"start":{"line":118,"column":52},"end":{"line":133,"column":3}}},"8":{"name":"(anonymous_13)","decl":{"start":{"line":135,"column":2},"end":{"line":135,"column":7}},"loc":{"start":{"line":135,"column":55},"end":{"line":149,"column":3}}},"9":{"name":"(anonymous_14)","decl":{"start":{"line":155,"column":10},"end":{"line":155,"column":15}},"loc":{"start":{"line":155,"column":48},"end":{"line":161,"column":3}}},"10":{"name":"(anonymous_15)","decl":{"start":{"line":163,"column":10},"end":{"line":163,"column":15}},"loc":{"start":{"line":163,"column":52},"end":{"line":180,"column":3}}},"11":{"name":"(anonymous_16)","decl":{"start":{"line":171,"column":16},"end":{"line":171,"column":17}},"loc":{"start":{"line":171,"column":23},"end":{"line":171,"column":33}}},"12":{"name":"(anonymous_17)","decl":{"start":{"line":182,"column":10},"end":{"line":182,"column":15}},"loc":{"start":{"line":182,"column":48},"end":{"line":202,"column":3}}},"13":{"name":"(anonymous_18)","decl":{"start":{"line":193,"column":19},"end":{"line":193,"column":20}},"loc":{"start":{"line":193,"column":26},"end":{"line":193,"column":36}}},"14":{"name":"(anonymous_19)","decl":{"start":{"line":208,"column":10},"end":{"line":208,"column":24}},"loc":{"start":{"line":208,"column":41},"end":{"line":218,"column":5}}},"15":{"name":"(anonymous_20)","decl":{"start":{"line":210,"column":21},"end":{"line":210,"column":22}},"loc":{"start":{"line":210,"column":28},"end":{"line":210,"column":53}}},"16":{"name":"(anonymous_21)","decl":{"start":{"line":220,"column":10},"end":{"line":220,"column":27}},"loc":{"start":{"line":220,"column":58},"end":{"line":224,"column":3}}},"17":{"name":"(anonymous_22)","decl":{"start":{"line":226,"column":10},"end":{"line":226,"column":28}},"loc":{"start":{"line":226,"column":39},"end":{"line":234,"column":3}}},"18":{"name":"(anonymous_23)","decl":{"start":{"line":236,"column":10},"end":{"line":236,"column":31}},"loc":{"start":{"line":236,"column":42},"end":{"line":244,"column":3}}},"19":{"name":"(anonymous_24)","decl":{"start":{"line":246,"column":10},"end":{"line":246,"column":15}},"loc":{"start":{"line":246,"column":54},"end":{"line":254,"column":3}}},"20":{"name":"(anonymous_25)","decl":{"start":{"line":256,"column":10},"end":{"line":256,"column":15}},"loc":{"start":{"line":258,"column":20},"end":{"line":268,"column":3}}},"21":{"name":"(anonymous_26)","decl":{"start":{"line":270,"column":10},"end":{"line":270,"column":23}},"loc":{"start":{"line":270,"column":34},"end":{"line":282,"column":3}}},"22":{"name":"(anonymous_27)","decl":{"start":{"line":276,"column":12},"end":{"line":276,"column":13}},"loc":{"start":{"line":276,"column":21},"end":{"line":281,"column":7}}},"23":{"name":"(anonymous_28)","decl":{"start":{"line":284,"column":10},"end":{"line":284,"column":15}},"loc":{"start":{"line":284,"column":26},"end":{"line":288,"column":3}}},"24":{"name":"(anonymous_29)","decl":{"start":{"line":294,"column":2},"end":{"line":294,"column":7}},"loc":{"start":{"line":294,"column":41},"end":{"line":299,"column":3}}},"25":{"name":"(anonymous_30)","decl":{"start":{"line":301,"column":2},"end":{"line":301,"column":7}},"loc":{"start":{"line":301,"column":43},"end":{"line":303,"column":3}}}},"branchMap":{"0":{"loc":{"start":{"line":8,"column":12},"end":{"line":8,"column":null}},"type":"binary-expr","locations":[{"start":{"line":8,"column":12},"end":{"line":8,"column":21}},{"start":{"line":8,"column":21},"end":{"line":8,"column":null}}]},"1":{"loc":{"start":{"line":31,"column":4},"end":{"line":33,"column":5}},"type":"if","locations":[{"start":{"line":31,"column":4},"end":{"line":33,"column":5}},{"start":{},"end":{}}]},"2":{"loc":{"start":{"line":43,"column":4},"end":{"line":45,"column":5}},"type":"if","locations":[{"start":{"line":43,"column":4},"end":{"line":45,"column":5}},{"start":{},"end":{}}]},"3":{"loc":{"start":{"line":57,"column":4},"end":{"line":57,"column":33}},"type":"if","locations":[{"start":{"line":57,"column":4},"end":{"line":57,"column":33}},{"start":{},"end":{}}]},"4":{"loc":{"start":{"line":68,"column":26},"end":{"line":68,"column":53}},"type":"cond-expr","locations":[{"start":{"line":68,"column":33},"end":{"line":68,"column":46}},{"start":{"line":68,"column":49},"end":{"line":68,"column":53}}]},"5":{"loc":{"start":{"line":93,"column":4},"end":{"line":97,"column":5}},"type":"if","locations":[{"start":{"line":93,"column":4},"end":{"line":97,"column":5}},{"start":{},"end":{}}]},"6":{"loc":{"start":{"line":106,"column":4},"end":{"line":108,"column":5}},"type":"if","locations":[{"start":{"line":106,"column":4},"end":{"line":108,"column":5}},{"start":{},"end":{}}]},"7":{"loc":{"start":{"line":158,"column":4},"end":{"line":160,"column":5}},"type":"if","locations":[{"start":{"line":158,"column":4},"end":{"line":160,"column":5}},{"start":{},"end":{}}]},"8":{"loc":{"start":{"line":168,"column":4},"end":{"line":168,"column":30}},"type":"if","locations":[{"start":{"line":168,"column":4},"end":{"line":168,"column":30}},{"start":{},"end":{}}]},"9":{"loc":{"start":{"line":190,"column":4},"end":{"line":190,"column":33}},"type":"if","locations":[{"start":{"line":190,"column":4},"end":{"line":190,"column":33}},{"start":{},"end":{}}]},"10":{"loc":{"start":{"line":210,"column":4},"end":{"line":210,"column":83}},"type":"if","locations":[{"start":{"line":210,"column":4},"end":{"line":210,"column":83}},{"start":{},"end":{}}]},"11":{"loc":{"start":{"line":213,"column":4},"end":{"line":215,"column":5}},"type":"if","locations":[{"start":{"line":213,"column":4},"end":{"line":215,"column":5}},{"start":{},"end":{}}]},"12":{"loc":{"start":{"line":213,"column":8},"end":{"line":213,"column":86}},"type":"binary-expr","locations":[{"start":{"line":213,"column":8},"end":{"line":213,"column":46}},{"start":{"line":213,"column":50},"end":{"line":213,"column":86}}]},"13":{"loc":{"start":{"line":221,"column":4},"end":{"line":223,"column":5}},"type":"if","locations":[{"start":{"line":221,"column":4},"end":{"line":223,"column":5}},{"start":{},"end":{}}]},"14":{"loc":{"start":{"line":227,"column":4},"end":{"line":229,"column":5}},"type":"if","locations":[{"start":{"line":227,"column":4},"end":{"line":229,"column":5}},{"start":{},"end":{}}]},"15":{"loc":{"start":{"line":231,"column":4},"end":{"line":233,"column":5}},"type":"if","locations":[{"start":{"line":231,"column":4},"end":{"line":233,"column":5}},{"start":{},"end":{}}]},"16":{"loc":{"start":{"line":237,"column":4},"end":{"line":239,"column":5}},"type":"if","locations":[{"start":{"line":237,"column":4},"end":{"line":239,"column":5}},{"start":{},"end":{}}]},"17":{"loc":{"start":{"line":241,"column":4},"end":{"line":243,"column":5}},"type":"if","locations":[{"start":{"line":241,"column":4},"end":{"line":243,"column":5}},{"start":{},"end":{}}]},"18":{"loc":{"start":{"line":249,"column":4},"end":{"line":253,"column":5}},"type":"if","locations":[{"start":{"line":249,"column":4},"end":{"line":253,"column":5}},{"start":{},"end":{}}]},"19":{"loc":{"start":{"line":249,"column":8},"end":{"line":249,"column":53}},"type":"binary-expr","locations":[{"start":{"line":249,"column":8},"end":{"line":249,"column":12}},{"start":{"line":249,"column":16},"end":{"line":249,"column":53}}]},"20":{"loc":{"start":{"line":260,"column":4},"end":{"line":260,"column":36}},"type":"if","locations":[{"start":{"line":260,"column":4},"end":{"line":260,"column":36}},{"start":{},"end":{}}]},"21":{"loc":{"start":{"line":277,"column":8},"end":{"line":279,"column":9}},"type":"if","locations":[{"start":{"line":277,"column":8},"end":{"line":279,"column":9}},{"start":{},"end":{}}]}},"s":{"0":2,"1":2,"2":2,"3":2,"4":2,"5":2,"6":2,"7":2,"8":2,"9":2,"10":2,"11":15,"12":15,"13":2,"14":2,"15":1,"16":1,"17":2,"18":2,"19":1,"20":1,"21":1,"22":1,"23":0,"24":1,"25":1,"26":1,"27":1,"28":2,"29":2,"30":1,"31":1,"32":1,"33":2,"34":2,"35":1,"36":1,"37":1,"38":4,"39":3,"40":2,"41":1,"42":1,"43":1,"44":1,"45":1,"46":1,"47":2,"48":2,"49":2,"50":2,"51":2,"52":2,"53":2,"54":2,"55":3,"56":3,"57":2,"58":3,"59":3,"60":0,"61":3,"62":3,"63":3,"64":2,"65":2,"66":0,"67":2,"68":2,"69":2,"70":5,"71":5,"72":3,"73":2,"74":1,"75":1,"76":5,"77":1,"78":2,"79":0,"80":2,"81":1,"82":2,"83":0,"84":2,"85":0,"86":1,"87":1,"88":0,"89":2,"90":0,"91":2,"92":8,"93":8,"94":1,"95":7,"96":6,"97":0,"98":0,"99":2,"100":2},"f":{"0":2,"1":2,"2":2,"3":1,"4":1,"5":2,"6":2,"7":4,"8":2,"9":3,"10":3,"11":3,"12":2,"13":2,"14":5,"15":5,"16":5,"17":2,"18":2,"19":1,"20":2,"21":8,"22":8,"23":6,"24":0,"25":0},"b":{"0":[2,2],"1":[1,1],"2":[1,1],"3":[0,1],"4":[1,0],"5":[1,1],"6":[1,1],"7":[2,1],"8":[0,3],"9":[0,2],"10":[3,2],"11":[1,1],"12":[2,1],"13":[1,4],"14":[0,2],"15":[1,1],"16":[0,2],"17":[0,2],"18":[0,1],"19":[1,1],"20":[0,2],"21":[1,7]}}
,"D:\\Desktop\\Backend\\src\\modules\\tasks\\dto\\task-response.dto.ts": {"path":"D:\\Desktop\\Backend\\src\\modules\\tasks\\dto\\task-response.dto.ts","statementMap":{"0":{"start":{"line":1,"column":0},"end":{"line":1,"column":58}},"1":{"start":{"line":2,"column":0},"end":{"line":2,"column":83}},"2":{"start":{"line":3,"column":0},"end":{"line":3,"column":86}},"3":{"start":{"line":4,"column":0},"end":{"line":4,"column":73}},"4":{"start":{"line":5,"column":0},"end":{"line":5,"column":69}},"5":{"start":{"line":8,"column":7},"end":{"line":49,"column":null}},"6":{"start":{"line":8,"column":13},"end":{"line":8,"column":28}},"7":{"start":{"line":10,"column":4},"end":{"line":10,"column":null}},"8":{"start":{"line":13,"column":4},"end":{"line":13,"column":null}},"9":{"start":{"line":16,"column":4},"end":{"line":16,"column":null}},"10":{"start":{"line":19,"column":4},"end":{"line":19,"column":null}},"11":{"start":{"line":22,"column":4},"end":{"line":22,"column":null}},"12":{"start":{"line":25,"column":4},"end":{"line":25,"column":null}},"13":{"start":{"line":28,"column":4},"end":{"line":28,"column":null}},"14":{"start":{"line":31,"column":4},"end":{"line":31,"column":null}},"15":{"start":{"line":35,"column":4},"end":{"line":35,"column":null}},"16":{"start":{"line":34,"column":16},"end":{"line":34,"column":34}},"17":{"start":{"line":39,"column":4},"end":{"line":39,"column":null}},"18":{"start":{"line":38,"column":16},"end":{"line":38,"column":35}},"19":{"start":{"line":43,"column":4},"end":{"line":43,"column":null}},"20":{"start":{"line":42,"column":16},"end":{"line":42,"column":31}},"21":{"start":{"line":47,"column":4},"end":{"line":47,"column":null}},"22":{"start":{"line":46,"column":16},"end":{"line":46,"column":32}},"23":{"start":{"line":8,"column":13},"end":{"line":49,"column":null}}},"fnMap":{"0":{"name":"(anonymous_2)","decl":{"start":{"line":34,"column":10},"end":{"line":34,"column":13}},"loc":{"start":{"line":34,"column":16},"end":{"line":34,"column":34}}},"1":{"name":"(anonymous_3)","decl":{"start":{"line":38,"column":10},"end":{"line":38,"column":13}},"loc":{"start":{"line":38,"column":16},"end":{"line":38,"column":35}}},"2":{"name":"(anonymous_4)","decl":{"start":{"line":42,"column":10},"end":{"line":42,"column":13}},"loc":{"start":{"line":42,"column":16},"end":{"line":42,"column":31}}},"3":{"name":"(anonymous_5)","decl":{"start":{"line":46,"column":10},"end":{"line":46,"column":13}},"loc":{"start":{"line":46,"column":16},"end":{"line":46,"column":32}}}},"branchMap":{},"s":{"0":2,"1":2,"2":2,"3":2,"4":2,"5":2,"6":2,"7":2,"8":2,"9":2,"10":2,"11":2,"12":2,"13":2,"14":2,"15":2,"16":6,"17":2,"18":6,"19":2,"20":6,"21":2,"22":6,"23":2},"f":{"0":6,"1":6,"2":6,"3":6},"b":{}}
,"D:\\Desktop\\Backend\\src\\modules\\tasks\\entities\\task.entity.ts": {"path":"D:\\Desktop\\Backend\\src\\modules\\tasks\\entities\\task.entity.ts","statementMap":{"0":{"start":{"line":1,"column":0},"end":{"line":1,"column":89}},"1":{"start":{"line":2,"column":0},"end":{"line":2,"column":65}},"2":{"start":{"line":3,"column":0},"end":{"line":3,"column":68}},"3":{"start":{"line":4,"column":0},"end":{"line":4,"column":56}},"4":{"start":{"line":5,"column":0},"end":{"line":5,"column":57}},"5":{"start":{"line":9,"column":7},"end":{"line":51,"column":null}},"6":{"start":{"line":9,"column":13},"end":{"line":9,"column":17}},"7":{"start":{"line":11,"column":2},"end":{"line":11,"column":null}},"8":{"start":{"line":14,"column":2},"end":{"line":14,"column":null}},"9":{"start":{"line":17,"column":2},"end":{"line":17,"column":null}},"10":{"start":{"line":20,"column":2},"end":{"line":20,"column":null}},"11":{"start":{"line":23,"column":2},"end":{"line":23,"column":null}},"12":{"start":{"line":26,"column":2},"end":{"line":26,"column":null}},"13":{"start":{"line":29,"column":2},"end":{"line":29,"column":null}},"14":{"start":{"line":32,"column":2},"end":{"line":32,"column":null}},"15":{"start":{"line":36,"column":2},"end":{"line":36,"column":null}},"16":{"start":{"line":34,"column":19},"end":{"line":34,"column":26}},"17":{"start":{"line":34,"column":41},"end":{"line":34,"column":54}},"18":{"start":{"line":42,"column":2},"end":{"line":42,"column":null}},"19":{"start":{"line":38,"column":19},"end":{"line":38,"column":27}},"20":{"start":{"line":38,"column":43},"end":{"line":38,"column":57}},"21":{"start":{"line":46,"column":2},"end":{"line":46,"column":null}},"22":{"start":{"line":44,"column":19},"end":{"line":44,"column":23}},"23":{"start":{"line":44,"column":35},"end":{"line":44,"column":45}},"24":{"start":{"line":50,"column":2},"end":{"line":50,"column":null}},"25":{"start":{"line":48,"column":19},"end":{"line":48,"column":24}},"26":{"start":{"line":48,"column":37},"end":{"line":48,"column":48}},"27":{"start":{"line":9,"column":13},"end":{"line":51,"column":null}}},"fnMap":{"0":{"name":"(anonymous_2)","decl":{"start":{"line":34,"column":13},"end":{"line":34,"column":16}},"loc":{"start":{"line":34,"column":19},"end":{"line":34,"column":26}}},"1":{"name":"(anonymous_3)","decl":{"start":{"line":34,"column":28},"end":{"line":34,"column":29}},"loc":{"start":{"line":34,"column":41},"end":{"line":34,"column":54}}},"2":{"name":"(anonymous_4)","decl":{"start":{"line":38,"column":13},"end":{"line":38,"column":16}},"loc":{"start":{"line":38,"column":19},"end":{"line":38,"column":27}}},"3":{"name":"(anonymous_5)","decl":{"start":{"line":38,"column":29},"end":{"line":38,"column":30}},"loc":{"start":{"line":38,"column":43},"end":{"line":38,"column":57}}},"4":{"name":"(anonymous_6)","decl":{"start":{"line":44,"column":13},"end":{"line":44,"column":16}},"loc":{"start":{"line":44,"column":19},"end":{"line":44,"column":23}}},"5":{"name":"(anonymous_7)","decl":{"start":{"line":44,"column":25},"end":{"line":44,"column":26}},"loc":{"start":{"line":44,"column":35},"end":{"line":44,"column":45}}},"6":{"name":"(anonymous_8)","decl":{"start":{"line":48,"column":13},"end":{"line":48,"column":16}},"loc":{"start":{"line":48,"column":19},"end":{"line":48,"column":24}}},"7":{"name":"(anonymous_9)","decl":{"start":{"line":48,"column":26},"end":{"line":48,"column":27}},"loc":{"start":{"line":48,"column":37},"end":{"line":48,"column":48}}}},"branchMap":{},"s":{"0":2,"1":2,"2":2,"3":2,"4":2,"5":2,"6":2,"7":2,"8":2,"9":2,"10":2,"11":2,"12":2,"13":2,"14":2,"15":2,"16":0,"17":0,"18":2,"19":0,"20":0,"21":2,"22":0,"23":0,"24":2,"25":0,"26":0,"27":2},"f":{"0":0,"1":0,"2":0,"3":0,"4":0,"5":0,"6":0,"7":0},"b":{}}
}
