{"D:\\Desktop\\Backend\\src\\app.controller.ts": {"path":"D:\\Desktop\\Backend\\src\\app.controller.ts","statementMap":{"0":{"start":{"line":1,"column":0},"end":{"line":1,"column":49}},"1":{"start":{"line":2,"column":0},"end":{"line":2,"column":43}},"2":{"start":{"line":5,"column":7},"end":{"line":12,"column":null}},"3":{"start":{"line":6,"column":31},"end":{"line":6,"column":43}},"4":{"start":{"line":10,"column":4},"end":{"line":10,"column":38}},"5":{"start":{"line":5,"column":13},"end":{"line":5,"column":26}},"6":{"start":{"line":9,"column":2},"end":{"line":11,"column":null}},"7":{"start":{"line":5,"column":13},"end":{"line":12,"column":null}}},"fnMap":{"0":{"name":"(anonymous_2)","decl":{"start":{"line":6,"column":2},"end":{"line":6,"column":31}},"loc":{"start":{"line":6,"column":53},"end":{"line":6,"column":57}}},"1":{"name":"(anonymous_3)","decl":{"start":{"line":9,"column":2},"end":{"line":9,"column":10}},"loc":{"start":{"line":9,"column":10},"end":{"line":11,"column":3}}}},"branchMap":{},"s":{"0":1,"1":1,"2":1,"3":1,"4":1,"5":1,"6":1,"7":1},"f":{"0":1,"1":1},"b":{}}
,"D:\\Desktop\\Backend\\src\\app.service.ts": {"path":"D:\\Desktop\\Backend\\src\\app.service.ts","statementMap":{"0":{"start":{"line":1,"column":0},"end":{"line":1,"column":44}},"1":{"start":{"line":4,"column":7},"end":{"line":8,"column":null}},"2":{"start":{"line":6,"column":4},"end":{"line":6,"column":26}},"3":{"start":{"line":4,"column":13},"end":{"line":4,"column":23}},"4":{"start":{"line":4,"column":13},"end":{"line":8,"column":null}}},"fnMap":{"0":{"name":"(anonymous_1)","decl":{"start":{"line":5,"column":2},"end":{"line":5,"column":10}},"loc":{"start":{"line":5,"column":10},"end":{"line":7,"column":3}}}},"branchMap":{},"s":{"0":1,"1":1,"2":1,"3":1,"4":1},"f":{"0":1},"b":{}}
,"D:\\Desktop\\Backend\\src\\common\\dto\\state-response.dto.ts": {"path":"D:\\Desktop\\Backend\\src\\common\\dto\\state-response.dto.ts","statementMap":{"0":{"start":{"line":1,"column":0},"end":{"line":1,"column":43}},"1":{"start":{"line":2,"column":0},"end":{"line":2,"column":53}},"2":{"start":{"line":4,"column":0},"end":{"line":4,"column":13}},"3":{"start":{"line":7,"column":4},"end":{"line":7,"column":null}},"4":{"start":{"line":10,"column":4},"end":{"line":10,"column":null}}},"fnMap":{},"branchMap":{},"s":{"0":1,"1":1,"2":1,"3":1,"4":1},"f":{},"b":{}}
,"D:\\Desktop\\Backend\\src\\common\\entities\\state.entity.ts": {"path":"D:\\Desktop\\Backend\\src\\common\\entities\\state.entity.ts","statementMap":{"0":{"start":{"line":1,"column":0},"end":{"line":1,"column":76}},"1":{"start":{"line":2,"column":0},"end":{"line":2,"column":67}},"2":{"start":{"line":3,"column":0},"end":{"line":3,"column":73}},"3":{"start":{"line":4,"column":0},"end":{"line":4,"column":64}},"4":{"start":{"line":7,"column":0},"end":{"line":7,"column":null}},"5":{"start":{"line":8,"column":4},"end":{"line":8,"column":null}},"6":{"start":{"line":9,"column":4},"end":{"line":9,"column":null}},"7":{"start":{"line":10,"column":4},"end":{"line":10,"column":null}},"8":{"start":{"line":11,"column":4},"end":{"line":11,"column":null}},"9":{"start":{"line":15,"column":7},"end":{"line":38,"column":null}},"10":{"start":{"line":15,"column":13},"end":{"line":15,"column":18}},"11":{"start":{"line":18,"column":4},"end":{"line":18,"column":null}},"12":{"start":{"line":27,"column":4},"end":{"line":27,"column":null}},"13":{"start":{"line":31,"column":4},"end":{"line":31,"column":null}},"14":{"start":{"line":30,"column":21},"end":{"line":30,"column":26}},"15":{"start":{"line":30,"column":39},"end":{"line":30,"column":50}},"16":{"start":{"line":34,"column":4},"end":{"line":34,"column":null}},"17":{"start":{"line":33,"column":21},"end":{"line":33,"column":28}},"18":{"start":{"line":33,"column":43},"end":{"line":33,"column":56}},"19":{"start":{"line":37,"column":4},"end":{"line":37,"column":null}},"20":{"start":{"line":36,"column":21},"end":{"line":36,"column":25}},"21":{"start":{"line":36,"column":37},"end":{"line":36,"column":47}},"22":{"start":{"line":15,"column":13},"end":{"line":38,"column":null}}},"fnMap":{"0":{"name":"(anonymous_2)","decl":{"start":{"line":7,"column":0},"end":{"line":7,"column":12}},"loc":{"start":{"line":7,"column":21},"end":{"line":12,"column":1}}},"1":{"name":"(anonymous_3)","decl":{"start":{"line":30,"column":15},"end":{"line":30,"column":18}},"loc":{"start":{"line":30,"column":21},"end":{"line":30,"column":26}}},"2":{"name":"(anonymous_4)","decl":{"start":{"line":30,"column":28},"end":{"line":30,"column":29}},"loc":{"start":{"line":30,"column":39},"end":{"line":30,"column":50}}},"3":{"name":"(anonymous_5)","decl":{"start":{"line":33,"column":15},"end":{"line":33,"column":18}},"loc":{"start":{"line":33,"column":21},"end":{"line":33,"column":28}}},"4":{"name":"(anonymous_6)","decl":{"start":{"line":33,"column":30},"end":{"line":33,"column":31}},"loc":{"start":{"line":33,"column":43},"end":{"line":33,"column":56}}},"5":{"name":"(anonymous_7)","decl":{"start":{"line":36,"column":15},"end":{"line":36,"column":18}},"loc":{"start":{"line":36,"column":21},"end":{"line":36,"column":25}}},"6":{"name":"(anonymous_8)","decl":{"start":{"line":36,"column":27},"end":{"line":36,"column":28}},"loc":{"start":{"line":36,"column":37},"end":{"line":36,"column":47}}}},"branchMap":{"0":{"loc":{"start":{"line":7,"column":12},"end":{"line":7,"column":null}},"type":"binary-expr","locations":[{"start":{"line":7,"column":12},"end":{"line":7,"column":21}},{"start":{"line":7,"column":21},"end":{"line":7,"column":null}}]}},"s":{"0":1,"1":1,"2":1,"3":1,"4":1,"5":1,"6":1,"7":1,"8":1,"9":1,"10":1,"11":1,"12":1,"13":1,"14":0,"15":0,"16":1,"17":0,"18":0,"19":1,"20":0,"21":0,"22":1},"f":{"0":1,"1":0,"2":0,"3":0,"4":0,"5":0,"6":0},"b":{"0":[1,1]}}
,"D:\\Desktop\\Backend\\src\\modules\\areas\\dto\\area-respose.dto.ts": {"path":"D:\\Desktop\\Backend\\src\\modules\\areas\\dto\\area-respose.dto.ts","statementMap":{"0":{"start":{"line":1,"column":0},"end":{"line":1,"column":49}},"1":{"start":{"line":2,"column":0},"end":{"line":2,"column":74}},"2":{"start":{"line":4,"column":0},"end":{"line":4,"column":13}},"3":{"start":{"line":6,"column":2},"end":{"line":6,"column":null}},"4":{"start":{"line":9,"column":2},"end":{"line":9,"column":null}},"5":{"start":{"line":13,"column":2},"end":{"line":13,"column":null}},"6":{"start":{"line":12,"column":14},"end":{"line":12,"column":29}}},"fnMap":{"0":{"name":"(anonymous_2)","decl":{"start":{"line":12,"column":8},"end":{"line":12,"column":11}},"loc":{"start":{"line":12,"column":14},"end":{"line":12,"column":29}}}},"branchMap":{},"s":{"0":1,"1":1,"2":1,"3":1,"4":1,"5":1,"6":0},"f":{"0":0},"b":{}}
,"D:\\Desktop\\Backend\\src\\modules\\areas\\entities\\area.entity.ts": {"path":"D:\\Desktop\\Backend\\src\\modules\\areas\\entities\\area.entity.ts","statementMap":{"0":{"start":{"line":1,"column":0},"end":{"line":1,"column":76}},"1":{"start":{"line":2,"column":0},"end":{"line":2,"column":62}},"2":{"start":{"line":3,"column":0},"end":{"line":3,"column":62}},"3":{"start":{"line":6,"column":7},"end":{"line":18,"column":null}},"4":{"start":{"line":6,"column":13},"end":{"line":6,"column":17}},"5":{"start":{"line":8,"column":2},"end":{"line":8,"column":null}},"6":{"start":{"line":11,"column":2},"end":{"line":11,"column":null}},"7":{"start":{"line":14,"column":2},"end":{"line":14,"column":null}},"8":{"start":{"line":13,"column":19},"end":{"line":13,"column":23}},"9":{"start":{"line":13,"column":35},"end":{"line":13,"column":44}},"10":{"start":{"line":17,"column":2},"end":{"line":17,"column":null}},"11":{"start":{"line":16,"column":19},"end":{"line":16,"column":23}},"12":{"start":{"line":16,"column":35},"end":{"line":16,"column":44}},"13":{"start":{"line":6,"column":13},"end":{"line":18,"column":null}}},"fnMap":{"0":{"name":"(anonymous_2)","decl":{"start":{"line":13,"column":13},"end":{"line":13,"column":16}},"loc":{"start":{"line":13,"column":19},"end":{"line":13,"column":23}}},"1":{"name":"(anonymous_3)","decl":{"start":{"line":13,"column":25},"end":{"line":13,"column":26}},"loc":{"start":{"line":13,"column":35},"end":{"line":13,"column":44}}},"2":{"name":"(anonymous_4)","decl":{"start":{"line":16,"column":13},"end":{"line":16,"column":16}},"loc":{"start":{"line":16,"column":19},"end":{"line":16,"column":23}}},"3":{"name":"(anonymous_5)","decl":{"start":{"line":16,"column":25},"end":{"line":16,"column":26}},"loc":{"start":{"line":16,"column":35},"end":{"line":16,"column":44}}}},"branchMap":{},"s":{"0":1,"1":1,"2":1,"3":1,"4":1,"5":1,"6":1,"7":1,"8":0,"9":0,"10":1,"11":0,"12":0,"13":1},"f":{"0":0,"1":0,"2":0,"3":0},"b":{}}
,"D:\\Desktop\\Backend\\src\\modules\\categories\\entities\\category.entity.ts": {"path":"D:\\Desktop\\Backend\\src\\modules\\categories\\entities\\category.entity.ts","statementMap":{"0":{"start":{"line":1,"column":0},"end":{"line":1,"column":76}},"1":{"start":{"line":2,"column":0},"end":{"line":2,"column":62}},"2":{"start":{"line":3,"column":0},"end":{"line":3,"column":71}},"3":{"start":{"line":6,"column":7},"end":{"line":21,"column":null}},"4":{"start":{"line":6,"column":13},"end":{"line":6,"column":21}},"5":{"start":{"line":8,"column":2},"end":{"line":8,"column":null}},"6":{"start":{"line":11,"column":2},"end":{"line":11,"column":null}},"7":{"start":{"line":14,"column":2},"end":{"line":14,"column":null}},"8":{"start":{"line":17,"column":2},"end":{"line":17,"column":null}},"9":{"start":{"line":16,"column":19},"end":{"line":16,"column":23}},"10":{"start":{"line":16,"column":35},"end":{"line":16,"column":48}},"11":{"start":{"line":20,"column":2},"end":{"line":20,"column":null}},"12":{"start":{"line":19,"column":19},"end":{"line":19,"column":26}},"13":{"start":{"line":19,"column":41},"end":{"line":19,"column":57}},"14":{"start":{"line":6,"column":13},"end":{"line":21,"column":null}}},"fnMap":{"0":{"name":"(anonymous_2)","decl":{"start":{"line":16,"column":13},"end":{"line":16,"column":16}},"loc":{"start":{"line":16,"column":19},"end":{"line":16,"column":23}}},"1":{"name":"(anonymous_3)","decl":{"start":{"line":16,"column":25},"end":{"line":16,"column":26}},"loc":{"start":{"line":16,"column":35},"end":{"line":16,"column":48}}},"2":{"name":"(anonymous_4)","decl":{"start":{"line":19,"column":13},"end":{"line":19,"column":16}},"loc":{"start":{"line":19,"column":19},"end":{"line":19,"column":26}}},"3":{"name":"(anonymous_5)","decl":{"start":{"line":19,"column":28},"end":{"line":19,"column":29}},"loc":{"start":{"line":19,"column":41},"end":{"line":19,"column":57}}}},"branchMap":{},"s":{"0":1,"1":1,"2":1,"3":1,"4":1,"5":1,"6":1,"7":1,"8":1,"9":0,"10":0,"11":1,"12":0,"13":0,"14":1},"f":{"0":0,"1":0,"2":0,"3":0},"b":{}}
,"D:\\Desktop\\Backend\\src\\modules\\customers\\entities\\customer.entity.ts": {"path":"D:\\Desktop\\Backend\\src\\modules\\customers\\entities\\customer.entity.ts","statementMap":{"0":{"start":{"line":1,"column":0},"end":{"line":1,"column":65}},"1":{"start":{"line":2,"column":0},"end":{"line":2,"column":76}},"2":{"start":{"line":5,"column":7},"end":{"line":21,"column":null}},"3":{"start":{"line":5,"column":13},"end":{"line":5,"column":21}},"4":{"start":{"line":8,"column":2},"end":{"line":8,"column":null}},"5":{"start":{"line":11,"column":2},"end":{"line":11,"column":null}},"6":{"start":{"line":14,"column":2},"end":{"line":14,"column":null}},"7":{"start":{"line":17,"column":2},"end":{"line":17,"column":null}},"8":{"start":{"line":20,"column":2},"end":{"line":20,"column":null}},"9":{"start":{"line":19,"column":19},"end":{"line":19,"column":24}},"10":{"start":{"line":19,"column":37},"end":{"line":19,"column":51}},"11":{"start":{"line":5,"column":13},"end":{"line":21,"column":null}}},"fnMap":{"0":{"name":"(anonymous_2)","decl":{"start":{"line":19,"column":13},"end":{"line":19,"column":16}},"loc":{"start":{"line":19,"column":19},"end":{"line":19,"column":24}}},"1":{"name":"(anonymous_3)","decl":{"start":{"line":19,"column":26},"end":{"line":19,"column":27}},"loc":{"start":{"line":19,"column":37},"end":{"line":19,"column":51}}}},"branchMap":{},"s":{"0":1,"1":1,"2":1,"3":1,"4":1,"5":1,"6":1,"7":1,"8":1,"9":0,"10":0,"11":1},"f":{"0":0,"1":0},"b":{}}
,"D:\\Desktop\\Backend\\src\\modules\\employees\\dto\\employee-response.dto.ts": {"path":"D:\\Desktop\\Backend\\src\\modules\\employees\\dto\\employee-response.dto.ts","statementMap":{"0":{"start":{"line":1,"column":0},"end":{"line":1,"column":49}},"1":{"start":{"line":2,"column":0},"end":{"line":2,"column":74}},"2":{"start":{"line":3,"column":0},"end":{"line":3,"column":74}},"3":{"start":{"line":5,"column":0},"end":{"line":5,"column":13}},"4":{"start":{"line":8,"column":4},"end":{"line":8,"column":null}},"5":{"start":{"line":11,"column":4},"end":{"line":11,"column":null}},"6":{"start":{"line":14,"column":4},"end":{"line":14,"column":null}},"7":{"start":{"line":17,"column":4},"end":{"line":17,"column":null}},"8":{"start":{"line":20,"column":4},"end":{"line":20,"column":null}},"9":{"start":{"line":24,"column":4},"end":{"line":24,"column":null}},"10":{"start":{"line":23,"column":16},"end":{"line":23,"column":31}},"11":{"start":{"line":28,"column":4},"end":{"line":28,"column":null}},"12":{"start":{"line":27,"column":16},"end":{"line":27,"column":31}}},"fnMap":{"0":{"name":"(anonymous_2)","decl":{"start":{"line":23,"column":10},"end":{"line":23,"column":13}},"loc":{"start":{"line":23,"column":16},"end":{"line":23,"column":31}}},"1":{"name":"(anonymous_3)","decl":{"start":{"line":27,"column":10},"end":{"line":27,"column":13}},"loc":{"start":{"line":27,"column":16},"end":{"line":27,"column":31}}}},"branchMap":{},"s":{"0":1,"1":1,"2":1,"3":1,"4":1,"5":1,"6":1,"7":1,"8":1,"9":1,"10":0,"11":1,"12":0},"f":{"0":0,"1":0},"b":{}}
,"D:\\Desktop\\Backend\\src\\modules\\employees\\entities\\employee.entity.ts": {"path":"D:\\Desktop\\Backend\\src\\modules\\employees\\entities\\employee.entity.ts","statementMap":{"0":{"start":{"line":1,"column":0},"end":{"line":1,"column":62}},"1":{"start":{"line":2,"column":0},"end":{"line":2,"column":62}},"2":{"start":{"line":3,"column":0},"end":{"line":3,"column":99}},"3":{"start":{"line":5,"column":0},"end":{"line":5,"column":null}},"4":{"start":{"line":6,"column":2},"end":{"line":6,"column":null}},"5":{"start":{"line":7,"column":2},"end":{"line":7,"column":null}},"6":{"start":{"line":12,"column":7},"end":{"line":38,"column":null}},"7":{"start":{"line":12,"column":13},"end":{"line":12,"column":21}},"8":{"start":{"line":15,"column":2},"end":{"line":15,"column":null}},"9":{"start":{"line":18,"column":2},"end":{"line":18,"column":null}},"10":{"start":{"line":21,"column":2},"end":{"line":21,"column":null}},"11":{"start":{"line":24,"column":2},"end":{"line":24,"column":null}},"12":{"start":{"line":27,"column":2},"end":{"line":27,"column":null}},"13":{"start":{"line":30,"column":2},"end":{"line":30,"column":null}},"14":{"start":{"line":34,"column":2},"end":{"line":34,"column":null}},"15":{"start":{"line":32,"column":19},"end":{"line":32,"column":23}},"16":{"start":{"line":32,"column":35},"end":{"line":32,"column":49}},"17":{"start":{"line":37,"column":2},"end":{"line":37,"column":null}},"18":{"start":{"line":36,"column":19},"end":{"line":36,"column":23}},"19":{"start":{"line":36,"column":35},"end":{"line":36,"column":48}},"20":{"start":{"line":12,"column":13},"end":{"line":38,"column":null}}},"fnMap":{"0":{"name":"(anonymous_2)","decl":{"start":{"line":5,"column":0},"end":{"line":5,"column":12}},"loc":{"start":{"line":5,"column":18},"end":{"line":8,"column":1}}},"1":{"name":"(anonymous_3)","decl":{"start":{"line":32,"column":13},"end":{"line":32,"column":16}},"loc":{"start":{"line":32,"column":19},"end":{"line":32,"column":23}}},"2":{"name":"(anonymous_4)","decl":{"start":{"line":32,"column":25},"end":{"line":32,"column":26}},"loc":{"start":{"line":32,"column":35},"end":{"line":32,"column":49}}},"3":{"name":"(anonymous_5)","decl":{"start":{"line":36,"column":13},"end":{"line":36,"column":16}},"loc":{"start":{"line":36,"column":19},"end":{"line":36,"column":23}}},"4":{"name":"(anonymous_6)","decl":{"start":{"line":36,"column":25},"end":{"line":36,"column":26}},"loc":{"start":{"line":36,"column":35},"end":{"line":36,"column":48}}}},"branchMap":{"0":{"loc":{"start":{"line":5,"column":12},"end":{"line":5,"column":null}},"type":"binary-expr","locations":[{"start":{"line":5,"column":12},"end":{"line":5,"column":18}},{"start":{"line":5,"column":18},"end":{"line":5,"column":null}}]}},"s":{"0":1,"1":1,"2":1,"3":1,"4":1,"5":1,"6":1,"7":1,"8":1,"9":1,"10":1,"11":1,"12":1,"13":1,"14":1,"15":0,"16":0,"17":1,"18":0,"19":0,"20":1},"f":{"0":1,"1":0,"2":0,"3":0,"4":0},"b":{"0":[1,1]}}
,"D:\\Desktop\\Backend\\src\\modules\\flows\\entities\\flow.entity.ts": {"path":"D:\\Desktop\\Backend\\src\\modules\\flows\\entities\\flow.entity.ts","statementMap":{"0":{"start":{"line":1,"column":0},"end":{"line":1,"column":75}},"1":{"start":{"line":2,"column":0},"end":{"line":2,"column":62}},"2":{"start":{"line":3,"column":0},"end":{"line":3,"column":96}},"3":{"start":{"line":7,"column":7},"end":{"line":28,"column":null}},"4":{"start":{"line":7,"column":13},"end":{"line":7,"column":17}},"5":{"start":{"line":10,"column":2},"end":{"line":10,"column":null}},"6":{"start":{"line":13,"column":2},"end":{"line":13,"column":null}},"7":{"start":{"line":16,"column":2},"end":{"line":16,"column":null}},"8":{"start":{"line":19,"column":2},"end":{"line":19,"column":null}},"9":{"start":{"line":23,"column":2},"end":{"line":23,"column":null}},"10":{"start":{"line":21,"column":19},"end":{"line":21,"column":23}},"11":{"start":{"line":21,"column":35},"end":{"line":21,"column":45}},"12":{"start":{"line":27,"column":2},"end":{"line":27,"column":null}},"13":{"start":{"line":25,"column":19},"end":{"line":25,"column":27}},"14":{"start":{"line":25,"column":43},"end":{"line":25,"column":57}},"15":{"start":{"line":7,"column":13},"end":{"line":28,"column":null}}},"fnMap":{"0":{"name":"(anonymous_2)","decl":{"start":{"line":21,"column":13},"end":{"line":21,"column":16}},"loc":{"start":{"line":21,"column":19},"end":{"line":21,"column":23}}},"1":{"name":"(anonymous_3)","decl":{"start":{"line":21,"column":25},"end":{"line":21,"column":26}},"loc":{"start":{"line":21,"column":35},"end":{"line":21,"column":45}}},"2":{"name":"(anonymous_4)","decl":{"start":{"line":25,"column":13},"end":{"line":25,"column":16}},"loc":{"start":{"line":25,"column":19},"end":{"line":25,"column":27}}},"3":{"name":"(anonymous_5)","decl":{"start":{"line":25,"column":29},"end":{"line":25,"column":30}},"loc":{"start":{"line":25,"column":43},"end":{"line":25,"column":57}}}},"branchMap":{},"s":{"0":1,"1":1,"2":1,"3":1,"4":1,"5":1,"6":1,"7":1,"8":1,"9":1,"10":0,"11":0,"12":1,"13":0,"14":0,"15":1},"f":{"0":0,"1":0,"2":0,"3":0},"b":{}}
,"D:\\Desktop\\Backend\\src\\modules\\orders\\orders.service.ts": {"path":"D:\\Desktop\\Backend\\src\\modules\\orders\\orders.service.ts","statementMap":{"0":{"start":{"line":1,"column":0},"end":{"line":1,"column":84}},"1":{"start":{"line":2,"column":0},"end":{"line":2,"column":51}},"2":{"start":{"line":3,"column":0},"end":{"line":3,"column":37}},"3":{"start":{"line":4,"column":0},"end":{"line":4,"column":52}},"4":{"start":{"line":5,"column":0},"end":{"line":5,"column":48}},"5":{"start":{"line":6,"column":0},"end":{"line":6,"column":60}},"6":{"start":{"line":9,"column":0},"end":{"line":9,"column":66}},"7":{"start":{"line":12,"column":7},"end":{"line":92,"column":null}},"8":{"start":{"line":14,"column":46},"end":{"line":14,"column":63}},"9":{"start":{"line":15,"column":21},"end":{"line":15,"column":39}},"10":{"start":{"line":19,"column":19},"end":{"line":22,"column":6}},"11":{"start":{"line":24,"column":4},"end":{"line":26,"column":5}},"12":{"start":{"line":25,"column":6},"end":{"line":25,"column":60}},"13":{"start":{"line":28,"column":4},"end":{"line":28,"column":49}},"14":{"start":{"line":28,"column":29},"end":{"line":28,"column":47}},"15":{"start":{"line":32,"column":18},"end":{"line":35,"column":6}},"16":{"start":{"line":37,"column":4},"end":{"line":37,"column":84}},"17":{"start":{"line":37,"column":16},"end":{"line":37,"column":84}},"18":{"start":{"line":39,"column":4},"end":{"line":39,"column":32}},"19":{"start":{"line":43,"column":4},"end":{"line":43,"column":58}},"20":{"start":{"line":45,"column":4},"end":{"line":47,"column":5}},"21":{"start":{"line":46,"column":6},"end":{"line":46,"column":97}},"22":{"start":{"line":49,"column":21},"end":{"line":49,"column":73}},"23":{"start":{"line":50,"column":18},"end":{"line":50,"column":59}},"24":{"start":{"line":53,"column":4},"end":{"line":53,"column":41}},"25":{"start":{"line":57,"column":18},"end":{"line":60,"column":6}},"26":{"start":{"line":62,"column":4},"end":{"line":62,"column":84}},"27":{"start":{"line":62,"column":16},"end":{"line":62,"column":84}},"28":{"start":{"line":64,"column":4},"end":{"line":66,"column":5}},"29":{"start":{"line":65,"column":6},"end":{"line":65,"column":95}},"30":{"start":{"line":68,"column":4},"end":{"line":68,"column":64}},"31":{"start":{"line":69,"column":18},"end":{"line":69,"column":56}},"32":{"start":{"line":71,"column":4},"end":{"line":71,"column":32}},"33":{"start":{"line":76,"column":4},"end":{"line":90,"column":6}},"34":{"start":{"line":82,"column":44},"end":{"line":87,"column":10}},"35":{"start":{"line":12,"column":13},"end":{"line":12,"column":26}},"36":{"start":{"line":12,"column":13},"end":{"line":92,"column":null}}},"fnMap":{"0":{"name":"(anonymous_4)","decl":{"start":{"line":13,"column":2},"end":{"line":13,"column":null}},"loc":{"start":{"line":15,"column":55},"end":{"line":16,"column":6}}},"1":{"name":"(anonymous_5)","decl":{"start":{"line":18,"column":2},"end":{"line":18,"column":7}},"loc":{"start":{"line":18,"column":15},"end":{"line":29,"column":3}}},"2":{"name":"(anonymous_6)","decl":{"start":{"line":28,"column":22},"end":{"line":28,"column":25}},"loc":{"start":{"line":28,"column":29},"end":{"line":28,"column":47}}},"3":{"name":"(anonymous_7)","decl":{"start":{"line":31,"column":2},"end":{"line":31,"column":7}},"loc":{"start":{"line":31,"column":27},"end":{"line":40,"column":3}}},"4":{"name":"(anonymous_8)","decl":{"start":{"line":42,"column":2},"end":{"line":42,"column":7}},"loc":{"start":{"line":42,"column":39},"end":{"line":54,"column":3}}},"5":{"name":"(anonymous_9)","decl":{"start":{"line":56,"column":2},"end":{"line":56,"column":7}},"loc":{"start":{"line":56,"column":51},"end":{"line":72,"column":3}}},"6":{"name":"(anonymous_10)","decl":{"start":{"line":75,"column":10},"end":{"line":75,"column":18}},"loc":{"start":{"line":75,"column":29},"end":{"line":91,"column":3}}},"7":{"name":"(anonymous_11)","decl":{"start":{"line":82,"column":38},"end":{"line":82,"column":39}},"loc":{"start":{"line":82,"column":44},"end":{"line":87,"column":10}}}},"branchMap":{"0":{"loc":{"start":{"line":24,"column":4},"end":{"line":26,"column":5}},"type":"if","locations":[{"start":{"line":24,"column":4},"end":{"line":26,"column":5}},{"start":{},"end":{}}]},"1":{"loc":{"start":{"line":24,"column":8},"end":{"line":24,"column":38}},"type":"binary-expr","locations":[{"start":{"line":24,"column":8},"end":{"line":24,"column":15}},{"start":{"line":24,"column":19},"end":{"line":24,"column":38}}]},"2":{"loc":{"start":{"line":37,"column":4},"end":{"line":37,"column":84}},"type":"if","locations":[{"start":{"line":37,"column":4},"end":{"line":37,"column":84}},{"start":{},"end":{}}]},"3":{"loc":{"start":{"line":45,"column":4},"end":{"line":47,"column":5}},"type":"if","locations":[{"start":{"line":45,"column":4},"end":{"line":47,"column":5}},{"start":{},"end":{}}]},"4":{"loc":{"start":{"line":45,"column":8},"end":{"line":45,"column":89}},"type":"binary-expr","locations":[{"start":{"line":45,"column":8},"end":{"line":45,"column":35}},{"start":{"line":45,"column":39},"end":{"line":45,"column":89}}]},"5":{"loc":{"start":{"line":62,"column":4},"end":{"line":62,"column":84}},"type":"if","locations":[{"start":{"line":62,"column":4},"end":{"line":62,"column":84}},{"start":{},"end":{}}]},"6":{"loc":{"start":{"line":64,"column":4},"end":{"line":66,"column":5}},"type":"if","locations":[{"start":{"line":64,"column":4},"end":{"line":66,"column":5}},{"start":{},"end":{}}]}},"s":{"0":1,"1":1,"2":1,"3":1,"4":1,"5":1,"6":1,"7":1,"8":9,"9":9,"10":2,"11":2,"12":1,"13":1,"14":1,"15":3,"16":3,"17":1,"18":2,"19":2,"20":2,"21":1,"22":1,"23":1,"24":1,"25":3,"26":3,"27":1,"28":2,"29":1,"30":1,"31":1,"32":1,"33":4,"34":0,"35":1,"36":1},"f":{"0":9,"1":2,"2":1,"3":3,"4":2,"5":3,"6":4,"7":0},"b":{"0":[1,1],"1":[2,2],"2":[1,2],"3":[1,1],"4":[2,2],"5":[1,2],"6":[1,1]}}
,"D:\\Desktop\\Backend\\src\\modules\\orders\\dto\\order-response.dto.ts": {"path":"D:\\Desktop\\Backend\\src\\modules\\orders\\dto\\order-response.dto.ts","statementMap":{"0":{"start":{"line":2,"column":0},"end":{"line":2,"column":60}},"1":{"start":{"line":3,"column":0},"end":{"line":3,"column":83}},"2":{"start":{"line":5,"column":0},"end":{"line":5,"column":13}},"3":{"start":{"line":7,"column":2},"end":{"line":7,"column":null}},"4":{"start":{"line":10,"column":2},"end":{"line":10,"column":null}},"5":{"start":{"line":13,"column":2},"end":{"line":13,"column":null}},"6":{"start":{"line":17,"column":2},"end":{"line":17,"column":null}},"7":{"start":{"line":16,"column":28},"end":{"line":16,"column":86}},"8":{"start":{"line":21,"column":2},"end":{"line":21,"column":null}},"9":{"start":{"line":20,"column":28},"end":{"line":20,"column":86}},"10":{"start":{"line":25,"column":2},"end":{"line":25,"column":null}},"11":{"start":{"line":24,"column":14},"end":{"line":24,"column":32}}},"fnMap":{"0":{"name":"(anonymous_2)","decl":{"start":{"line":16,"column":13},"end":{"line":16,"column":14}},"loc":{"start":{"line":16,"column":28},"end":{"line":16,"column":86}}},"1":{"name":"(anonymous_3)","decl":{"start":{"line":20,"column":13},"end":{"line":20,"column":14}},"loc":{"start":{"line":20,"column":28},"end":{"line":20,"column":86}}},"2":{"name":"(anonymous_4)","decl":{"start":{"line":24,"column":8},"end":{"line":24,"column":11}},"loc":{"start":{"line":24,"column":14},"end":{"line":24,"column":32}}}},"branchMap":{"0":{"loc":{"start":{"line":16,"column":28},"end":{"line":16,"column":86}},"type":"cond-expr","locations":[{"start":{"line":16,"column":36},"end":{"line":16,"column":79}},{"start":{"line":16,"column":82},"end":{"line":16,"column":86}}]},"1":{"loc":{"start":{"line":20,"column":28},"end":{"line":20,"column":86}},"type":"cond-expr","locations":[{"start":{"line":20,"column":36},"end":{"line":20,"column":79}},{"start":{"line":20,"column":82},"end":{"line":20,"column":86}}]}},"s":{"0":1,"1":1,"2":1,"3":1,"4":1,"5":1,"6":1,"7":4,"8":1,"9":4,"10":1,"11":4},"f":{"0":4,"1":4,"2":4},"b":{"0":[1,3],"1":[1,3]}}
,"D:\\Desktop\\Backend\\src\\modules\\orders\\entities\\order.entity.ts": {"path":"D:\\Desktop\\Backend\\src\\modules\\orders\\entities\\order.entity.ts","statementMap":{"0":{"start":{"line":1,"column":0},"end":{"line":1,"column":57}},"1":{"start":{"line":2,"column":0},"end":{"line":2,"column":74}},"2":{"start":{"line":3,"column":0},"end":{"line":3,"column":71}},"3":{"start":{"line":4,"column":0},"end":{"line":4,"column":111}},"4":{"start":{"line":7,"column":7},"end":{"line":33,"column":null}},"5":{"start":{"line":7,"column":13},"end":{"line":7,"column":18}},"6":{"start":{"line":9,"column":2},"end":{"line":9,"column":null}},"7":{"start":{"line":12,"column":2},"end":{"line":12,"column":null}},"8":{"start":{"line":15,"column":2},"end":{"line":15,"column":null}},"9":{"start":{"line":18,"column":2},"end":{"line":18,"column":null}},"10":{"start":{"line":17,"column":57},"end":{"line":17,"column":76}},"11":{"start":{"line":21,"column":2},"end":{"line":21,"column":null}},"12":{"start":{"line":25,"column":2},"end":{"line":25,"column":null}},"13":{"start":{"line":23,"column":19},"end":{"line":23,"column":24}},"14":{"start":{"line":23,"column":37},"end":{"line":23,"column":49}},"15":{"start":{"line":29,"column":2},"end":{"line":29,"column":null}},"16":{"start":{"line":27,"column":19},"end":{"line":27,"column":27}},"17":{"start":{"line":27,"column":43},"end":{"line":27,"column":58}},"18":{"start":{"line":32,"column":2},"end":{"line":32,"column":null}},"19":{"start":{"line":31,"column":19},"end":{"line":31,"column":26}},"20":{"start":{"line":31,"column":41},"end":{"line":31,"column":54}},"21":{"start":{"line":7,"column":13},"end":{"line":33,"column":null}}},"fnMap":{"0":{"name":"(anonymous_2)","decl":{"start":{"line":17,"column":51},"end":{"line":17,"column":54}},"loc":{"start":{"line":17,"column":57},"end":{"line":17,"column":76}}},"1":{"name":"(anonymous_3)","decl":{"start":{"line":23,"column":13},"end":{"line":23,"column":16}},"loc":{"start":{"line":23,"column":19},"end":{"line":23,"column":24}}},"2":{"name":"(anonymous_4)","decl":{"start":{"line":23,"column":26},"end":{"line":23,"column":27}},"loc":{"start":{"line":23,"column":37},"end":{"line":23,"column":49}}},"3":{"name":"(anonymous_5)","decl":{"start":{"line":27,"column":13},"end":{"line":27,"column":16}},"loc":{"start":{"line":27,"column":19},"end":{"line":27,"column":27}}},"4":{"name":"(anonymous_6)","decl":{"start":{"line":27,"column":29},"end":{"line":27,"column":30}},"loc":{"start":{"line":27,"column":43},"end":{"line":27,"column":58}}},"5":{"name":"(anonymous_7)","decl":{"start":{"line":31,"column":13},"end":{"line":31,"column":16}},"loc":{"start":{"line":31,"column":19},"end":{"line":31,"column":26}}},"6":{"name":"(anonymous_8)","decl":{"start":{"line":31,"column":28},"end":{"line":31,"column":29}},"loc":{"start":{"line":31,"column":41},"end":{"line":31,"column":54}}}},"branchMap":{},"s":{"0":1,"1":1,"2":1,"3":1,"4":1,"5":1,"6":1,"7":1,"8":1,"9":1,"10":0,"11":1,"12":1,"13":0,"14":0,"15":1,"16":0,"17":0,"18":1,"19":0,"20":0,"21":1},"f":{"0":0,"1":0,"2":0,"3":0,"4":0,"5":0,"6":0},"b":{}}
,"D:\\Desktop\\Backend\\src\\modules\\products\\dto\\product-response.dto.ts": {"path":"D:\\Desktop\\Backend\\src\\modules\\products\\dto\\product-response.dto.ts","statementMap":{"0":{"start":{"line":1,"column":0},"end":{"line":1,"column":54}},"1":{"start":{"line":3,"column":0},"end":{"line":3,"column":13}},"2":{"start":{"line":5,"column":2},"end":{"line":5,"column":null}},"3":{"start":{"line":8,"column":2},"end":{"line":8,"column":null}},"4":{"start":{"line":11,"column":2},"end":{"line":11,"column":null}},"5":{"start":{"line":14,"column":2},"end":{"line":14,"column":null}},"6":{"start":{"line":17,"column":2},"end":{"line":17,"column":null}},"7":{"start":{"line":20,"column":2},"end":{"line":20,"column":null}},"8":{"start":{"line":23,"column":2},"end":{"line":23,"column":null}},"9":{"start":{"line":26,"column":2},"end":{"line":26,"column":null}},"10":{"start":{"line":29,"column":2},"end":{"line":29,"column":null}},"11":{"start":{"line":32,"column":2},"end":{"line":32,"column":null}},"12":{"start":{"line":36,"column":2},"end":{"line":36,"column":null}},"13":{"start":{"line":35,"column":26},"end":{"line":35,"column":77}}},"fnMap":{"0":{"name":"(anonymous_2)","decl":{"start":{"line":35,"column":13},"end":{"line":35,"column":14}},"loc":{"start":{"line":35,"column":26},"end":{"line":35,"column":77}}}},"branchMap":{"0":{"loc":{"start":{"line":35,"column":26},"end":{"line":35,"column":77}},"type":"cond-expr","locations":[{"start":{"line":35,"column":49},"end":{"line":35,"column":64}},{"start":{"line":35,"column":67},"end":{"line":35,"column":77}}]}},"s":{"0":2,"1":2,"2":2,"3":2,"4":2,"5":2,"6":2,"7":2,"8":2,"9":2,"10":2,"11":2,"12":2,"13":2},"f":{"0":2},"b":{"0":[0,2]}}
,"D:\\Desktop\\Backend\\src\\modules\\products\\entities\\product.entity.ts": {"path":"D:\\Desktop\\Backend\\src\\modules\\products\\entities\\product.entity.ts","statementMap":{"0":{"start":{"line":1,"column":0},"end":{"line":1,"column":92}},"1":{"start":{"line":2,"column":0},"end":{"line":2,"column":65}},"2":{"start":{"line":3,"column":0},"end":{"line":3,"column":75}},"3":{"start":{"line":4,"column":0},"end":{"line":4,"column":57}},"4":{"start":{"line":5,"column":0},"end":{"line":5,"column":62}},"5":{"start":{"line":8,"column":7},"end":{"line":50,"column":null}},"6":{"start":{"line":8,"column":13},"end":{"line":8,"column":20}},"7":{"start":{"line":10,"column":2},"end":{"line":10,"column":null}},"8":{"start":{"line":13,"column":2},"end":{"line":13,"column":null}},"9":{"start":{"line":16,"column":2},"end":{"line":16,"column":null}},"10":{"start":{"line":19,"column":2},"end":{"line":19,"column":null}},"11":{"start":{"line":22,"column":2},"end":{"line":22,"column":null}},"12":{"start":{"line":25,"column":2},"end":{"line":25,"column":null}},"13":{"start":{"line":28,"column":2},"end":{"line":28,"column":null}},"14":{"start":{"line":31,"column":2},"end":{"line":31,"column":null}},"15":{"start":{"line":34,"column":2},"end":{"line":34,"column":null}},"16":{"start":{"line":38,"column":2},"end":{"line":38,"column":null}},"17":{"start":{"line":36,"column":19},"end":{"line":36,"column":24}},"18":{"start":{"line":36,"column":37},"end":{"line":36,"column":51}},"19":{"start":{"line":42,"column":2},"end":{"line":42,"column":null}},"20":{"start":{"line":40,"column":19},"end":{"line":40,"column":27}},"21":{"start":{"line":40,"column":43},"end":{"line":40,"column":60}},"22":{"start":{"line":46,"column":2},"end":{"line":46,"column":null}},"23":{"start":{"line":44,"column":19},"end":{"line":44,"column":24}},"24":{"start":{"line":44,"column":37},"end":{"line":44,"column":51}},"25":{"start":{"line":49,"column":2},"end":{"line":49,"column":null}},"26":{"start":{"line":48,"column":19},"end":{"line":48,"column":23}},"27":{"start":{"line":48,"column":35},"end":{"line":48,"column":47}},"28":{"start":{"line":8,"column":13},"end":{"line":50,"column":null}}},"fnMap":{"0":{"name":"(anonymous_2)","decl":{"start":{"line":36,"column":13},"end":{"line":36,"column":16}},"loc":{"start":{"line":36,"column":19},"end":{"line":36,"column":24}}},"1":{"name":"(anonymous_3)","decl":{"start":{"line":36,"column":26},"end":{"line":36,"column":27}},"loc":{"start":{"line":36,"column":37},"end":{"line":36,"column":51}}},"2":{"name":"(anonymous_4)","decl":{"start":{"line":40,"column":13},"end":{"line":40,"column":16}},"loc":{"start":{"line":40,"column":19},"end":{"line":40,"column":27}}},"3":{"name":"(anonymous_5)","decl":{"start":{"line":40,"column":29},"end":{"line":40,"column":30}},"loc":{"start":{"line":40,"column":43},"end":{"line":40,"column":60}}},"4":{"name":"(anonymous_6)","decl":{"start":{"line":44,"column":13},"end":{"line":44,"column":16}},"loc":{"start":{"line":44,"column":19},"end":{"line":44,"column":24}}},"5":{"name":"(anonymous_7)","decl":{"start":{"line":44,"column":26},"end":{"line":44,"column":27}},"loc":{"start":{"line":44,"column":37},"end":{"line":44,"column":51}}},"6":{"name":"(anonymous_8)","decl":{"start":{"line":48,"column":13},"end":{"line":48,"column":16}},"loc":{"start":{"line":48,"column":19},"end":{"line":48,"column":23}}},"7":{"name":"(anonymous_9)","decl":{"start":{"line":48,"column":25},"end":{"line":48,"column":26}},"loc":{"start":{"line":48,"column":35},"end":{"line":48,"column":47}}}},"branchMap":{},"s":{"0":1,"1":1,"2":1,"3":1,"4":1,"5":1,"6":1,"7":1,"8":1,"9":1,"10":1,"11":1,"12":1,"13":1,"14":1,"15":1,"16":1,"17":0,"18":0,"19":1,"20":0,"21":0,"22":1,"23":0,"24":0,"25":1,"26":0,"27":0,"28":1},"f":{"0":0,"1":0,"2":0,"3":0,"4":0,"5":0,"6":0,"7":0},"b":{}}
,"D:\\Desktop\\Backend\\src\\modules\\roles\\dto\\role-response.dto.ts": {"path":"D:\\Desktop\\Backend\\src\\modules\\roles\\dto\\role-response.dto.ts","statementMap":{"0":{"start":{"line":1,"column":0},"end":{"line":1,"column":49}},"1":{"start":{"line":2,"column":0},"end":{"line":2,"column":73}},"2":{"start":{"line":4,"column":0},"end":{"line":4,"column":13}},"3":{"start":{"line":7,"column":2},"end":{"line":7,"column":null}},"4":{"start":{"line":10,"column":2},"end":{"line":10,"column":null}},"5":{"start":{"line":13,"column":2},"end":{"line":13,"column":null}},"6":{"start":{"line":17,"column":2},"end":{"line":17,"column":null}},"7":{"start":{"line":16,"column":14},"end":{"line":16,"column":29}}},"fnMap":{"0":{"name":"(anonymous_2)","decl":{"start":{"line":16,"column":8},"end":{"line":16,"column":11}},"loc":{"start":{"line":16,"column":14},"end":{"line":16,"column":29}}}},"branchMap":{},"s":{"0":1,"1":1,"2":1,"3":1,"4":1,"5":1,"6":1,"7":0},"f":{"0":0},"b":{}}
,"D:\\Desktop\\Backend\\src\\modules\\roles\\entities\\role.entity.ts": {"path":"D:\\Desktop\\Backend\\src\\modules\\roles\\entities\\role.entity.ts","statementMap":{"0":{"start":{"line":1,"column":0},"end":{"line":1,"column":62}},"1":{"start":{"line":2,"column":0},"end":{"line":2,"column":74}},"2":{"start":{"line":3,"column":0},"end":{"line":3,"column":62}},"3":{"start":{"line":4,"column":0},"end":{"line":4,"column":99}},"4":{"start":{"line":8,"column":7},"end":{"line":34,"column":null}},"5":{"start":{"line":8,"column":13},"end":{"line":8,"column":17}},"6":{"start":{"line":11,"column":2},"end":{"line":11,"column":null}},"7":{"start":{"line":14,"column":2},"end":{"line":14,"column":null}},"8":{"start":{"line":17,"column":2},"end":{"line":17,"column":null}},"9":{"start":{"line":20,"column":2},"end":{"line":20,"column":null}},"10":{"start":{"line":27,"column":2},"end":{"line":27,"column":null}},"11":{"start":{"line":22,"column":19},"end":{"line":22,"column":23}},"12":{"start":{"line":22,"column":35},"end":{"line":22,"column":45}},"13":{"start":{"line":30,"column":2},"end":{"line":30,"column":null}},"14":{"start":{"line":29,"column":19},"end":{"line":29,"column":27}},"15":{"start":{"line":29,"column":38},"end":{"line":29,"column":46}},"16":{"start":{"line":33,"column":2},"end":{"line":33,"column":null}},"17":{"start":{"line":32,"column":19},"end":{"line":32,"column":23}},"18":{"start":{"line":32,"column":35},"end":{"line":32,"column":44}},"19":{"start":{"line":8,"column":13},"end":{"line":34,"column":null}}},"fnMap":{"0":{"name":"(anonymous_2)","decl":{"start":{"line":22,"column":13},"end":{"line":22,"column":16}},"loc":{"start":{"line":22,"column":19},"end":{"line":22,"column":23}}},"1":{"name":"(anonymous_3)","decl":{"start":{"line":22,"column":25},"end":{"line":22,"column":26}},"loc":{"start":{"line":22,"column":35},"end":{"line":22,"column":45}}},"2":{"name":"(anonymous_4)","decl":{"start":{"line":29,"column":13},"end":{"line":29,"column":16}},"loc":{"start":{"line":29,"column":19},"end":{"line":29,"column":27}}},"3":{"name":"(anonymous_5)","decl":{"start":{"line":29,"column":29},"end":{"line":29,"column":30}},"loc":{"start":{"line":29,"column":38},"end":{"line":29,"column":46}}},"4":{"name":"(anonymous_6)","decl":{"start":{"line":32,"column":13},"end":{"line":32,"column":16}},"loc":{"start":{"line":32,"column":19},"end":{"line":32,"column":23}}},"5":{"name":"(anonymous_7)","decl":{"start":{"line":32,"column":25},"end":{"line":32,"column":26}},"loc":{"start":{"line":32,"column":35},"end":{"line":32,"column":44}}}},"branchMap":{},"s":{"0":1,"1":1,"2":1,"3":1,"4":1,"5":1,"6":1,"7":1,"8":1,"9":1,"10":1,"11":0,"12":0,"13":1,"14":0,"15":0,"16":1,"17":0,"18":0,"19":1},"f":{"0":0,"1":0,"2":0,"3":0,"4":0,"5":0},"b":{}}
,"D:\\Desktop\\Backend\\src\\modules\\tasks\\tasks.service.ts": {"path":"D:\\Desktop\\Backend\\src\\modules\\tasks\\tasks.service.ts","statementMap":{"0":{"start":{"line":1,"column":0},"end":{"line":1,"column":123}},"1":{"start":{"line":2,"column":0},"end":{"line":2,"column":51}},"2":{"start":{"line":3,"column":0},"end":{"line":3,"column":49}},"3":{"start":{"line":4,"column":0},"end":{"line":4,"column":46}},"4":{"start":{"line":5,"column":0},"end":{"line":5,"column":58}},"5":{"start":{"line":6,"column":0},"end":{"line":6,"column":52}},"6":{"start":{"line":8,"column":0},"end":{"line":8,"column":null}},"7":{"start":{"line":9,"column":2},"end":{"line":9,"column":null}},"8":{"start":{"line":10,"column":2},"end":{"line":10,"column":null}},"9":{"start":{"line":11,"column":2},"end":{"line":11,"column":null}},"10":{"start":{"line":15,"column":7},"end":{"line":313,"column":null}},"11":{"start":{"line":18,"column":21},"end":{"line":18,"column":37}},"12":{"start":{"line":19,"column":21},"end":{"line":19,"column":33}},"13":{"start":{"line":27,"column":18},"end":{"line":29,"column":6}},"14":{"start":{"line":31,"column":4},"end":{"line":33,"column":5}},"15":{"start":{"line":32,"column":6},"end":{"line":32,"column":55}},"16":{"start":{"line":35,"column":4},"end":{"line":35,"column":33}},"17":{"start":{"line":39,"column":17},"end":{"line":41,"column":6}},"18":{"start":{"line":43,"column":4},"end":{"line":45,"column":5}},"19":{"start":{"line":44,"column":6},"end":{"line":44,"column":57}},"20":{"start":{"line":47,"column":4},"end":{"line":47,"column":28}},"21":{"start":{"line":51,"column":18},"end":{"line":55,"column":6}},"22":{"start":{"line":57,"column":4},"end":{"line":57,"column":33}},"23":{"start":{"line":57,"column":23},"end":{"line":57,"column":33}},"24":{"start":{"line":59,"column":21},"end":{"line":70,"column":null}},"25":{"start":{"line":61,"column":21},"end":{"line":63,"column":null}},"26":{"start":{"line":66,"column":8},"end":{"line":69,"column":10}},"27":{"start":{"line":73,"column":4},"end":{"line":73,"column":36}},"28":{"start":{"line":86,"column":19},"end":{"line":91,"column":6}},"29":{"start":{"line":93,"column":4},"end":{"line":97,"column":5}},"30":{"start":{"line":94,"column":6},"end":{"line":96,"column":8}},"31":{"start":{"line":99,"column":17},"end":{"line":99,"column":53}},"32":{"start":{"line":100,"column":4},"end":{"line":100,"column":42}},"33":{"start":{"line":104,"column":17},"end":{"line":104,"column":49}},"34":{"start":{"line":106,"column":4},"end":{"line":108,"column":5}},"35":{"start":{"line":107,"column":6},"end":{"line":107,"column":66}},"36":{"start":{"line":110,"column":4},"end":{"line":110,"column":34}},"37":{"start":{"line":111,"column":4},"end":{"line":111,"column":42}},"38":{"start":{"line":119,"column":17},"end":{"line":119,"column":49}},"39":{"start":{"line":121,"column":4},"end":{"line":121,"column":45}},"40":{"start":{"line":122,"column":4},"end":{"line":122,"column":34}},"41":{"start":{"line":123,"column":4},"end":{"line":123,"column":49}},"42":{"start":{"line":125,"column":4},"end":{"line":125,"column":42}},"43":{"start":{"line":126,"column":4},"end":{"line":126,"column":33}},"44":{"start":{"line":128,"column":18},"end":{"line":128,"column":54}},"45":{"start":{"line":130,"column":4},"end":{"line":130,"column":43}},"46":{"start":{"line":132,"column":4},"end":{"line":132,"column":29}},"47":{"start":{"line":136,"column":17},"end":{"line":136,"column":49}},"48":{"start":{"line":138,"column":4},"end":{"line":138,"column":45}},"49":{"start":{"line":139,"column":4},"end":{"line":139,"column":37}},"50":{"start":{"line":141,"column":4},"end":{"line":141,"column":40}},"51":{"start":{"line":142,"column":4},"end":{"line":142,"column":31}},"52":{"start":{"line":144,"column":18},"end":{"line":144,"column":54}},"53":{"start":{"line":146,"column":4},"end":{"line":146,"column":43}},"54":{"start":{"line":148,"column":4},"end":{"line":148,"column":29}},"55":{"start":{"line":156,"column":4},"end":{"line":156,"column":51}},"56":{"start":{"line":158,"column":4},"end":{"line":160,"column":5}},"57":{"start":{"line":159,"column":6},"end":{"line":159,"column":57}},"58":{"start":{"line":164,"column":18},"end":{"line":166,"column":6}},"59":{"start":{"line":168,"column":4},"end":{"line":168,"column":30}},"60":{"start":{"line":168,"column":23},"end":{"line":168,"column":30}},"61":{"start":{"line":170,"column":21},"end":{"line":171,"column":null}},"62":{"start":{"line":171,"column":23},"end":{"line":171,"column":33}},"63":{"start":{"line":174,"column":4},"end":{"line":179,"column":17}},"64":{"start":{"line":183,"column":21},"end":{"line":188,"column":19}},"65":{"start":{"line":190,"column":4},"end":{"line":190,"column":33}},"66":{"start":{"line":190,"column":26},"end":{"line":190,"column":33}},"67":{"start":{"line":192,"column":21},"end":{"line":193,"column":null}},"68":{"start":{"line":193,"column":26},"end":{"line":193,"column":36}},"69":{"start":{"line":196,"column":4},"end":{"line":201,"column":17}},"70":{"start":{"line":210,"column":4},"end":{"line":210,"column":83}},"71":{"start":{"line":210,"column":28},"end":{"line":210,"column":53}},"72":{"start":{"line":210,"column":56},"end":{"line":210,"column":83}},"73":{"start":{"line":213,"column":4},"end":{"line":215,"column":5}},"74":{"start":{"line":214,"column":8},"end":{"line":214,"column":37}},"75":{"start":{"line":217,"column":4},"end":{"line":217,"column":29}},"76":{"start":{"line":221,"column":4},"end":{"line":223,"column":5}},"77":{"start":{"line":222,"column":6},"end":{"line":222,"column":52}},"78":{"start":{"line":227,"column":4},"end":{"line":229,"column":5}},"79":{"start":{"line":228,"column":6},"end":{"line":228,"column":65}},"80":{"start":{"line":231,"column":4},"end":{"line":233,"column":5}},"81":{"start":{"line":232,"column":6},"end":{"line":232,"column":68}},"82":{"start":{"line":237,"column":4},"end":{"line":239,"column":5}},"83":{"start":{"line":238,"column":6},"end":{"line":238,"column":51}},"84":{"start":{"line":241,"column":4},"end":{"line":243,"column":5}},"85":{"start":{"line":242,"column":6},"end":{"line":242,"column":61}},"86":{"start":{"line":247,"column":17},"end":{"line":247,"column":76}},"87":{"start":{"line":249,"column":4},"end":{"line":253,"column":5}},"88":{"start":{"line":250,"column":6},"end":{"line":252,"column":8}},"89":{"start":{"line":260,"column":4},"end":{"line":260,"column":36}},"90":{"start":{"line":260,"column":24},"end":{"line":260,"column":36}},"91":{"start":{"line":262,"column":4},"end":{"line":267,"column":7}},"92":{"start":{"line":271,"column":4},"end":{"line":281,"column":9}},"93":{"start":{"line":277,"column":8},"end":{"line":279,"column":9}},"94":{"start":{"line":278,"column":10},"end":{"line":278,"column":69}},"95":{"start":{"line":280,"column":8},"end":{"line":280,"column":20}},"96":{"start":{"line":285,"column":4},"end":{"line":287,"column":7}},"97":{"start":{"line":295,"column":4},"end":{"line":298,"column":7}},"98":{"start":{"line":302,"column":4},"end":{"line":302,"column":64}},"99":{"start":{"line":305,"column":2},"end":{"line":310,"column":18}},"100":{"start":{"line":15,"column":13},"end":{"line":15,"column":25}},"101":{"start":{"line":15,"column":13},"end":{"line":313,"column":null}}},"fnMap":{"0":{"name":"(anonymous_4)","decl":{"start":{"line":8,"column":0},"end":{"line":8,"column":12}},"loc":{"start":{"line":8,"column":21},"end":{"line":12,"column":1}}},"1":{"name":"(anonymous_6)","decl":{"start":{"line":26,"column":2},"end":{"line":26,"column":7}},"loc":{"start":{"line":26,"column":15},"end":{"line":36,"column":3}}},"2":{"name":"(anonymous_7)","decl":{"start":{"line":38,"column":2},"end":{"line":38,"column":7}},"loc":{"start":{"line":38,"column":27},"end":{"line":48,"column":3}}},"3":{"name":"(anonymous_8)","decl":{"start":{"line":50,"column":2},"end":{"line":50,"column":7}},"loc":{"start":{"line":50,"column":44},"end":{"line":74,"column":3}}},"4":{"name":"(anonymous_9)","decl":{"start":{"line":60,"column":16},"end":{"line":60,"column":21}},"loc":{"start":{"line":60,"column":31},"end":{"line":70,"column":7}}},"5":{"name":"(anonymous_10)","decl":{"start":{"line":80,"column":2},"end":{"line":80,"column":7}},"loc":{"start":{"line":85,"column":3},"end":{"line":101,"column":3}}},"6":{"name":"(anonymous_11)","decl":{"start":{"line":103,"column":2},"end":{"line":103,"column":7}},"loc":{"start":{"line":103,"column":57},"end":{"line":112,"column":3}}},"7":{"name":"(anonymous_12)","decl":{"start":{"line":118,"column":2},"end":{"line":118,"column":7}},"loc":{"start":{"line":118,"column":52},"end":{"line":133,"column":3}}},"8":{"name":"(anonymous_13)","decl":{"start":{"line":135,"column":2},"end":{"line":135,"column":7}},"loc":{"start":{"line":135,"column":55},"end":{"line":149,"column":3}}},"9":{"name":"(anonymous_14)","decl":{"start":{"line":155,"column":10},"end":{"line":155,"column":15}},"loc":{"start":{"line":155,"column":48},"end":{"line":161,"column":3}}},"10":{"name":"(anonymous_15)","decl":{"start":{"line":163,"column":10},"end":{"line":163,"column":15}},"loc":{"start":{"line":163,"column":52},"end":{"line":180,"column":3}}},"11":{"name":"(anonymous_16)","decl":{"start":{"line":171,"column":16},"end":{"line":171,"column":17}},"loc":{"start":{"line":171,"column":23},"end":{"line":171,"column":33}}},"12":{"name":"(anonymous_17)","decl":{"start":{"line":182,"column":10},"end":{"line":182,"column":15}},"loc":{"start":{"line":182,"column":48},"end":{"line":202,"column":3}}},"13":{"name":"(anonymous_18)","decl":{"start":{"line":193,"column":19},"end":{"line":193,"column":20}},"loc":{"start":{"line":193,"column":26},"end":{"line":193,"column":36}}},"14":{"name":"(anonymous_19)","decl":{"start":{"line":208,"column":10},"end":{"line":208,"column":24}},"loc":{"start":{"line":208,"column":41},"end":{"line":218,"column":5}}},"15":{"name":"(anonymous_20)","decl":{"start":{"line":210,"column":21},"end":{"line":210,"column":22}},"loc":{"start":{"line":210,"column":28},"end":{"line":210,"column":53}}},"16":{"name":"(anonymous_21)","decl":{"start":{"line":220,"column":10},"end":{"line":220,"column":27}},"loc":{"start":{"line":220,"column":58},"end":{"line":224,"column":3}}},"17":{"name":"(anonymous_22)","decl":{"start":{"line":226,"column":10},"end":{"line":226,"column":28}},"loc":{"start":{"line":226,"column":39},"end":{"line":234,"column":3}}},"18":{"name":"(anonymous_23)","decl":{"start":{"line":236,"column":10},"end":{"line":236,"column":31}},"loc":{"start":{"line":236,"column":42},"end":{"line":244,"column":3}}},"19":{"name":"(anonymous_24)","decl":{"start":{"line":246,"column":10},"end":{"line":246,"column":15}},"loc":{"start":{"line":246,"column":54},"end":{"line":254,"column":3}}},"20":{"name":"(anonymous_25)","decl":{"start":{"line":256,"column":10},"end":{"line":256,"column":15}},"loc":{"start":{"line":258,"column":20},"end":{"line":268,"column":3}}},"21":{"name":"(anonymous_26)","decl":{"start":{"line":270,"column":10},"end":{"line":270,"column":23}},"loc":{"start":{"line":270,"column":34},"end":{"line":282,"column":3}}},"22":{"name":"(anonymous_27)","decl":{"start":{"line":276,"column":12},"end":{"line":276,"column":13}},"loc":{"start":{"line":276,"column":21},"end":{"line":281,"column":7}}},"23":{"name":"(anonymous_28)","decl":{"start":{"line":284,"column":10},"end":{"line":284,"column":15}},"loc":{"start":{"line":284,"column":26},"end":{"line":288,"column":3}}},"24":{"name":"(anonymous_29)","decl":{"start":{"line":294,"column":2},"end":{"line":294,"column":7}},"loc":{"start":{"line":294,"column":41},"end":{"line":299,"column":3}}},"25":{"name":"(anonymous_30)","decl":{"start":{"line":301,"column":2},"end":{"line":301,"column":7}},"loc":{"start":{"line":301,"column":43},"end":{"line":303,"column":3}}},"26":{"name":"(anonymous_31)","decl":{"start":{"line":304,"column":2},"end":{"line":304,"column":7}},"loc":{"start":{"line":304,"column":46},"end":{"line":311,"column":1}}}},"branchMap":{"0":{"loc":{"start":{"line":8,"column":12},"end":{"line":8,"column":null}},"type":"binary-expr","locations":[{"start":{"line":8,"column":12},"end":{"line":8,"column":21}},{"start":{"line":8,"column":21},"end":{"line":8,"column":null}}]},"1":{"loc":{"start":{"line":31,"column":4},"end":{"line":33,"column":5}},"type":"if","locations":[{"start":{"line":31,"column":4},"end":{"line":33,"column":5}},{"start":{},"end":{}}]},"2":{"loc":{"start":{"line":43,"column":4},"end":{"line":45,"column":5}},"type":"if","locations":[{"start":{"line":43,"column":4},"end":{"line":45,"column":5}},{"start":{},"end":{}}]},"3":{"loc":{"start":{"line":57,"column":4},"end":{"line":57,"column":33}},"type":"if","locations":[{"start":{"line":57,"column":4},"end":{"line":57,"column":33}},{"start":{},"end":{}}]},"4":{"loc":{"start":{"line":68,"column":26},"end":{"line":68,"column":53}},"type":"cond-expr","locations":[{"start":{"line":68,"column":33},"end":{"line":68,"column":46}},{"start":{"line":68,"column":49},"end":{"line":68,"column":53}}]},"5":{"loc":{"start":{"line":93,"column":4},"end":{"line":97,"column":5}},"type":"if","locations":[{"start":{"line":93,"column":4},"end":{"line":97,"column":5}},{"start":{},"end":{}}]},"6":{"loc":{"start":{"line":106,"column":4},"end":{"line":108,"column":5}},"type":"if","locations":[{"start":{"line":106,"column":4},"end":{"line":108,"column":5}},{"start":{},"end":{}}]},"7":{"loc":{"start":{"line":158,"column":4},"end":{"line":160,"column":5}},"type":"if","locations":[{"start":{"line":158,"column":4},"end":{"line":160,"column":5}},{"start":{},"end":{}}]},"8":{"loc":{"start":{"line":168,"column":4},"end":{"line":168,"column":30}},"type":"if","locations":[{"start":{"line":168,"column":4},"end":{"line":168,"column":30}},{"start":{},"end":{}}]},"9":{"loc":{"start":{"line":190,"column":4},"end":{"line":190,"column":33}},"type":"if","locations":[{"start":{"line":190,"column":4},"end":{"line":190,"column":33}},{"start":{},"end":{}}]},"10":{"loc":{"start":{"line":210,"column":4},"end":{"line":210,"column":83}},"type":"if","locations":[{"start":{"line":210,"column":4},"end":{"line":210,"column":83}},{"start":{},"end":{}}]},"11":{"loc":{"start":{"line":213,"column":4},"end":{"line":215,"column":5}},"type":"if","locations":[{"start":{"line":213,"column":4},"end":{"line":215,"column":5}},{"start":{},"end":{}}]},"12":{"loc":{"start":{"line":213,"column":8},"end":{"line":213,"column":86}},"type":"binary-expr","locations":[{"start":{"line":213,"column":8},"end":{"line":213,"column":46}},{"start":{"line":213,"column":50},"end":{"line":213,"column":86}}]},"13":{"loc":{"start":{"line":221,"column":4},"end":{"line":223,"column":5}},"type":"if","locations":[{"start":{"line":221,"column":4},"end":{"line":223,"column":5}},{"start":{},"end":{}}]},"14":{"loc":{"start":{"line":227,"column":4},"end":{"line":229,"column":5}},"type":"if","locations":[{"start":{"line":227,"column":4},"end":{"line":229,"column":5}},{"start":{},"end":{}}]},"15":{"loc":{"start":{"line":231,"column":4},"end":{"line":233,"column":5}},"type":"if","locations":[{"start":{"line":231,"column":4},"end":{"line":233,"column":5}},{"start":{},"end":{}}]},"16":{"loc":{"start":{"line":237,"column":4},"end":{"line":239,"column":5}},"type":"if","locations":[{"start":{"line":237,"column":4},"end":{"line":239,"column":5}},{"start":{},"end":{}}]},"17":{"loc":{"start":{"line":241,"column":4},"end":{"line":243,"column":5}},"type":"if","locations":[{"start":{"line":241,"column":4},"end":{"line":243,"column":5}},{"start":{},"end":{}}]},"18":{"loc":{"start":{"line":249,"column":4},"end":{"line":253,"column":5}},"type":"if","locations":[{"start":{"line":249,"column":4},"end":{"line":253,"column":5}},{"start":{},"end":{}}]},"19":{"loc":{"start":{"line":249,"column":8},"end":{"line":249,"column":53}},"type":"binary-expr","locations":[{"start":{"line":249,"column":8},"end":{"line":249,"column":12}},{"start":{"line":249,"column":16},"end":{"line":249,"column":53}}]},"20":{"loc":{"start":{"line":260,"column":4},"end":{"line":260,"column":36}},"type":"if","locations":[{"start":{"line":260,"column":4},"end":{"line":260,"column":36}},{"start":{},"end":{}}]},"21":{"loc":{"start":{"line":277,"column":8},"end":{"line":279,"column":9}},"type":"if","locations":[{"start":{"line":277,"column":8},"end":{"line":279,"column":9}},{"start":{},"end":{}}]}},"s":{"0":1,"1":1,"2":1,"3":1,"4":1,"5":1,"6":1,"7":1,"8":1,"9":1,"10":1,"11":17,"12":17,"13":2,"14":2,"15":1,"16":1,"17":2,"18":2,"19":1,"20":1,"21":0,"22":0,"23":0,"24":0,"25":0,"26":0,"27":0,"28":2,"29":2,"30":1,"31":1,"32":1,"33":2,"34":2,"35":1,"36":1,"37":1,"38":4,"39":4,"40":3,"41":2,"42":1,"43":1,"44":1,"45":1,"46":1,"47":3,"48":3,"49":3,"50":1,"51":1,"52":1,"53":1,"54":1,"55":2,"56":2,"57":0,"58":2,"59":2,"60":2,"61":0,"62":0,"63":0,"64":0,"65":0,"66":0,"67":0,"68":0,"69":0,"70":0,"71":0,"72":0,"73":0,"74":0,"75":0,"76":7,"77":1,"78":3,"79":1,"80":2,"81":0,"82":3,"83":1,"84":2,"85":1,"86":2,"87":2,"88":1,"89":2,"90":1,"91":1,"92":9,"93":9,"94":0,"95":9,"96":4,"97":0,"98":1,"99":1,"100":1,"101":1},"f":{"0":1,"1":2,"2":2,"3":0,"4":0,"5":2,"6":2,"7":4,"8":3,"9":2,"10":2,"11":0,"12":0,"13":0,"14":0,"15":0,"16":7,"17":3,"18":3,"19":2,"20":2,"21":9,"22":9,"23":4,"24":0,"25":1,"26":1},"b":{"0":[1,1],"1":[1,1],"2":[1,1],"3":[0,0],"4":[0,0],"5":[1,1],"6":[1,1],"7":[0,2],"8":[2,0],"9":[0,0],"10":[0,0],"11":[0,0],"12":[0,0],"13":[1,6],"14":[1,2],"15":[0,2],"16":[1,2],"17":[1,1],"18":[1,1],"19":[2,1],"20":[1,1],"21":[0,9]}}
,"D:\\Desktop\\Backend\\src\\modules\\tasks\\dto\\task-response.dto.ts": {"path":"D:\\Desktop\\Backend\\src\\modules\\tasks\\dto\\task-response.dto.ts","statementMap":{"0":{"start":{"line":1,"column":0},"end":{"line":1,"column":58}},"1":{"start":{"line":2,"column":0},"end":{"line":2,"column":83}},"2":{"start":{"line":3,"column":0},"end":{"line":3,"column":86}},"3":{"start":{"line":4,"column":0},"end":{"line":4,"column":73}},"4":{"start":{"line":5,"column":0},"end":{"line":5,"column":69}},"5":{"start":{"line":8,"column":7},"end":{"line":49,"column":null}},"6":{"start":{"line":8,"column":13},"end":{"line":8,"column":28}},"7":{"start":{"line":10,"column":4},"end":{"line":10,"column":null}},"8":{"start":{"line":13,"column":4},"end":{"line":13,"column":null}},"9":{"start":{"line":16,"column":4},"end":{"line":16,"column":null}},"10":{"start":{"line":19,"column":4},"end":{"line":19,"column":null}},"11":{"start":{"line":22,"column":4},"end":{"line":22,"column":null}},"12":{"start":{"line":25,"column":4},"end":{"line":25,"column":null}},"13":{"start":{"line":28,"column":4},"end":{"line":28,"column":null}},"14":{"start":{"line":31,"column":4},"end":{"line":31,"column":null}},"15":{"start":{"line":35,"column":4},"end":{"line":35,"column":null}},"16":{"start":{"line":34,"column":16},"end":{"line":34,"column":34}},"17":{"start":{"line":39,"column":4},"end":{"line":39,"column":null}},"18":{"start":{"line":38,"column":16},"end":{"line":38,"column":35}},"19":{"start":{"line":43,"column":4},"end":{"line":43,"column":null}},"20":{"start":{"line":42,"column":16},"end":{"line":42,"column":31}},"21":{"start":{"line":47,"column":4},"end":{"line":47,"column":null}},"22":{"start":{"line":46,"column":16},"end":{"line":46,"column":32}},"23":{"start":{"line":8,"column":13},"end":{"line":49,"column":null}}},"fnMap":{"0":{"name":"(anonymous_2)","decl":{"start":{"line":34,"column":10},"end":{"line":34,"column":13}},"loc":{"start":{"line":34,"column":16},"end":{"line":34,"column":34}}},"1":{"name":"(anonymous_3)","decl":{"start":{"line":38,"column":10},"end":{"line":38,"column":13}},"loc":{"start":{"line":38,"column":16},"end":{"line":38,"column":35}}},"2":{"name":"(anonymous_4)","decl":{"start":{"line":42,"column":10},"end":{"line":42,"column":13}},"loc":{"start":{"line":42,"column":16},"end":{"line":42,"column":31}}},"3":{"name":"(anonymous_5)","decl":{"start":{"line":46,"column":10},"end":{"line":46,"column":13}},"loc":{"start":{"line":46,"column":16},"end":{"line":46,"column":32}}}},"branchMap":{},"s":{"0":1,"1":1,"2":1,"3":1,"4":1,"5":1,"6":1,"7":1,"8":1,"9":1,"10":1,"11":1,"12":1,"13":1,"14":1,"15":1,"16":4,"17":1,"18":4,"19":1,"20":4,"21":1,"22":4,"23":1},"f":{"0":4,"1":4,"2":4,"3":4},"b":{}}
,"D:\\Desktop\\Backend\\src\\modules\\tasks\\entities\\task.entity.ts": {"path":"D:\\Desktop\\Backend\\src\\modules\\tasks\\entities\\task.entity.ts","statementMap":{"0":{"start":{"line":1,"column":0},"end":{"line":1,"column":89}},"1":{"start":{"line":2,"column":0},"end":{"line":2,"column":65}},"2":{"start":{"line":3,"column":0},"end":{"line":3,"column":68}},"3":{"start":{"line":4,"column":0},"end":{"line":4,"column":56}},"4":{"start":{"line":5,"column":0},"end":{"line":5,"column":57}},"5":{"start":{"line":9,"column":7},"end":{"line":51,"column":null}},"6":{"start":{"line":9,"column":13},"end":{"line":9,"column":17}},"7":{"start":{"line":11,"column":2},"end":{"line":11,"column":null}},"8":{"start":{"line":14,"column":2},"end":{"line":14,"column":null}},"9":{"start":{"line":17,"column":2},"end":{"line":17,"column":null}},"10":{"start":{"line":20,"column":2},"end":{"line":20,"column":null}},"11":{"start":{"line":23,"column":2},"end":{"line":23,"column":null}},"12":{"start":{"line":26,"column":2},"end":{"line":26,"column":null}},"13":{"start":{"line":29,"column":2},"end":{"line":29,"column":null}},"14":{"start":{"line":32,"column":2},"end":{"line":32,"column":null}},"15":{"start":{"line":36,"column":2},"end":{"line":36,"column":null}},"16":{"start":{"line":34,"column":19},"end":{"line":34,"column":26}},"17":{"start":{"line":34,"column":41},"end":{"line":34,"column":54}},"18":{"start":{"line":42,"column":2},"end":{"line":42,"column":null}},"19":{"start":{"line":38,"column":19},"end":{"line":38,"column":27}},"20":{"start":{"line":38,"column":43},"end":{"line":38,"column":57}},"21":{"start":{"line":46,"column":2},"end":{"line":46,"column":null}},"22":{"start":{"line":44,"column":19},"end":{"line":44,"column":23}},"23":{"start":{"line":44,"column":35},"end":{"line":44,"column":45}},"24":{"start":{"line":50,"column":2},"end":{"line":50,"column":null}},"25":{"start":{"line":48,"column":19},"end":{"line":48,"column":24}},"26":{"start":{"line":48,"column":37},"end":{"line":48,"column":48}},"27":{"start":{"line":9,"column":13},"end":{"line":51,"column":null}}},"fnMap":{"0":{"name":"(anonymous_2)","decl":{"start":{"line":34,"column":13},"end":{"line":34,"column":16}},"loc":{"start":{"line":34,"column":19},"end":{"line":34,"column":26}}},"1":{"name":"(anonymous_3)","decl":{"start":{"line":34,"column":28},"end":{"line":34,"column":29}},"loc":{"start":{"line":34,"column":41},"end":{"line":34,"column":54}}},"2":{"name":"(anonymous_4)","decl":{"start":{"line":38,"column":13},"end":{"line":38,"column":16}},"loc":{"start":{"line":38,"column":19},"end":{"line":38,"column":27}}},"3":{"name":"(anonymous_5)","decl":{"start":{"line":38,"column":29},"end":{"line":38,"column":30}},"loc":{"start":{"line":38,"column":43},"end":{"line":38,"column":57}}},"4":{"name":"(anonymous_6)","decl":{"start":{"line":44,"column":13},"end":{"line":44,"column":16}},"loc":{"start":{"line":44,"column":19},"end":{"line":44,"column":23}}},"5":{"name":"(anonymous_7)","decl":{"start":{"line":44,"column":25},"end":{"line":44,"column":26}},"loc":{"start":{"line":44,"column":35},"end":{"line":44,"column":45}}},"6":{"name":"(anonymous_8)","decl":{"start":{"line":48,"column":13},"end":{"line":48,"column":16}},"loc":{"start":{"line":48,"column":19},"end":{"line":48,"column":24}}},"7":{"name":"(anonymous_9)","decl":{"start":{"line":48,"column":26},"end":{"line":48,"column":27}},"loc":{"start":{"line":48,"column":37},"end":{"line":48,"column":48}}}},"branchMap":{},"s":{"0":1,"1":1,"2":1,"3":1,"4":1,"5":1,"6":1,"7":1,"8":1,"9":1,"10":1,"11":1,"12":1,"13":1,"14":1,"15":1,"16":0,"17":0,"18":1,"19":0,"20":0,"21":1,"22":0,"23":0,"24":1,"25":0,"26":0,"27":1},"f":{"0":0,"1":0,"2":0,"3":0,"4":0,"5":0,"6":0,"7":0},"b":{}}
}
