TN:
SF:src\app.controller.ts
FN:6,(anonymous_2)
FN:9,(anonymous_3)
FNF:2
FNH:2
FNDA:1,(anonymous_2)
FNDA:1,(anonymous_3)
DA:1,1
DA:2,1
DA:5,1
DA:6,1
DA:9,1
DA:10,1
LF:6
LH:6
BRF:0
BRH:0
end_of_record
TN:
SF:src\app.service.ts
FN:5,(anonymous_1)
FNF:1
FNH:1
FNDA:1,(anonymous_1)
DA:1,1
DA:4,1
DA:6,1
LF:3
LH:3
BRF:0
BRH:0
end_of_record
TN:
SF:src\common\dto\state-response.dto.ts
FNF:0
FNH:0
DA:1,1
DA:2,1
DA:4,1
DA:7,1
DA:10,1
LF:5
LH:5
BRF:0
BRH:0
end_of_record
TN:
SF:src\common\entities\state.entity.ts
FN:7,(anonymous_2)
FN:30,(anonymous_3)
FN:30,(anonymous_4)
FN:33,(anonymous_5)
FN:33,(anonymous_6)
FN:36,(anonymous_7)
FN:36,(anonymous_8)
FNF:7
FNH:1
FNDA:1,(anonymous_2)
FNDA:0,(anonymous_3)
FNDA:0,(anonymous_4)
FNDA:0,(anonymous_5)
FNDA:0,(anonymous_6)
FNDA:0,(anonymous_7)
FNDA:0,(anonymous_8)
DA:1,1
DA:2,1
DA:3,1
DA:4,1
DA:7,1
DA:8,1
DA:9,1
DA:10,1
DA:11,1
DA:15,1
DA:18,1
DA:27,1
DA:30,0
DA:31,1
DA:33,0
DA:34,1
DA:36,0
DA:37,1
LF:18
LH:15
BRDA:7,0,0,1
BRDA:7,0,1,1
BRF:2
BRH:2
end_of_record
TN:
SF:src\modules\areas\dto\area-respose.dto.ts
FN:12,(anonymous_2)
FNF:1
FNH:0
FNDA:0,(anonymous_2)
DA:1,1
DA:2,1
DA:4,1
DA:6,1
DA:9,1
DA:12,0
DA:13,1
LF:7
LH:6
BRF:0
BRH:0
end_of_record
TN:
SF:src\modules\areas\entities\area.entity.ts
FN:13,(anonymous_2)
FN:13,(anonymous_3)
FN:16,(anonymous_4)
FN:16,(anonymous_5)
FNF:4
FNH:0
FNDA:0,(anonymous_2)
FNDA:0,(anonymous_3)
FNDA:0,(anonymous_4)
FNDA:0,(anonymous_5)
DA:1,1
DA:2,1
DA:3,1
DA:6,1
DA:8,1
DA:11,1
DA:13,0
DA:14,1
DA:16,0
DA:17,1
LF:10
LH:8
BRF:0
BRH:0
end_of_record
TN:
SF:src\modules\categories\entities\category.entity.ts
FN:16,(anonymous_2)
FN:16,(anonymous_3)
FN:19,(anonymous_4)
FN:19,(anonymous_5)
FNF:4
FNH:0
FNDA:0,(anonymous_2)
FNDA:0,(anonymous_3)
FNDA:0,(anonymous_4)
FNDA:0,(anonymous_5)
DA:1,1
DA:2,1
DA:3,1
DA:6,1
DA:8,1
DA:11,1
DA:14,1
DA:16,0
DA:17,1
DA:19,0
DA:20,1
LF:11
LH:9
BRF:0
BRH:0
end_of_record
TN:
SF:src\modules\customers\entities\customer.entity.ts
FN:19,(anonymous_2)
FN:19,(anonymous_3)
FNF:2
FNH:0
FNDA:0,(anonymous_2)
FNDA:0,(anonymous_3)
DA:1,1
DA:2,1
DA:5,1
DA:8,1
DA:11,1
DA:14,1
DA:17,1
DA:19,0
DA:20,1
LF:9
LH:8
BRF:0
BRH:0
end_of_record
TN:
SF:src\modules\employees\dto\employee-response.dto.ts
FN:23,(anonymous_2)
FN:27,(anonymous_3)
FNF:2
FNH:0
FNDA:0,(anonymous_2)
FNDA:0,(anonymous_3)
DA:1,1
DA:2,1
DA:3,1
DA:5,1
DA:8,1
DA:11,1
DA:14,1
DA:17,1
DA:20,1
DA:23,0
DA:24,1
DA:27,0
DA:28,1
LF:13
LH:11
BRF:0
BRH:0
end_of_record
TN:
SF:src\modules\employees\entities\employee.entity.ts
FN:5,(anonymous_2)
FN:32,(anonymous_3)
FN:32,(anonymous_4)
FN:36,(anonymous_5)
FN:36,(anonymous_6)
FNF:5
FNH:1
FNDA:1,(anonymous_2)
FNDA:0,(anonymous_3)
FNDA:0,(anonymous_4)
FNDA:0,(anonymous_5)
FNDA:0,(anonymous_6)
DA:1,1
DA:2,1
DA:3,1
DA:5,1
DA:6,1
DA:7,1
DA:12,1
DA:15,1
DA:18,1
DA:21,1
DA:24,1
DA:27,1
DA:30,1
DA:32,0
DA:34,1
DA:36,0
DA:37,1
LF:17
LH:15
BRDA:5,0,0,1
BRDA:5,0,1,1
BRF:2
BRH:2
end_of_record
TN:
SF:src\modules\flows\entities\flow.entity.ts
FN:21,(anonymous_2)
FN:21,(anonymous_3)
FN:25,(anonymous_4)
FN:25,(anonymous_5)
FNF:4
FNH:0
FNDA:0,(anonymous_2)
FNDA:0,(anonymous_3)
FNDA:0,(anonymous_4)
FNDA:0,(anonymous_5)
DA:1,1
DA:2,1
DA:3,1
DA:7,1
DA:10,1
DA:13,1
DA:16,1
DA:19,1
DA:21,0
DA:23,1
DA:25,0
DA:27,1
LF:12
LH:10
BRF:0
BRH:0
end_of_record
TN:
SF:src\modules\orders\orders.service.ts
FN:13,(anonymous_4)
FN:18,(anonymous_5)
FN:28,(anonymous_6)
FN:31,(anonymous_7)
FN:42,(anonymous_8)
FN:56,(anonymous_9)
FN:75,(anonymous_10)
FN:82,(anonymous_11)
FNF:8
FNH:7
FNDA:9,(anonymous_4)
FNDA:2,(anonymous_5)
FNDA:1,(anonymous_6)
FNDA:3,(anonymous_7)
FNDA:2,(anonymous_8)
FNDA:3,(anonymous_9)
FNDA:4,(anonymous_10)
FNDA:0,(anonymous_11)
DA:1,1
DA:2,1
DA:3,1
DA:4,1
DA:5,1
DA:6,1
DA:9,1
DA:12,1
DA:14,9
DA:15,9
DA:19,2
DA:24,2
DA:25,1
DA:28,1
DA:32,3
DA:37,3
DA:39,2
DA:43,2
DA:45,2
DA:46,1
DA:49,1
DA:50,1
DA:53,1
DA:57,3
DA:62,3
DA:64,2
DA:65,1
DA:68,1
DA:69,1
DA:71,1
DA:76,4
DA:82,0
LF:32
LH:31
BRDA:24,0,0,1
BRDA:24,0,1,1
BRDA:24,1,0,2
BRDA:24,1,1,2
BRDA:37,2,0,1
BRDA:37,2,1,2
BRDA:45,3,0,1
BRDA:45,3,1,1
BRDA:45,4,0,2
BRDA:45,4,1,2
BRDA:62,5,0,1
BRDA:62,5,1,2
BRDA:64,6,0,1
BRDA:64,6,1,1
BRF:14
BRH:14
end_of_record
TN:
SF:src\modules\orders\dto\order-response.dto.ts
FN:16,(anonymous_2)
FN:20,(anonymous_3)
FN:24,(anonymous_4)
FNF:3
FNH:3
FNDA:4,(anonymous_2)
FNDA:4,(anonymous_3)
FNDA:4,(anonymous_4)
DA:2,1
DA:3,1
DA:5,1
DA:7,1
DA:10,1
DA:13,1
DA:16,4
DA:17,1
DA:20,4
DA:21,1
DA:24,4
DA:25,1
LF:12
LH:12
BRDA:16,0,0,1
BRDA:16,0,1,3
BRDA:20,1,0,1
BRDA:20,1,1,3
BRF:4
BRH:4
end_of_record
TN:
SF:src\modules\orders\entities\order.entity.ts
FN:17,(anonymous_2)
FN:23,(anonymous_3)
FN:23,(anonymous_4)
FN:27,(anonymous_5)
FN:27,(anonymous_6)
FN:31,(anonymous_7)
FN:31,(anonymous_8)
FNF:7
FNH:0
FNDA:0,(anonymous_2)
FNDA:0,(anonymous_3)
FNDA:0,(anonymous_4)
FNDA:0,(anonymous_5)
FNDA:0,(anonymous_6)
FNDA:0,(anonymous_7)
FNDA:0,(anonymous_8)
DA:1,1
DA:2,1
DA:3,1
DA:4,1
DA:7,1
DA:9,1
DA:12,1
DA:15,1
DA:17,0
DA:18,1
DA:21,1
DA:23,0
DA:25,1
DA:27,0
DA:29,1
DA:31,0
DA:32,1
LF:17
LH:13
BRF:0
BRH:0
end_of_record
TN:
SF:src\modules\products\dto\product-response.dto.ts
FN:35,(anonymous_2)
FNF:1
FNH:1
FNDA:2,(anonymous_2)
DA:1,2
DA:3,2
DA:5,2
DA:8,2
DA:11,2
DA:14,2
DA:17,2
DA:20,2
DA:23,2
DA:26,2
DA:29,2
DA:32,2
DA:35,2
DA:36,2
LF:14
LH:14
BRDA:35,0,0,0
BRDA:35,0,1,2
BRF:2
BRH:1
end_of_record
TN:
SF:src\modules\products\entities\product.entity.ts
FN:36,(anonymous_2)
FN:36,(anonymous_3)
FN:40,(anonymous_4)
FN:40,(anonymous_5)
FN:44,(anonymous_6)
FN:44,(anonymous_7)
FN:48,(anonymous_8)
FN:48,(anonymous_9)
FNF:8
FNH:0
FNDA:0,(anonymous_2)
FNDA:0,(anonymous_3)
FNDA:0,(anonymous_4)
FNDA:0,(anonymous_5)
FNDA:0,(anonymous_6)
FNDA:0,(anonymous_7)
FNDA:0,(anonymous_8)
FNDA:0,(anonymous_9)
DA:1,1
DA:2,1
DA:3,1
DA:4,1
DA:5,1
DA:8,1
DA:10,1
DA:13,1
DA:16,1
DA:19,1
DA:22,1
DA:25,1
DA:28,1
DA:31,1
DA:34,1
DA:36,0
DA:38,1
DA:40,0
DA:42,1
DA:44,0
DA:46,1
DA:48,0
DA:49,1
LF:23
LH:19
BRF:0
BRH:0
end_of_record
TN:
SF:src\modules\roles\dto\role-response.dto.ts
FN:16,(anonymous_2)
FNF:1
FNH:0
FNDA:0,(anonymous_2)
DA:1,1
DA:2,1
DA:4,1
DA:7,1
DA:10,1
DA:13,1
DA:16,0
DA:17,1
LF:8
LH:7
BRF:0
BRH:0
end_of_record
TN:
SF:src\modules\roles\entities\role.entity.ts
FN:22,(anonymous_2)
FN:22,(anonymous_3)
FN:29,(anonymous_4)
FN:29,(anonymous_5)
FN:32,(anonymous_6)
FN:32,(anonymous_7)
FNF:6
FNH:0
FNDA:0,(anonymous_2)
FNDA:0,(anonymous_3)
FNDA:0,(anonymous_4)
FNDA:0,(anonymous_5)
FNDA:0,(anonymous_6)
FNDA:0,(anonymous_7)
DA:1,1
DA:2,1
DA:3,1
DA:4,1
DA:8,1
DA:11,1
DA:14,1
DA:17,1
DA:20,1
DA:22,0
DA:27,1
DA:29,0
DA:30,1
DA:32,0
DA:33,1
LF:15
LH:12
BRF:0
BRH:0
end_of_record
TN:
SF:src\modules\tasks\tasks.service.ts
FN:8,(anonymous_4)
FN:26,(anonymous_6)
FN:38,(anonymous_7)
FN:50,(anonymous_8)
FN:60,(anonymous_9)
FN:80,(anonymous_10)
FN:103,(anonymous_11)
FN:118,(anonymous_12)
FN:135,(anonymous_13)
FN:155,(anonymous_14)
FN:163,(anonymous_15)
FN:171,(anonymous_16)
FN:182,(anonymous_17)
FN:193,(anonymous_18)
FN:208,(anonymous_19)
FN:210,(anonymous_20)
FN:220,(anonymous_21)
FN:226,(anonymous_22)
FN:236,(anonymous_23)
FN:246,(anonymous_24)
FN:256,(anonymous_25)
FN:270,(anonymous_26)
FN:276,(anonymous_27)
FN:284,(anonymous_28)
FN:294,(anonymous_29)
FN:301,(anonymous_30)
FN:304,(anonymous_31)
FNF:27
FNH:19
FNDA:1,(anonymous_4)
FNDA:2,(anonymous_6)
FNDA:2,(anonymous_7)
FNDA:0,(anonymous_8)
FNDA:0,(anonymous_9)
FNDA:2,(anonymous_10)
FNDA:2,(anonymous_11)
FNDA:4,(anonymous_12)
FNDA:3,(anonymous_13)
FNDA:2,(anonymous_14)
FNDA:2,(anonymous_15)
FNDA:0,(anonymous_16)
FNDA:0,(anonymous_17)
FNDA:0,(anonymous_18)
FNDA:0,(anonymous_19)
FNDA:0,(anonymous_20)
FNDA:7,(anonymous_21)
FNDA:3,(anonymous_22)
FNDA:3,(anonymous_23)
FNDA:2,(anonymous_24)
FNDA:2,(anonymous_25)
FNDA:9,(anonymous_26)
FNDA:9,(anonymous_27)
FNDA:4,(anonymous_28)
FNDA:0,(anonymous_29)
FNDA:1,(anonymous_30)
FNDA:1,(anonymous_31)
DA:1,1
DA:2,1
DA:3,1
DA:4,1
DA:5,1
DA:6,1
DA:8,1
DA:9,1
DA:10,1
DA:11,1
DA:15,1
DA:18,17
DA:19,17
DA:27,2
DA:31,2
DA:32,1
DA:35,1
DA:39,2
DA:43,2
DA:44,1
DA:47,1
DA:51,0
DA:57,0
DA:59,0
DA:61,0
DA:66,0
DA:73,0
DA:86,2
DA:93,2
DA:94,1
DA:99,1
DA:100,1
DA:104,2
DA:106,2
DA:107,1
DA:110,1
DA:111,1
DA:119,4
DA:121,4
DA:122,3
DA:123,2
DA:125,1
DA:126,1
DA:128,1
DA:130,1
DA:132,1
DA:136,3
DA:138,3
DA:139,3
DA:141,1
DA:142,1
DA:144,1
DA:146,1
DA:148,1
DA:156,2
DA:158,2
DA:159,0
DA:164,2
DA:168,2
DA:170,0
DA:171,0
DA:174,0
DA:183,0
DA:190,0
DA:192,0
DA:193,0
DA:196,0
DA:210,0
DA:213,0
DA:214,0
DA:217,0
DA:221,7
DA:222,1
DA:227,3
DA:228,1
DA:231,2
DA:232,0
DA:237,3
DA:238,1
DA:241,2
DA:242,1
DA:247,2
DA:249,2
DA:250,1
DA:260,2
DA:262,1
DA:271,9
DA:277,9
DA:278,0
DA:280,9
DA:285,4
DA:295,0
DA:302,1
DA:305,1
LF:94
LH:72
BRDA:8,0,0,1
BRDA:8,0,1,1
BRDA:31,1,0,1
BRDA:31,1,1,1
BRDA:43,2,0,1
BRDA:43,2,1,1
BRDA:57,3,0,0
BRDA:57,3,1,0
BRDA:68,4,0,0
BRDA:68,4,1,0
BRDA:93,5,0,1
BRDA:93,5,1,1
BRDA:106,6,0,1
BRDA:106,6,1,1
BRDA:158,7,0,0
BRDA:158,7,1,2
BRDA:168,8,0,2
BRDA:168,8,1,0
BRDA:190,9,0,0
BRDA:190,9,1,0
BRDA:210,10,0,0
BRDA:210,10,1,0
BRDA:213,11,0,0
BRDA:213,11,1,0
BRDA:213,12,0,0
BRDA:213,12,1,0
BRDA:221,13,0,1
BRDA:221,13,1,6
BRDA:227,14,0,1
BRDA:227,14,1,2
BRDA:231,15,0,0
BRDA:231,15,1,2
BRDA:237,16,0,1
BRDA:237,16,1,2
BRDA:241,17,0,1
BRDA:241,17,1,1
BRDA:249,18,0,1
BRDA:249,18,1,1
BRDA:249,19,0,2
BRDA:249,19,1,1
BRDA:260,20,0,1
BRDA:260,20,1,1
BRDA:277,21,0,0
BRDA:277,21,1,9
BRF:44
BRH:28
end_of_record
TN:
SF:src\modules\tasks\dto\task-response.dto.ts
FN:34,(anonymous_2)
FN:38,(anonymous_3)
FN:42,(anonymous_4)
FN:46,(anonymous_5)
FNF:4
FNH:4
FNDA:4,(anonymous_2)
FNDA:4,(anonymous_3)
FNDA:4,(anonymous_4)
FNDA:4,(anonymous_5)
DA:1,1
DA:2,1
DA:3,1
DA:4,1
DA:5,1
DA:8,1
DA:10,1
DA:13,1
DA:16,1
DA:19,1
DA:22,1
DA:25,1
DA:28,1
DA:31,1
DA:34,4
DA:35,1
DA:38,4
DA:39,1
DA:42,4
DA:43,1
DA:46,4
DA:47,1
LF:22
LH:22
BRF:0
BRH:0
end_of_record
TN:
SF:src\modules\tasks\entities\task.entity.ts
FN:34,(anonymous_2)
FN:34,(anonymous_3)
FN:38,(anonymous_4)
FN:38,(anonymous_5)
FN:44,(anonymous_6)
FN:44,(anonymous_7)
FN:48,(anonymous_8)
FN:48,(anonymous_9)
FNF:8
FNH:0
FNDA:0,(anonymous_2)
FNDA:0,(anonymous_3)
FNDA:0,(anonymous_4)
FNDA:0,(anonymous_5)
FNDA:0,(anonymous_6)
FNDA:0,(anonymous_7)
FNDA:0,(anonymous_8)
FNDA:0,(anonymous_9)
DA:1,1
DA:2,1
DA:3,1
DA:4,1
DA:5,1
DA:9,1
DA:11,1
DA:14,1
DA:17,1
DA:20,1
DA:23,1
DA:26,1
DA:29,1
DA:32,1
DA:34,0
DA:36,1
DA:38,0
DA:42,1
DA:44,0
DA:46,1
DA:48,0
DA:50,1
LF:22
LH:18
BRF:0
BRH:0
end_of_record
